Log file open, 04/19/18 12:44:10
LogWindows: Failed to load 'aqProf.dll' (GetLastError=126)
LogWindows: File 'aqProf.dll' does not exist
LogWindows: Failed to load 'VSPerf140.dll' (GetLastError=126)
LogWindows: File 'VSPerf140.dll' does not exist
LogWindows: Failed to load 'VtuneApi.dll' (GetLastError=126)
LogWindows: File 'VtuneApi.dll' does not exist
LogWindows: Failed to load 'VtuneApi32e.dll' (GetLastError=126)
LogWindows: File 'VtuneApi32e.dll' does not exist
LogInit: Display: Running engine for game: ExcapeFromRoom2
LogPlatformFile: Not using cached read wrapper
LogInit: Display: RandInit(-804483325) SRandInit(-804483325).
LogInit: Read version file with build ID '3944462'
LogInit: Overriding engine version to CL 3944462, compatible CL 3944462
LogInit: Registered custom module enumerator with build ID '3944462'
LogTaskGraph: Started task graph with 5 named threads and 35 total threads with 3 sets of task threads.
LogStats: Stats thread started at 0.402450
LogD3D11RHI: Aftermath initialized
LogICUInternationalization: Display: ICU TimeZone Detection - Raw Offset: -9:00, Platform Override: ''
LogPluginManager: Mounting plugin Paper2D
LogPluginManager: Mounting plugin LiveLink
LogPluginManager: Mounting plugin LightPropagationVolume
LogPluginManager: Mounting plugin CLionSourceCodeAccess
LogPluginManager: Mounting plugin CodeLiteSourceCodeAccess
LogPluginManager: Mounting plugin GitSourceControl
LogPluginManager: Mounting plugin KDevelopSourceCodeAccess
LogPluginManager: Mounting plugin NullSourceCodeAccess
LogPluginManager: Mounting plugin PerforceSourceControl
LogPluginManager: Mounting plugin SubversionSourceControl
LogPluginManager: Mounting plugin UObjectPlugin
LogPluginManager: Mounting plugin VisualStudioCodeSourceCodeAccess
LogPluginManager: Mounting plugin VisualStudioSourceCodeAccess
LogPluginManager: Mounting plugin XCodeSourceCodeAccess
LogPluginManager: Mounting plugin AssetManagerEditor
LogPluginManager: Mounting plugin CryptoKeys
LogPluginManager: Mounting plugin DataValidation
LogPluginManager: Mounting plugin FacialAnimation
LogPluginManager: Mounting plugin GameplayTagsEditor
LogPluginManager: Mounting plugin MobileLauncherProfileWizard
LogPluginManager: Mounting plugin PluginBrowser
LogPluginManager: Mounting plugin SpeedTreeImporter
LogPluginManager: Mounting plugin DatasmithContent
LogPluginManager: Mounting plugin AlembicImporter
LogPluginManager: Mounting plugin CharacterAI
LogPluginManager: Mounting plugin HTML5Networking
LogPluginManager: Mounting plugin AndroidMedia
LogPluginManager: Mounting plugin AvfMedia
LogPluginManager: Mounting plugin ImgMedia
LogPluginManager: Mounting plugin LinearTimecode
LogPluginManager: Mounting plugin MediaCompositing
LogPluginManager: Mounting plugin MediaPlayerEditor
LogPluginManager: Mounting plugin WmfMedia
LogPluginManager: Mounting plugin TcpMessaging
LogPluginManager: Mounting plugin UdpMessaging
LogPluginManager: Mounting plugin ActorSequence
LogPluginManager: Mounting plugin LevelSequenceEditor
LogPluginManager: Mounting plugin MatineeToLevelSequence
LogPluginManager: Mounting plugin NetcodeUnitTest
LogPluginManager: Mounting plugin NUTUnrealEngine4
LogPluginManager: Mounting plugin OnlineSubsystemGooglePlay
LogPluginManager: Mounting plugin OnlineSubsystemIOS
LogPluginManager: Mounting plugin OnlineSubsystem
LogPluginManager: Mounting plugin OnlineSubsystemNull
LogPluginManager: Mounting plugin OnlineSubsystemUtils
LogPluginManager: Mounting plugin AndroidDeviceProfileSelector
LogPluginManager: Mounting plugin AndroidMoviePlayer
LogPluginManager: Mounting plugin AndroidPermission
LogPluginManager: Mounting plugin AppleARKit
LogPluginManager: Mounting plugin AppleMoviePlayer
LogPluginManager: Mounting plugin ArchVisCharacter
LogPluginManager: Mounting plugin AudioCapture
LogPluginManager: Mounting plugin CableComponent
LogPluginManager: Mounting plugin CustomMeshComponent
LogPluginManager: Mounting plugin ExampleDeviceProfileSelector
LogPluginManager: Mounting plugin GoogleCloudMessaging
LogPluginManager: Mounting plugin ImmediatePhysics
LogPluginManager: Mounting plugin IOSDeviceProfileSelector
LogPluginManager: Mounting plugin LinuxDeviceProfileSelector
LogPluginManager: Mounting plugin LocationServicesBPLibrary
LogPluginManager: Mounting plugin MobilePatchingUtils
LogPluginManager: Mounting plugin OculusVR
LogPluginManager: Plugin shader directory ../../../Engine/Plugins/Runtime/Oculus/OculusVR/Shaders found
LogPluginManager: Mapping shader source directory ../../../Engine/Plugins/Runtime/Oculus/OculusVR/Shaders to virtual directory /Plugin/OculusVR
LogPluginManager: Mounting plugin PhysXVehicles
LogPluginManager: Mounting plugin ProceduralMeshComponent
LogPluginManager: Mounting plugin RuntimePhysXCooking
LogPluginManager: Mounting plugin SteamVR
LogPluginManager: Mounting plugin WindowsMoviePlayer
LogStreaming: Display: Took  0.118s to configure plugins.
LogModuleManager: Display: Found up-to-date module file ../../../../../../Users/dpony/Documents/Unreal Projects/Unreal-Tutorials-1/ExcapeFromRoom2/Binaries/Win64/UE4Editor-ExcapeFromRoom2-3348.dll (API version 3944462).
LogModuleManager: Display: Found up-to-date module file ../../../Engine/Plugins/2D/Paper2D/Binaries/Win64/UE4Editor-Paper2D.dll (API version 3944462).
LogModuleManager: Display: Found up-to-date module file ../../../Engine/Plugins/2D/Paper2D/Binaries/Win64/UE4Editor-Paper2DEditor.dll (API version 3944462).
LogModuleManager: Display: Found up-to-date module file ../../../Engine/Plugins/2D/Paper2D/Binaries/Win64/UE4Editor-PaperSpriteSheetImporter.dll (API version 3944462).
LogModuleManager: Display: Found up-to-date module file ../../../Engine/Plugins/2D/Paper2D/Binaries/Win64/UE4Editor-PaperTiledImporter.dll (API version 3944462).
LogModuleManager: Display: Found up-to-date module file ../../../Engine/Plugins/2D/Paper2D/Binaries/Win64/UE4Editor-SmartSnapping.dll (API version 3944462).
LogModuleManager: Display: Found up-to-date module file ../../../Engine/Plugins/Animation/LiveLink/Binaries/Win64/UE4Editor-LiveLink.dll (API version 3944462).
LogModuleManager: Display: Found up-to-date module file ../../../Engine/Plugins/Animation/LiveLink/Binaries/Win64/UE4Editor-LiveLinkEditor.dll (API version 3944462).
LogModuleManager: Display: Found up-to-date module file ../../../Engine/Plugins/Blendables/LightPropagationVolume/Binaries/Win64/UE4Editor-LightPropagationVolumeRuntime.dll (API version 3944462).
LogModuleManager: Display: Found up-to-date module file ../../../Engine/Plugins/Blendables/LightPropagationVolume/Binaries/Win64/UE4Editor-LightPropagationVolumeEditor.dll (API version 3944462).
LogModuleManager: Display: Found up-to-date module file ../../../Engine/Plugins/Developer/CLionSourceCodeAccess/Binaries/Win64/UE4Editor-CLionSourceCodeAccess.dll (API version 3944462).
LogModuleManager: Display: Found up-to-date module file ../../../Engine/Plugins/Developer/GitSourceControl/Binaries/Win64/UE4Editor-GitSourceControl.dll (API version 3944462).
LogModuleManager: Display: Found up-to-date module file ../../../Engine/Plugins/Developer/PerforceSourceControl/Binaries/Win64/UE4Editor-PerforceSourceControl.dll (API version 3944462).
LogModuleManager: Display: Found up-to-date module file ../../../Engine/Plugins/Developer/SubversionSourceControl/Binaries/Win64/UE4Editor-SubversionSourceControl.dll (API version 3944462).
LogModuleManager: Display: Found up-to-date module file ../../../Engine/Plugins/Developer/UObjectPlugin/Binaries/Win64/UE4Editor-UObjectPlugin.dll (API version 3944462).
LogModuleManager: Display: Found up-to-date module file ../../../Engine/Plugins/Developer/VisualStudioCodeSourceCodeAccess/Binaries/Win64/UE4Editor-VisualStudioCodeSourceCodeAccess.dll (API version 3944462).
LogModuleManager: Display: Found up-to-date module file ../../../Engine/Plugins/Developer/VisualStudioSourceCodeAccess/Binaries/Win64/UE4Editor-VisualStudioSourceCodeAccess.dll (API version 3944462).
LogModuleManager: Display: Found up-to-date module file ../../../Engine/Plugins/Editor/AssetManagerEditor/Binaries/Win64/UE4Editor-AssetManagerEditor.dll (API version 3944462).
LogModuleManager: Display: Found up-to-date module file ../../../Engine/Plugins/Editor/CryptoKeys/Binaries/Win64/UE4Editor-CryptoKeys.dll (API version 3944462).
LogModuleManager: Display: Found up-to-date module file ../../../Engine/Plugins/Editor/CryptoKeys/Binaries/Win64/UE4Editor-CryptoKeysOpenSSL.dll (API version 3944462).
LogModuleManager: Display: Found up-to-date module file ../../../Engine/Plugins/Editor/DataValidation/Binaries/Win64/UE4Editor-DataValidation.dll (API version 3944462).
LogModuleManager: Display: Found up-to-date module file ../../../Engine/Plugins/Editor/FacialAnimation/Binaries/Win64/UE4Editor-FacialAnimation.dll (API version 3944462).
LogModuleManager: Display: Found up-to-date module file ../../../Engine/Plugins/Editor/FacialAnimation/Binaries/Win64/UE4Editor-FacialAnimationEditor.dll (API version 3944462).
LogModuleManager: Display: Found up-to-date module file ../../../Engine/Plugins/Editor/GameplayTagsEditor/Binaries/Win64/UE4Editor-GameplayTagsEditor.dll (API version 3944462).
LogModuleManager: Display: Found up-to-date module file ../../../Engine/Plugins/Editor/MobileLauncherProfileWizard/Binaries/Win64/UE4Editor-MobileLauncherProfileWizard.dll (API version 3944462).
LogModuleManager: Display: Found up-to-date module file ../../../Engine/Plugins/Editor/PluginBrowser/Binaries/Win64/UE4Editor-PluginBrowser.dll (API version 3944462).
LogModuleManager: Display: Found up-to-date module file ../../../Engine/Plugins/Editor/SpeedTreeImporter/Binaries/Win64/UE4Editor-SpeedTreeImporter.dll (API version 3944462).
LogModuleManager: Display: Found up-to-date module file ../../../Engine/Plugins/Enterprise/DatasmithContent/Binaries/Win64/UE4Editor-DatasmithContent.dll (API version 3944462).
LogModuleManager: Display: Found up-to-date module file ../../../Engine/Plugins/Experimental/AlembicImporter/Binaries/Win64/UE4Editor-AlembicImporter.dll (API version 3944462).
LogModuleManager: Display: Found up-to-date module file ../../../Engine/Plugins/Experimental/AlembicImporter/Binaries/Win64/UE4Editor-AlembicLibrary.dll (API version 3944462).
LogModuleManager: Display: Found up-to-date module file ../../../Engine/Plugins/Experimental/CharacterAI/Binaries/Win64/UE4Editor-CharacterAI.dll (API version 3944462).
LogModuleManager: Display: Found up-to-date module file ../../../Engine/Plugins/Experimental/HTML5Networking/Binaries/Win64/UE4Editor-HTML5Networking.dll (API version 3944462).
LogModuleManager: Display: Found up-to-date module file ../../../Engine/Plugins/Media/AndroidMedia/Binaries/Win64/UE4Editor-AndroidMediaEditor.dll (API version 3944462).
LogModuleManager: Display: Found up-to-date module file ../../../Engine/Plugins/Media/AndroidMedia/Binaries/Win64/UE4Editor-AndroidMediaFactory.dll (API version 3944462).
LogModuleManager: Display: Found up-to-date module file ../../../Engine/Plugins/Media/AvfMedia/Binaries/Win64/UE4Editor-AvfMediaEditor.dll (API version 3944462).
LogModuleManager: Display: Found up-to-date module file ../../../Engine/Plugins/Media/AvfMedia/Binaries/Win64/UE4Editor-AvfMediaFactory.dll (API version 3944462).
LogModuleManager: Display: Found up-to-date module file ../../../Engine/Plugins/Media/AvfMedia/Binaries/Win64/UE4Editor-AvfMediaFactory.dll (API version 3944462).
LogModuleManager: Display: Found up-to-date module file ../../../Engine/Plugins/Media/ImgMedia/Binaries/Win64/UE4Editor-ImgMedia.dll (API version 3944462).
LogModuleManager: Display: Found up-to-date module file ../../../Engine/Plugins/Media/ImgMedia/Binaries/Win64/UE4Editor-ImgMediaEditor.dll (API version 3944462).
LogModuleManager: Display: Found up-to-date module file ../../../Engine/Plugins/Media/ImgMedia/Binaries/Win64/UE4Editor-ImgMediaFactory.dll (API version 3944462).
LogModuleManager: Display: Found up-to-date module file ../../../Engine/Plugins/Media/ImgMedia/Binaries/Win64/UE4Editor-ImgMediaFactory.dll (API version 3944462).
LogModuleManager: Display: Found up-to-date module file ../../../Engine/Plugins/Media/ImgMedia/Binaries/Win64/UE4Editor-OpenExrWrapper.dll (API version 3944462).
LogModuleManager: Display: Found up-to-date module file ../../../Engine/Plugins/Media/LinearTimecode/Binaries/Win64/UE4Editor-LinearTimecode.dll (API version 3944462).
LogModuleManager: Display: Found up-to-date module file ../../../Engine/Plugins/Media/MediaCompositing/Binaries/Win64/UE4Editor-MediaCompositing.dll (API version 3944462).
LogModuleManager: Display: Found up-to-date module file ../../../Engine/Plugins/Media/MediaCompositing/Binaries/Win64/UE4Editor-MediaCompositingEditor.dll (API version 3944462).
LogModuleManager: Display: Found up-to-date module file ../../../Engine/Plugins/Media/MediaPlayerEditor/Binaries/Win64/UE4Editor-MediaPlayerEditor.dll (API version 3944462).
LogModuleManager: Display: Found up-to-date module file ../../../Engine/Plugins/Media/WmfMedia/Binaries/Win64/UE4Editor-WmfMedia.dll (API version 3944462).
LogModuleManager: Display: Found up-to-date module file ../../../Engine/Plugins/Media/WmfMedia/Binaries/Win64/UE4Editor-WmfMediaEditor.dll (API version 3944462).
LogModuleManager: Display: Found up-to-date module file ../../../Engine/Plugins/Media/WmfMedia/Binaries/Win64/UE4Editor-WmfMediaFactory.dll (API version 3944462).
LogModuleManager: Display: Found up-to-date module file ../../../Engine/Plugins/Media/WmfMedia/Binaries/Win64/UE4Editor-WmfMediaFactory.dll (API version 3944462).
LogModuleManager: Display: Found up-to-date module file ../../../Engine/Plugins/Messaging/TcpMessaging/Binaries/Win64/UE4Editor-TcpMessaging.dll (API version 3944462).
LogModuleManager: Display: Found up-to-date module file ../../../Engine/Plugins/Messaging/UdpMessaging/Binaries/Win64/UE4Editor-UdpMessaging.dll (API version 3944462).
LogModuleManager: Display: Found up-to-date module file ../../../Engine/Plugins/MovieScene/ActorSequence/Binaries/Win64/UE4Editor-ActorSequence.dll (API version 3944462).
LogModuleManager: Display: Found up-to-date module file ../../../Engine/Plugins/MovieScene/LevelSequenceEditor/Binaries/Win64/UE4Editor-LevelSequenceEditor.dll (API version 3944462).
LogModuleManager: Display: Found up-to-date module file ../../../Engine/Plugins/MovieScene/MatineeToLevelSequence/Binaries/Win64/UE4Editor-MatineeToLevelSequence.dll (API version 3944462).
LogModuleManager: Display: Found up-to-date module file ../../../Engine/Plugins/NetcodeUnitTest/NetcodeUnitTest/Binaries/Win64/UE4Editor-NetcodeUnitTest.dll (API version 3944462).
LogModuleManager: Display: Found up-to-date module file ../../../Engine/Plugins/NetcodeUnitTest/NUTUnrealEngine4/Binaries/Win64/UE4Editor-NUTUnrealEngine4.dll (API version 3944462).
LogModuleManager: Display: Found up-to-date module file ../../../Engine/Plugins/Online/OnlineSubsystem/Binaries/Win64/UE4Editor-OnlineSubsystem.dll (API version 3944462).
LogModuleManager: Display: Found up-to-date module file ../../../Engine/Plugins/Online/OnlineSubsystemNull/Binaries/Win64/UE4Editor-OnlineSubsystemNull.dll (API version 3944462).
LogModuleManager: Display: Found up-to-date module file ../../../Engine/Plugins/Online/OnlineSubsystemUtils/Binaries/Win64/UE4Editor-OnlineSubsystemUtils.dll (API version 3944462).
LogModuleManager: Display: Found up-to-date module file ../../../Engine/Plugins/Online/OnlineSubsystemUtils/Binaries/Win64/UE4Editor-OnlineBlueprintSupport.dll (API version 3944462).
LogModuleManager: Display: Found up-to-date module file ../../../Engine/Plugins/Runtime/AndroidDeviceProfileSelector/Binaries/Win64/UE4Editor-AndroidDeviceProfileSelector.dll (API version 3944462).
LogModuleManager: Display: Found up-to-date module file ../../../Engine/Plugins/Runtime/AndroidPermission/Binaries/Win64/UE4Editor-AndroidPermission.dll (API version 3944462).
LogModuleManager: Display: Found up-to-date module file ../../../Engine/Plugins/Runtime/AppleARKit/Binaries/Win64/UE4Editor-AppleARKit.dll (API version 3944462).
LogModuleManager: Display: Found up-to-date module file ../../../Engine/Plugins/Runtime/ArchVisCharacter/Binaries/Win64/UE4Editor-ArchVisCharacter.dll (API version 3944462).
LogModuleManager: Display: Found up-to-date module file ../../../Engine/Plugins/Runtime/AudioCapture/Binaries/Win64/UE4Editor-AudioCapture.dll (API version 3944462).
LogModuleManager: Display: Found up-to-date module file ../../../Engine/Plugins/Runtime/AudioCapture/Binaries/Win64/UE4Editor-AudioCaptureEditor.dll (API version 3944462).
LogModuleManager: Display: Found up-to-date module file ../../../Engine/Plugins/Runtime/CableComponent/Binaries/Win64/UE4Editor-CableComponent.dll (API version 3944462).
LogModuleManager: Display: Found up-to-date module file ../../../Engine/Plugins/Runtime/CustomMeshComponent/Binaries/Win64/UE4Editor-CustomMeshComponent.dll (API version 3944462).
LogModuleManager: Display: Found up-to-date module file ../../../Engine/Plugins/Runtime/ExampleDeviceProfileSelector/Binaries/Win64/UE4Editor-ExampleDeviceProfileSelector.dll (API version 3944462).
LogModuleManager: Display: Found up-to-date module file ../../../Engine/Plugins/Runtime/ImmediatePhysics/Binaries/Win64/UE4Editor-ImmediatePhysics.dll (API version 3944462).
LogModuleManager: Display: Found up-to-date module file ../../../Engine/Plugins/Runtime/ImmediatePhysics/Binaries/Win64/UE4Editor-ImmediatePhysicsEditor.dll (API version 3944462).
LogModuleManager: Display: Found up-to-date module file ../../../Engine/Plugins/Runtime/LocationServicesBPLibrary/Binaries/Win64/UE4Editor-LocationServicesBPLibrary.dll (API version 3944462).
LogModuleManager: Display: Found up-to-date module file ../../../Engine/Plugins/Runtime/MobilePatchingUtils/Binaries/Win64/UE4Editor-MobilePatchingUtils.dll (API version 3944462).
LogModuleManager: Display: Found up-to-date module file ../../../Engine/Plugins/Runtime/Oculus/OculusVR/Binaries/Win64/UE4Editor-OculusHMD.dll (API version 3944462).
LogModuleManager: Display: Found up-to-date module file ../../../Engine/Plugins/Runtime/Oculus/OculusVR/Binaries/Win64/UE4Editor-OculusInput.dll (API version 3944462).
LogModuleManager: Display: Found up-to-date module file ../../../Engine/Plugins/Runtime/Oculus/OculusVR/Binaries/Win64/UE4Editor-OculusEditor.dll (API version 3944462).
LogModuleManager: Display: Found up-to-date module file ../../../Engine/Plugins/Runtime/PhysXVehicles/Binaries/Win64/UE4Editor-PhysXVehicles.dll (API version 3944462).
LogModuleManager: Display: Found up-to-date module file ../../../Engine/Plugins/Runtime/PhysXVehicles/Binaries/Win64/UE4Editor-PhysXVehiclesEditor.dll (API version 3944462).
LogModuleManager: Display: Found up-to-date module file ../../../Engine/Plugins/Runtime/ProceduralMeshComponent/Binaries/Win64/UE4Editor-ProceduralMeshComponent.dll (API version 3944462).
LogModuleManager: Display: Found up-to-date module file ../../../Engine/Plugins/Runtime/ProceduralMeshComponent/Binaries/Win64/UE4Editor-ProceduralMeshComponentEditor.dll (API version 3944462).
LogModuleManager: Display: Found up-to-date module file ../../../Engine/Plugins/Runtime/RuntimePhysXCooking/Binaries/Win64/UE4Editor-RuntimePhysXCooking.dll (API version 3944462).
LogModuleManager: Display: Found up-to-date module file ../../../Engine/Plugins/Runtime/Steam/SteamVR/Binaries/Win64/UE4Editor-SteamVR.dll (API version 3944462).
LogModuleManager: Display: Found up-to-date module file ../../../Engine/Plugins/Runtime/Steam/SteamVR/Binaries/Win64/UE4Editor-SteamVRController.dll (API version 3944462).
LogModuleManager: Display: Found up-to-date module file ../../../Engine/Plugins/Runtime/WindowsMoviePlayer/Binaries/Win64/UE4Editor-WindowsMoviePlayer.dll (API version 3944462).
LogInit: Using libcurl 7.47.1
LogInit:  - built for x86_64-pc-win32
LogInit:  - supports SSL with OpenSSL/1.0.2g
LogInit:  - supports HTTP deflate (compression) using libz 1.2.8
LogInit:  - other features:
LogInit:      CURL_VERSION_SSL
LogInit:      CURL_VERSION_LIBZ
LogInit:      CURL_VERSION_IPV6
LogInit:      CURL_VERSION_ASYNCHDNS
LogInit:      CURL_VERSION_LARGEFILE
LogInit:      CURL_VERSION_IDN
LogInit:  CurlRequestOptions (configurable via config and command line):
LogInit:  - bVerifyPeer = false  - Libcurl will NOT verify peer certificate
LogInit:  - bUseHttpProxy = false  - Libcurl will NOT use HTTP proxy
LogInit:  - bDontReuseConnections = false  - Libcurl will reuse connections
LogInit:  - CertBundlePath = nullptr  - Libcurl will use whatever was configured at build time.
LogInit:  - MaxHostConnections = 16  - Libcurl will limit the number of connections to a host
LogInit:  - LocalHostAddr = Default
LogInit: WinSock: version 1.1 (2.2), MaxSocks=32767, MaxUdp=65467
LogInit: WinSock: I am DESKTOP-LSPO5S8 (192.168.0.105:0)
LogInit: Build: ++UE4+Release-4.19-CL-3944462
LogInit: Engine Version: 4.19.0-3944462+++UE4+Release-4.19
LogInit: Compatible Engine Version: 4.19.0-3944462+++UE4+Release-4.19
LogInit: Net CL: 3944462
LogDevObjectVersion: Number of dev versions registered: 18
LogDevObjectVersion:   Dev-Blueprints (B0D832E4-1F89-4F0D-ACCF-7EB736FD4AA2): 10
LogDevObjectVersion:   Dev-Build (E1C64328-A22C-4D53-A36C-8E866417BD8C): 0
LogDevObjectVersion:   Dev-Core (375EC13C-06E4-48FB-B500-84F0262A717E): 2
LogDevObjectVersion:   Dev-Editor (E4B068ED-F494-42E9-A231-DA0B2E46BB41): 23
LogDevObjectVersion:   Dev-Framework (CFFC743F-43B0-4480-9391-14DF171D2073): 33
LogDevObjectVersion:   Dev-Mobile (B02B49B5-BB20-44E9-A304-32B752E40360): 2
LogDevObjectVersion:   Dev-Networking (A4E4105C-59A1-49B5-A7C5-40C4547EDFEE): 0
LogDevObjectVersion:   Dev-Online (39C831C9-5AE6-47DC-9A44-9C173E1C8E7C): 0
LogDevObjectVersion:   Dev-Physics (78F01B33-EBEA-4F98-B9B4-84EACCB95AA2): 0
LogDevObjectVersion:   Dev-Platform (6631380F-2D4D-43E0-8009-CF276956A95A): 0
LogDevObjectVersion:   Dev-Rendering (12F88B9F-8875-4AFC-A67C-D90C383ABD29): 25
LogDevObjectVersion:   Dev-Sequencer (7B5AE74C-D270-4C10-A958-57980B212A5A): 6
LogDevObjectVersion:   Dev-VR (D7296918-1DD6-4BDD-9DE2-64A83CC13884): 1
LogDevObjectVersion:   Dev-LoadTimes (C2A15278-BFE7-4AFE-6C17-90FF531DF755): 1
LogDevObjectVersion:   Private-Geometry (6EACA3D4-40EC-4CC1-B786-8BED09428FC5): 2
LogDevObjectVersion:   Dev-AnimPhys (29E575DD-E0A3-4627-9D10-D276232CDCEA): 16
LogDevObjectVersion:   Dev-ReflectionCapture (6B266CEC-1EC7-4B8F-A30B-E4D90942FC07): 1
LogDevObjectVersion:   Dev-Automation (0DF73D61-A23F-47EA-B727-89E90C41499A): 1
LogInit: Compiled (64-bit): Mar 13 2018 23:12:32
LogInit: Compiled with Visual C++: 19.00.24215.01
LogInit: Build Configuration: Development
LogInit: Branch Name: ++UE4+Release-4.19
LogInit: Command Line: -EpicPortal 
LogInit: Base Directory: C:/Program Files/Epic Games/UE_4.19/Engine/Binaries/Win64/
LogInit: Installed Engine Build: 1
LogStreaming: Display: Took  0.001s to delete old logs.
LogInit: Presizing for max 8388607 objects, including 0 objects not considered by GC, pre-allocating 0 bytes for permanent pool.
LogInit: Object subsystem initialized
[2018.04.19-20.44.12:236][  0]LogInit: Selected Device Profile: [Windows]
[2018.04.19-20.44.12:236][  0]LogInit: Applying CVar settings loaded from the selected device profile: [Windows]
[2018.04.19-20.44.12:258][  0]LogInit: Computer: DESKTOP-LSPO5S8
[2018.04.19-20.44.12:258][  0]LogInit: User: dpony
[2018.04.19-20.44.12:258][  0]LogInit: CPU Page size=4096, Cores=6
[2018.04.19-20.44.12:258][  0]LogInit: High frequency timer resolution =3.221718 MHz
[2018.04.19-20.44.12:258][  0]LogMemory: Memory total: Physical=15.9GB (16GB approx)
[2018.04.19-20.44.12:258][  0]LogMemory: Platform Memory Stats for Windows
[2018.04.19-20.44.12:258][  0]LogMemory: Process Physical Memory: 277.68 MB used, 277.68 MB peak
[2018.04.19-20.44.12:258][  0]LogMemory: Process Virtual Memory: 271.50 MB used, 271.50 MB peak
[2018.04.19-20.44.12:258][  0]LogMemory: Physical Memory: 7027.20 MB used,  9277.23 MB free, 16304.43 MB total
[2018.04.19-20.44.12:258][  0]LogMemory: Virtual Memory: 718.84 MB used,  9277.23 MB free, 134217728.00 MB total
[2018.04.19-20.44.12:281][  0]LogInit: Using OS detected language (en-US).
[2018.04.19-20.44.12:281][  0]LogInit: Using OS detected locale (en-US).
[2018.04.19-20.44.12:285][  0]LogTextLocalizationManager: No specific localization for 'en-US' exists, so the 'en' localization will be used.
[2018.04.19-20.44.12:725][  0]LogStreaming: Display: Took  0.444s to EndInitTextLocalization.
[2018.04.19-20.44.12:725][  0]LogInit: Setting process to per monitor DPI aware
[2018.04.19-20.44.12:758][  0]LogSlate: New Slate User Created.  User Index 0, Is Virtual User: 0
[2018.04.19-20.44.12:758][  0]LogSlate: Slate User Registered.  User Index 0, Is Virtual User: 0
[2018.04.19-20.44.12:964][  0]LogD3D11RHI: D3D11 adapters:
[2018.04.19-20.44.13:002][  0]LogD3D11RHI:    0. 'NVIDIA GeForce GTX 970' (Feature Level 11_0)
[2018.04.19-20.44.13:003][  0]LogD3D11RHI:       4043/0/8152 MB DedicatedVideo/DedicatedSystem/SharedSystem, Outputs:2, VendorId:0x10de
[2018.04.19-20.44.13:004][  0]LogD3D11RHI:    1. 'Microsoft Basic Render Driver' (Feature Level 11_0)
[2018.04.19-20.44.13:004][  0]LogD3D11RHI:       0/0/8152 MB DedicatedVideo/DedicatedSystem/SharedSystem, Outputs:0, VendorId:0x1414
[2018.04.19-20.44.13:004][  0]LogD3D11RHI: Chosen D3D11 Adapter: 0
[2018.04.19-20.44.13:010][  0]LogD3D11RHI: Creating new Direct3DDevice
[2018.04.19-20.44.13:010][  0]LogD3D11RHI:     GPU DeviceId: 0x13c2 (for the marketing name, search the web for "GPU Device Id")
[2018.04.19-20.44.13:010][  0]LogWindows: EnumDisplayDevices:
[2018.04.19-20.44.13:010][  0]LogWindows:    0. 'NVIDIA GeForce GTX 970' (P:1 D:1)
[2018.04.19-20.44.13:011][  0]LogWindows:    1. 'NVIDIA GeForce GTX 970' (P:0 D:1)
[2018.04.19-20.44.13:011][  0]LogWindows:    2. 'NVIDIA GeForce GTX 970' (P:0 D:0)
[2018.04.19-20.44.13:011][  0]LogWindows:    3. 'NVIDIA GeForce GTX 970' (P:0 D:0)
[2018.04.19-20.44.13:011][  0]LogWindows: DebugString: GetVideoDriverDetailsInvalid PrimaryIsNotTheChoosenAdapter GetVideoDriverDetailsInvalid PrimaryIsNotTheChoosenAdapter GetVideoDriverDetailsInvalid PrimaryIsNotTheChoosenAdapter GetVideoDriverDetailsInvalid PrimaryIsNotTheChoosenAdapter FoundDriverCount:0 
[2018.04.19-20.44.13:011][  0]LogD3D11RHI:     Adapter Name: NVIDIA GeForce GTX 970
[2018.04.19-20.44.13:011][  0]LogD3D11RHI:   Driver Version: Unknown (internal:Unknown, unified:Unknown)
[2018.04.19-20.44.13:011][  0]LogD3D11RHI:      Driver Date: Unknown
[2018.04.19-20.44.13:011][  0]LogRHI: Texture pool is 2830 MB (70% of 4043 MB)
[2018.04.19-20.44.13:035][  0]LogD3D11RHI: [Aftermath] Aftermath enabled and primed
[2018.04.19-20.44.13:035][  0]LogD3D11RHI: Async texture creation enabled
[2018.04.19-20.44.13:055][  0]LogD3D11RHI: GPU Timing Frequency: 1000.000000 (Debug: 2 2)
[2018.04.19-20.44.13:105][  0]LogShaderCompilers: Guid format shader working directory is -44 characters bigger than the processId version (../../../../../../Users/dpony/Documents/Unreal Projects/Unreal-Tutorials-1/ExcapeFromRoom2/Intermediate/Shaders/WorkingDirectory/1448/).
[2018.04.19-20.44.13:106][  0]LogShaderCompilers: Cleaned the shader compiler working directory 'C:/Users/dpony/AppData/Local/Temp/UnrealShaderWorkingDir/A641757E43A52EF1FAAE20A29BB1FCCC/'.
[2018.04.19-20.44.13:361][  0]LogTemp: Display: Loaded TP AllDesktopTargetPlatform
[2018.04.19-20.44.13:376][  0]LogTemp: Display: Loaded TP MacClientTargetPlatform
[2018.04.19-20.44.13:390][  0]LogTemp: Display: Loaded TP MacNoEditorTargetPlatform
[2018.04.19-20.44.13:405][  0]LogTemp: Display: Loaded TP MacServerTargetPlatform
[2018.04.19-20.44.13:420][  0]LogTemp: Display: Loaded TP MacTargetPlatform
[2018.04.19-20.44.13:434][  0]LogTemp: Display: Loaded TP WindowsClientTargetPlatform
[2018.04.19-20.44.13:448][  0]LogTemp: Display: Loaded TP WindowsNoEditorTargetPlatform
[2018.04.19-20.44.13:462][  0]LogTemp: Display: Loaded TP WindowsServerTargetPlatform
[2018.04.19-20.44.13:470][  0]LogTemp: Display: Loaded TP WindowsTargetPlatform
[2018.04.19-20.44.13:481][  0]LogTemp: Display: Loaded TP Android_ASTCTargetPlatform
[2018.04.19-20.44.13:493][  0]LogTemp: Display: Loaded TP Android_ATCTargetPlatform
[2018.04.19-20.44.13:512][  0]LogTemp: Display: Loaded TP Android_DXTTargetPlatform
[2018.04.19-20.44.13:527][  0]LogTemp: Display: Loaded TP Android_ETC1aTargetPlatform
[2018.04.19-20.44.13:540][  0]LogTemp: Display: Loaded TP Android_ETC1TargetPlatform
[2018.04.19-20.44.13:552][  0]LogTemp: Display: Loaded TP Android_ETC2TargetPlatform
[2018.04.19-20.44.13:579][  0]LogTemp: Display: Loaded TP Android_MultiTargetPlatform
[2018.04.19-20.44.13:579][  0]LogTemp: Display: Loaded TP Android_PVRTCTargetPlatform
[2018.04.19-20.44.13:601][  0]LogTemp: Display: Loaded TP AndroidTargetPlatform
[2018.04.19-20.44.13:603][  0]LogTemp: Display: Loaded TP HTML5TargetPlatform
[2018.04.19-20.44.13:641][  0]LogTemp: Display: Loaded TP IOSTargetPlatform
[2018.04.19-20.44.13:653][  0]LogTemp: Display: Loaded TP TVOSTargetPlatform
[2018.04.19-20.44.13:665][  0]LogTemp: Display: Loaded TP LinuxClientTargetPlatform
[2018.04.19-20.44.13:678][  0]LogTemp: Display: Loaded TP LinuxNoEditorTargetPlatform
[2018.04.19-20.44.13:690][  0]LogTemp: Display: Loaded TP LinuxServerTargetPlatform
[2018.04.19-20.44.13:711][  0]LogTemp: Display: Loaded TP LinuxTargetPlatform
[2018.04.19-20.44.13:711][  0]LogTargetPlatformManager: Display: Building Assets For Windows
[2018.04.19-20.44.13:850][  0]LogXGEController: Cannot use XGE Controller as Incredibuild is not installed on this machine.
[2018.04.19-20.44.13:850][  0]LogShaderCompilers: Cannot use XGE Shader Compiler as Incredibuild is not installed on this machine.
[2018.04.19-20.44.13:850][  0]LogShaderCompilers: Display: Using Local Shader Compiler.
[2018.04.19-20.44.14:740][  0]LogDerivedDataCache: Display: Max Cache Size: 512 MB
[2018.04.19-20.44.14:836][  0]LogDerivedDataCache: Loaded boot cache 0.10s 74MB C:/Users/dpony/AppData/Local/UnrealEngine/4.19/DerivedDataCache/Boot.ddc.
[2018.04.19-20.44.14:836][  0]LogDerivedDataCache: Display: Loaded Boot cache: C:/Users/dpony/AppData/Local/UnrealEngine/4.19/DerivedDataCache/Boot.ddc
[2018.04.19-20.44.14:836][  0]LogDerivedDataCache: FDerivedDataBackendGraph:  Pak pak cache file ../../../../../../Users/dpony/Documents/Unreal Projects/Unreal-Tutorials-1/ExcapeFromRoom2/DerivedDataCache/DDC.ddp not found, will not use a pak cache.
[2018.04.19-20.44.14:836][  0]LogDerivedDataCache: Unable to find inner node Pak for hierarchical cache Hierarchy.
[2018.04.19-20.44.14:836][  0]LogDerivedDataCache: FDerivedDataBackendGraph:  CompressedPak pak cache file ../../../../../../Users/dpony/Documents/Unreal Projects/Unreal-Tutorials-1/ExcapeFromRoom2/DerivedDataCache/Compressed.ddp not found, will not use a pak cache.
[2018.04.19-20.44.14:836][  0]LogDerivedDataCache: Unable to find inner node CompressedPak for hierarchical cache Hierarchy.
[2018.04.19-20.44.14:859][  0]LogDerivedDataCache: Display: Pak cache opened for reading ../../../Engine/DerivedDataCache/Compressed.ddp.
[2018.04.19-20.44.14:871][  0]LogDerivedDataCache: Using Local data cache path C:/Users/dpony/AppData/Local/UnrealEngine/Common/DerivedDataCache: Writable
[2018.04.19-20.44.14:896][  0]LogMaterial: Verifying Global Shaders for PCD3D_SM5
[2018.04.19-20.44.14:896][  0]LogSlate: Using Freetype 2.6.0
[2018.04.19-20.44.14:897][  0]LogSlate: SlateFontCache - WITH_FREETYPE: 1, WITH_HARFBUZZ: 1
[2018.04.19-20.44.14:897][  0]LogSlate: SlateFontCache - WITH_FREETYPE: 1, WITH_HARFBUZZ: 1
[2018.04.19-20.44.15:050][  0]LogAssetRegistry: FAssetRegistry took 0.0267 seconds to start up
[2018.04.19-20.44.15:445][  0]LogInit: Selected Device Profile: [Windows]
[2018.04.19-20.44.15:662][  0]LogSimplygon: Simplygon DLL not present - disabling.
[2018.04.19-20.44.15:665][  0]LogMeshReduction: Using SimplygonSwarm for distributed automatic mesh merging
[2018.04.19-20.44.15:665][  0]LogMeshReduction: Using QuadricMeshReduction for automatic static mesh reduction
[2018.04.19-20.44.15:665][  0]LogMeshReduction: No automatic skeletal mesh reduction module available
[2018.04.19-20.44.15:665][  0]LogMeshReduction: No automatic mesh merging module available
[2018.04.19-20.44.15:665][  0]LogMeshMerging: No automatic mesh merging module available
[2018.04.19-20.44.15:742][  0]LogNetVersion: ExcapeFromRoom2 , NetCL: 3944462, EngineNetVer: 2, GameNetVer: 0 (Checksum: 3402857506)
[2018.04.19-20.44.16:297][  0]LogPackageLocalizationCache: Processed 9 localized package path(s) for 2 prioritized culture(s) in 0.101230 seconds
[2018.04.19-20.44.16:304][  0]LogUObjectArray: 36728 objects as part of root set at end of initial load.
[2018.04.19-20.44.16:304][  0]LogUObjectAllocator: 7314304 out of 0 bytes used by permanent object pool.
[2018.04.19-20.44.16:304][  0]LogUObjectArray: CloseDisregardForGC: 0/0 objects in disregard for GC pool
[2018.04.19-20.44.18:363][  0]LogTcpMessaging: Initializing TcpMessaging bridge
[2018.04.19-20.44.18:399][  0]LogUdpMessaging: Initializing bridge on interface 0.0.0.0:0 to multicast group 230.0.0.1:6666.
[2018.04.19-20.44.18:857][  0]SourceControl: Source control is disabled
[2018.04.19-20.44.18:857][  0]SourceControl: Source control is disabled
[2018.04.19-20.44.18:899][  0]SourceControl: Source control is disabled
[2018.04.19-20.44.18:925][  0]SourceControl: Source control is disabled
[2018.04.19-20.44.19:609][  0]LogAndroidPermission: UAndroidPermissionCallbackProxy::GetInstance
[2018.04.19-20.44.19:819][  0]LogOcInput: OculusInput pre-init called
[2018.04.19-20.44.19:941][  0]LogEngine: Initializing Engine...
[2018.04.19-20.44.19:943][  0]LogHMD: Failed to initialize OpenVR with code 110
[2018.04.19-20.44.19:944][  0]LogStats: UGameplayTagsManager::ConstructGameplayTagTree: Construct from data asset -  0.000 s
[2018.04.19-20.44.19:944][  0]LogStats: UGameplayTagsManager::ConstructGameplayTagTree: GameplayTagTreeChangedEvent.Broadcast -  0.000 s
[2018.04.19-20.44.20:250][  0]LogAIModule: Creating AISystem for world Untitled
[2018.04.19-20.44.20:265][  0]LogInit: XAudio2 using 'Headphones (2- High Definition Audio Device)' : 2 channels at 48 kHz using 16 bits per sample (channel mask 0x3)
[2018.04.19-20.44.20:282][  0]LogInit: FAudioDevice initialized.
[2018.04.19-20.44.20:373][  0]LogDerivedDataCache: Saved boot cache 0.09s 74MB C:/Users/dpony/AppData/Local/UnrealEngine/4.19/DerivedDataCache/Boot.ddc.
[2018.04.19-20.44.20:393][  0]LogInit: Texture streaming: Enabled
[2018.04.19-20.44.20:410][  0]LogEngineSessionManager: EngineSessionManager initialized
[2018.04.19-20.44.20:424][  0]LogInit: Transaction tracking system initialized
[2018.04.19-20.44.20:448][  0]BlueprintLog: New page: Editor Load
[2018.04.19-20.44.20:526][  0]LocalizationService: Localization service is disabled
[2018.04.19-20.44.20:637][  0]LogConsoleResponse: Display: 
[2018.04.19-20.44.20:800][  0]LogCook: Display: Max memory allowance for cook 16384mb min free memory 0mb
[2018.04.19-20.44.20:800][  0]LogCook: Display: Mobile HDR setting 1
[2018.04.19-20.44.20:800][  0]LogGameplayTags: Display: UGameplayTagsManager::DoneAddingNativeTags. DelegateIsBound: 0
[2018.04.19-20.44.20:800][  0]LogStats: UGameplayTagsManager::ConstructGameplayTagTree: Construct from data asset -  0.000 s
[2018.04.19-20.44.20:800][  0]LogStats: UGameplayTagsManager::ConstructGameplayTagTree: GameplayTagTreeChangedEvent.Broadcast -  0.000 s
[2018.04.19-20.44.21:214][  0]LogFileCache: Scanning file cache for directory 'C:/Users/dpony/Documents/Unreal Projects/Unreal-Tutorials-1/ExcapeFromRoom2/Content/' took 0.02s
[2018.04.19-20.44.21:214][  0]SourceControl: Source control is disabled
[2018.04.19-20.44.21:214][  0]Cmd: MAP LOAD FILE="../../../../../../Users/dpony/Documents/Unreal Projects/Unreal-Tutorials-1/ExcapeFromRoom2/Content/StarterContent/Maps/Minimal_Default.umap" TEMPLATE=0 SHOWPROGRESS=1 FEATURELEVEL=3
[2018.04.19-20.44.21:214][  0]LightingResults: New page: Lighting Build
[2018.04.19-20.44.21:217][  0]MapCheck: New page: Map Check
[2018.04.19-20.44.21:217][  0]LightingResults: New page: Lighting Build
[2018.04.19-20.44.21:494][  0]LogAIModule: Creating AISystem for world Minimal_Default
[2018.04.19-20.44.21:495][  0]PIE: Warning: Trying to simulate physics on ''/Game/StarterContent/Maps/Minimal_Default.Minimal_Default:PersistentLevel.Wall_400x300_5.StaticMeshComponent0'' but it has ComplexAsSimple collision.
[2018.04.19-20.44.21:497][  0]LogEditorServer: Finished looking for orphan Actors (0.000 secs)
[2018.04.19-20.44.21:508][  0]Cmd: MAP CHECKDEP NOCLEARLOG
[2018.04.19-20.44.21:568][  0]MapCheck: Map check complete: 0 Error(s), 0 Warning(s), took 59.505ms to complete.
[2018.04.19-20.44.21:568][  0]LogFileHelpers: Loading map 'Minimal_Default' took 0.355
[2018.04.19-20.44.21:812][  0]LogCollectionManager: Loaded 0 collections in 0.003968 seconds
[2018.04.19-20.44.21:868][  0]LogFileCache: Scanning file cache for directory 'C:/Users/dpony/Documents/Unreal Projects/Unreal-Tutorials-1/ExcapeFromRoom2/Saved/Collections/' took 0.01s
[2018.04.19-20.44.21:869][  0]LogFileCache: Scanning file cache for directory 'C:/Users/dpony/Documents/Unreal Projects/Unreal-Tutorials-1/ExcapeFromRoom2/Content/Developers/dpony/Collections/' took 0.01s
[2018.04.19-20.44.21:869][  0]LogFileCache: Scanning file cache for directory 'C:/Users/dpony/Documents/Unreal Projects/Unreal-Tutorials-1/ExcapeFromRoom2/Content/Collections/' took 0.01s
[2018.04.19-20.44.21:869][  0]LogCollectionManager: Rebuilt the GUID cache for 0 collections in 0.000001 seconds
[2018.04.19-20.44.21:886][  0]LogContentBrowser: Native class hierarchy populated in 0.0162 seconds. Added 2456 classes and 560 folders.
[2018.04.19-20.44.21:894][  0]LogContentBrowser: Native class hierarchy updated for 'WidgetCarousel' in 0.0008 seconds. Added 0 classes and 0 folders.
[2018.04.19-20.44.22:232][  0]LogContentBrowser: Native class hierarchy updated for 'AddContentDialog' in 0.0007 seconds. Added 0 classes and 0 folders.
[2018.04.19-20.44.22:239][  0]LogContentBrowser: Native class hierarchy updated for 'SceneOutliner' in 0.0007 seconds. Added 1 classes and 2 folders.
[2018.04.19-20.44.22:288][  0]LogContentBrowser: Native class hierarchy updated for 'HierarchicalLODOutliner' in 0.0008 seconds. Added 0 classes and 0 folders.
[2018.04.19-20.44.22:288][  0]LogLoad: (Engine Initialization) Total time: 13.62 seconds
[2018.04.19-20.44.22:288][  0]LogLoad: (Engine Initialization) Total Blueprint compile time: 0.00 seconds
[2018.04.19-20.44.22:652][  0]LogContentStreaming: Texture pool size now 1000 MB
[2018.04.19-20.44.22:656][  0]LogSlate: Took 0.000562 seconds to synchronously load lazily loaded font '../../../Engine/Content/Slate/Fonts/Roboto-Regular.ttf' (155K)
[2018.04.19-20.44.22:661][  0]LogSlate: Took 0.000440 seconds to synchronously load lazily loaded font '../../../Engine/Content/Slate/Fonts/Roboto-Bold.ttf' (160K)
[2018.04.19-20.44.22:687][  0]LogSlate: Took 0.012174 seconds to synchronously load lazily loaded font '../../../Engine/Content/Editor/Slate/Fonts/FontAwesome.ttf' (139K)
[2018.04.19-20.44.22:697][  0]LogSlate: Took 0.008998 seconds to synchronously load lazily loaded font '../../../Engine/Content/Slate/Fonts/DroidSansMono.ttf' (77K)
[2018.04.19-20.44.22:993][  2]LogRenderer: Reallocating scene render targets to support 972x432 Format 10 NumSamples 1 (Frame:1).
[2018.04.19-20.44.23:319][  2]LogAssetRegistry: Asset discovery search completed in 8.2909 seconds
[2018.04.19-20.44.23:322][  2]LogCollectionManager: Rebuilt the object cache for 0 collections in 0.000001 seconds (found 0 objects)
[2018.04.19-20.44.23:322][  2]LogCollectionManager: Fixed up redirectors for 0 collections in 0.000352 seconds (updated 0 objects)
[2018.04.19-20.45.28:958][199]LogEditorViewport: Clicking on Actor (LMB): StaticMeshActor (Wall_400x300)
[2018.04.19-20.45.35:800][943]LogEditorViewport: Clicking on Actor (LMB): StaticMeshActor (SM_Door2)
[2018.04.19-20.45.44:315][893]LogSlate: FSceneViewport::OnFocusLost() reason 0
[2018.04.19-20.45.47:171][217]LogSlate: Took 0.000266 seconds to synchronously load lazily loaded font '../../../Engine/Content/Slate/Fonts/Roboto-Italic.ttf' (157K)
[2018.04.19-20.46.01:517][563]LogHotReload: New module detected: UE4Editor-ExcapeFromRoom2-1307.dll
[2018.04.19-20.46.02:538][567]LogHotReload: Starting Hot-Reload from IDE
[2018.04.19-20.46.02:560][567]LogSlate: Took 0.000372 seconds to synchronously load lazily loaded font '../../../Engine/Content/Slate/Fonts/Roboto-Light.ttf' (167K)
[2018.04.19-20.46.02:611][567]LogContentBrowser: Native class hierarchy updated for 'ExcapeFromRoom2' in 0.0009 seconds. Added 4 classes and 2 folders.
[2018.04.19-20.46.02:613][567]Display: HotReload successful (0 functions remapped  0 scriptstructs remapped)
[2018.04.19-20.46.02:800][567]LogContentBrowser: Native class hierarchy populated in 0.0141 seconds. Added 2457 classes and 562 folders.
[2018.04.19-20.46.02:814][567]Display: HotReload took  0.3s.
[2018.04.19-20.46.04:934][697]LogEditorViewport: Clicking on Actor (LMB): StaticMeshActor (SM_TableRound)
[2018.04.19-20.46.06:893][913]LogSlate: FSceneViewport::OnFocusLost() reason 0
[2018.04.19-20.46.07:013][927]LogTemp: Repeating last play command: Selected Viewport
[2018.04.19-20.46.07:029][927]LogBlueprintUserMessages: Early PlayInEditor Detection: Level '/Game/StarterContent/Maps/Minimal_Default.Minimal_Default:PersistentLevel' has LevelScriptBlueprint '/Game/StarterContent/Maps/Minimal_Default.Minimal_Default:PersistentLevel.Minimal_Default' with GeneratedClass '/Game/StarterContent/Maps/Minimal_Default.Minimal_Default_C' with ClassGeneratedBy '/Game/StarterContent/Maps/Minimal_Default.Minimal_Default:PersistentLevel.Minimal_Default'
[2018.04.19-20.46.07:030][927]LogPlayLevel: PlayLevel: No blueprints needed recompiling
[2018.04.19-20.46.07:031][927]PIE: New page: PIE session: Minimal_Default (Apr 19, 2018, 4:46:07 AM)
[2018.04.19-20.46.07:031][927]LogPlayLevel: Creating play world package: /Game/StarterContent/Maps/UEDPIE_0_Minimal_Default
[2018.04.19-20.46.07:033][927]LogPlayLevel: PIE: StaticDuplicateObject took: (0.002359s)
[2018.04.19-20.46.07:034][927]LogAIModule: Creating AISystem for world Minimal_Default
[2018.04.19-20.46.07:034][927]LogPlayLevel: PIE: World Init took: (0.000800s)
[2018.04.19-20.46.07:034][927]LogPlayLevel: PIE: Created PIE world by copying editor world from /Game/StarterContent/Maps/Minimal_Default.Minimal_Default to /Game/StarterContent/Maps/UEDPIE_0_Minimal_Default.Minimal_Default (0.003622s)
[2018.04.19-20.46.07:048][927]LogInit: XAudio2 using 'Headphones (2- High Definition Audio Device)' : 2 channels at 48 kHz using 16 bits per sample (channel mask 0x3)
[2018.04.19-20.46.07:055][927]LogInit: FAudioDevice initialized.
[2018.04.19-20.46.07:122][927]LogLoad: Game class is 'MyExcapeFromRoom2GameMode_C'
[2018.04.19-20.46.07:125][927]PIE: Warning: Trying to simulate physics on ''/Game/StarterContent/Maps/UEDPIE_0_Minimal_Default.Minimal_Default:PersistentLevel.Wall_400x300_5.StaticMeshComponent0'' but it has ComplexAsSimple collision.
[2018.04.19-20.46.07:126][927]LogWorld: Bringing World /Game/StarterContent/Maps/UEDPIE_0_Minimal_Default.Minimal_Default up for play (max tick rate 0) at 2018.04.19-12.46.07
[2018.04.19-20.46.07:127][927]LogWorld: Bringing up level for play took: 0.001653
[2018.04.19-20.46.07:151][927]LogContentBrowser: Native class hierarchy updated for 'MovieSceneCapture' in 0.0007 seconds. Added 11 classes and 0 folders.
[2018.04.19-20.46.07:152][927]PIE: Play in editor start time for /Game/StarterContent/Maps/UEDPIE_0_Minimal_Default -0.858
[2018.04.19-20.46.07:152][927]LogBlueprintUserMessages: Late PlayInEditor Detection: Level '/Game/StarterContent/Maps/Minimal_Default.Minimal_Default:PersistentLevel' has LevelScriptBlueprint '/Game/StarterContent/Maps/Minimal_Default.Minimal_Default:PersistentLevel.Minimal_Default' with GeneratedClass '/Game/StarterContent/Maps/Minimal_Default.Minimal_Default_C' with ClassGeneratedBy '/Game/StarterContent/Maps/Minimal_Default.Minimal_Default:PersistentLevel.Minimal_Default'
[2018.04.19-20.46.07:853][  6]LogTemp: Warning: Atempting to Grab
[2018.04.19-20.46.09:460][198]LogTemp: Warning: Atempting to release
[2018.04.19-20.46.12:561][570]LogTemp: Warning: Atempting to Grab
[2018.04.19-20.46.13:402][671]LogTemp: Warning: Atempting to release
[2018.04.19-20.46.21:258][613]LogTemp: Warning: Atempting to Grab
[2018.04.19-20.46.25:206][ 87]LogTemp: Warning: Atempting to release
[2018.04.19-20.46.27:241][331]LogTemp: Warning: Atempting to Grab
[2018.04.19-20.46.28:383][468]LogTemp: Warning: Atempting to release
[2018.04.19-20.46.31:894][889]LogTemp: Warning: Atempting to Grab
[2018.04.19-20.46.32:335][942]LogTemp: Warning: Atempting to release
[2018.04.19-20.46.32:477][959]LogTemp: Warning: Atempting to Grab
[2018.04.19-20.46.34:836][242]LogTemp: Warning: Atempting to release
[2018.04.19-20.46.38:204][646]LogTemp: Warning: Atempting to Grab
[2018.04.19-20.46.38:570][690]LogTemp: Warning: Atempting to release
[2018.04.19-20.46.38:679][703]LogTemp: Warning: Atempting to Grab
[2018.04.19-20.46.39:253][772]LogTemp: Warning: Atempting to release
[2018.04.19-20.46.40:196][885]LogTemp: Warning: Atempting to Grab
[2018.04.19-20.46.40:604][934]LogTemp: Warning: Atempting to release
[2018.04.19-20.46.40:696][945]LogTemp: Warning: Atempting to Grab
[2018.04.19-20.46.41:012][983]LogTemp: Warning: Atempting to release
[2018.04.19-20.46.41:096][993]LogTemp: Warning: Atempting to Grab
[2018.04.19-20.46.41:504][ 42]LogTemp: Warning: Atempting to release
[2018.04.19-20.46.41:721][ 68]LogTemp: Warning: Atempting to Grab
[2018.04.19-20.46.42:171][122]LogTemp: Warning: Atempting to release
[2018.04.19-20.46.42:713][187]LogTemp: Warning: Atempting to Grab
[2018.04.19-20.46.43:137][238]LogTemp: Warning: Atempting to release
[2018.04.19-20.46.43:455][276]LogTemp: Warning: Atempting to Grab
[2018.04.19-20.46.43:779][315]LogTemp: Warning: Atempting to release
[2018.04.19-20.46.44:980][459]LogTemp: Warning: Atempting to Grab
[2018.04.19-20.46.45:430][513]LogTemp: Warning: Atempting to release
[2018.04.19-20.46.45:806][558]LogTemp: Warning: Atempting to Grab
[2018.04.19-20.46.46:513][643]LogTemp: Warning: Atempting to release
[2018.04.19-20.46.51:649][259]LogBlueprintUserMessages: Early EndPlayMap Detection: Level '/Game/StarterContent/Maps/Minimal_Default.Minimal_Default:PersistentLevel' has LevelScriptBlueprint '/Game/StarterContent/Maps/Minimal_Default.Minimal_Default:PersistentLevel.Minimal_Default' with GeneratedClass '/Game/StarterContent/Maps/Minimal_Default.Minimal_Default_C' with ClassGeneratedBy '/Game/StarterContent/Maps/Minimal_Default.Minimal_Default:PersistentLevel.Minimal_Default'
[2018.04.19-20.46.51:683][259]LogBlueprintUserMessages: Late EndPlayMap Detection: Level '/Game/StarterContent/Maps/Minimal_Default.Minimal_Default:PersistentLevel' has LevelScriptBlueprint '/Game/StarterContent/Maps/Minimal_Default.Minimal_Default:PersistentLevel.Minimal_Default' with GeneratedClass '/Game/StarterContent/Maps/Minimal_Default.Minimal_Default_C' with ClassGeneratedBy '/Game/StarterContent/Maps/Minimal_Default.Minimal_Default:PersistentLevel.Minimal_Default'
[2018.04.19-20.47.15:016][603]LogHotReload: New module detected: UE4Editor-ExcapeFromRoom2-1317.dll
[2018.04.19-20.47.16:093][633]LogHotReload: Starting Hot-Reload from IDE
[2018.04.19-20.47.16:104][633]LogSlate: FSceneViewport::OnFocusLost() reason 2
[2018.04.19-20.47.16:134][633]LogContentBrowser: Native class hierarchy updated for 'ExcapeFromRoom2' in 0.0008 seconds. Added 4 classes and 2 folders.
[2018.04.19-20.47.16:135][633]Display: HotReload successful (0 functions remapped  0 scriptstructs remapped)
[2018.04.19-20.47.16:173][633]LogContentBrowser: Native class hierarchy populated in 0.0101 seconds. Added 2457 classes and 562 folders.
[2018.04.19-20.47.16:182][633]Display: HotReload took  0.1s.
[2018.04.19-20.47.17:052][736]LogTemp: Repeating last play command: Selected Viewport
[2018.04.19-20.47.17:065][736]LogBlueprintUserMessages: Early PlayInEditor Detection: Level '/Game/StarterContent/Maps/Minimal_Default.Minimal_Default:PersistentLevel' has LevelScriptBlueprint '/Game/StarterContent/Maps/Minimal_Default.Minimal_Default:PersistentLevel.Minimal_Default' with GeneratedClass '/Game/StarterContent/Maps/Minimal_Default.Minimal_Default_C' with ClassGeneratedBy '/Game/StarterContent/Maps/Minimal_Default.Minimal_Default:PersistentLevel.Minimal_Default'
[2018.04.19-20.47.17:065][736]LogPlayLevel: PlayLevel: No blueprints needed recompiling
[2018.04.19-20.47.17:066][736]PIE: New page: PIE session: Minimal_Default (Apr 19, 2018, 4:47:17 AM)
[2018.04.19-20.47.17:066][736]LogPlayLevel: Creating play world package: /Game/StarterContent/Maps/UEDPIE_0_Minimal_Default
[2018.04.19-20.47.17:069][736]LogPlayLevel: PIE: StaticDuplicateObject took: (0.002494s)
[2018.04.19-20.47.17:069][736]LogAIModule: Creating AISystem for world Minimal_Default
[2018.04.19-20.47.17:069][736]LogPlayLevel: PIE: World Init took: (0.000758s)
[2018.04.19-20.47.17:070][736]LogPlayLevel: PIE: Created PIE world by copying editor world from /Game/StarterContent/Maps/Minimal_Default.Minimal_Default to /Game/StarterContent/Maps/UEDPIE_0_Minimal_Default.Minimal_Default (0.003744s)
[2018.04.19-20.47.17:084][736]LogInit: XAudio2 using 'Headphones (2- High Definition Audio Device)' : 2 channels at 48 kHz using 16 bits per sample (channel mask 0x3)
[2018.04.19-20.47.17:091][736]LogInit: FAudioDevice initialized.
[2018.04.19-20.47.17:122][736]LogLoad: Game class is 'MyExcapeFromRoom2GameMode_C'
[2018.04.19-20.47.17:123][736]PIE: Warning: Trying to simulate physics on ''/Game/StarterContent/Maps/UEDPIE_0_Minimal_Default.Minimal_Default:PersistentLevel.Wall_400x300_5.StaticMeshComponent0'' but it has ComplexAsSimple collision.
[2018.04.19-20.47.17:124][736]LogWorld: Bringing World /Game/StarterContent/Maps/UEDPIE_0_Minimal_Default.Minimal_Default up for play (max tick rate 0) at 2018.04.19-12.47.17
[2018.04.19-20.47.17:125][736]LogWorld: Bringing up level for play took: 0.001723
[2018.04.19-20.47.17:126][736]PIE: Play in editor start time for /Game/StarterContent/Maps/UEDPIE_0_Minimal_Default -0.884
[2018.04.19-20.47.17:126][736]LogBlueprintUserMessages: Late PlayInEditor Detection: Level '/Game/StarterContent/Maps/Minimal_Default.Minimal_Default:PersistentLevel' has LevelScriptBlueprint '/Game/StarterContent/Maps/Minimal_Default.Minimal_Default:PersistentLevel.Minimal_Default' with GeneratedClass '/Game/StarterContent/Maps/Minimal_Default.Minimal_Default_C' with ClassGeneratedBy '/Game/StarterContent/Maps/Minimal_Default.Minimal_Default:PersistentLevel.Minimal_Default'
[2018.04.19-20.47.17:407][769]LogTemp: Warning: Atempting to Grab
[2018.04.19-20.47.18:223][867]LogTemp: Warning: Atempting to release
[2018.04.19-20.47.18:340][881]LogTemp: Warning: Atempting to Grab
[2018.04.19-20.47.20:649][158]LogTemp: Warning: Atempting to release
[2018.04.19-20.47.27:585][990]LogBlueprintUserMessages: Early EndPlayMap Detection: Level '/Game/StarterContent/Maps/Minimal_Default.Minimal_Default:PersistentLevel' has LevelScriptBlueprint '/Game/StarterContent/Maps/Minimal_Default.Minimal_Default:PersistentLevel.Minimal_Default' with GeneratedClass '/Game/StarterContent/Maps/Minimal_Default.Minimal_Default_C' with ClassGeneratedBy '/Game/StarterContent/Maps/Minimal_Default.Minimal_Default:PersistentLevel.Minimal_Default'
[2018.04.19-20.47.27:622][990]LogBlueprintUserMessages: Late EndPlayMap Detection: Level '/Game/StarterContent/Maps/Minimal_Default.Minimal_Default:PersistentLevel' has LevelScriptBlueprint '/Game/StarterContent/Maps/Minimal_Default.Minimal_Default:PersistentLevel.Minimal_Default' with GeneratedClass '/Game/StarterContent/Maps/Minimal_Default.Minimal_Default_C' with ClassGeneratedBy '/Game/StarterContent/Maps/Minimal_Default.Minimal_Default:PersistentLevel.Minimal_Default'
[2018.04.19-20.47.41:946][299]LogSlate: FSceneViewport::OnFocusLost() reason 0
