Log file open, 04/08/18 04:19:46
LogWindows: Failed to load 'aqProf.dll' (GetLastError=126)
LogWindows: File 'aqProf.dll' does not exist
LogWindows: Failed to load 'VSPerf140.dll' (GetLastError=126)
LogWindows: File 'VSPerf140.dll' does not exist
LogWindows: Failed to load 'VtuneApi.dll' (GetLastError=126)
LogWindows: File 'VtuneApi.dll' does not exist
LogWindows: Failed to load 'VtuneApi32e.dll' (GetLastError=126)
LogWindows: File 'VtuneApi32e.dll' does not exist
LogInit: Display: Running engine for game: BuildingEscape
LogPlatformFile: Not using cached read wrapper
LogInit: Display: RandInit(793018522) SRandInit(793018522).
LogInit: Read version file with build ID '3944462'
LogInit: Overriding engine version to CL 3944462, compatible CL 3944462
LogInit: Registered custom module enumerator with build ID '3944462'
LogTaskGraph: Started task graph with 5 named threads and 35 total threads with 3 sets of task threads.
LogStats: Stats thread started at 0.402213
LogD3D11RHI: Aftermath initialized
LogICUInternationalization: Display: ICU TimeZone Detection - Raw Offset: -9:00, Platform Override: ''
LogPluginManager: Mounting plugin Paper2D
LogPluginManager: Mounting plugin LiveLink
LogPluginManager: Mounting plugin LightPropagationVolume
LogPluginManager: Mounting plugin CLionSourceCodeAccess
LogPluginManager: Mounting plugin CodeLiteSourceCodeAccess
LogPluginManager: Mounting plugin GitSourceControl
LogPluginManager: Mounting plugin KDevelopSourceCodeAccess
LogPluginManager: Mounting plugin NullSourceCodeAccess
LogPluginManager: Mounting plugin PerforceSourceControl
LogPluginManager: Mounting plugin SubversionSourceControl
LogPluginManager: Mounting plugin UObjectPlugin
LogPluginManager: Mounting plugin VisualStudioCodeSourceCodeAccess
LogPluginManager: Mounting plugin VisualStudioSourceCodeAccess
LogPluginManager: Mounting plugin XCodeSourceCodeAccess
LogPluginManager: Mounting plugin AssetManagerEditor
LogPluginManager: Mounting plugin CryptoKeys
LogPluginManager: Mounting plugin DataValidation
LogPluginManager: Mounting plugin FacialAnimation
LogPluginManager: Mounting plugin GameplayTagsEditor
LogPluginManager: Mounting plugin MobileLauncherProfileWizard
LogPluginManager: Mounting plugin PluginBrowser
LogPluginManager: Mounting plugin SpeedTreeImporter
LogPluginManager: Mounting plugin DatasmithContent
LogPluginManager: Mounting plugin AlembicImporter
LogPluginManager: Mounting plugin CharacterAI
LogPluginManager: Mounting plugin HTML5Networking
LogPluginManager: Mounting plugin AndroidMedia
LogPluginManager: Mounting plugin AvfMedia
LogPluginManager: Mounting plugin ImgMedia
LogPluginManager: Mounting plugin LinearTimecode
LogPluginManager: Mounting plugin MediaCompositing
LogPluginManager: Mounting plugin MediaPlayerEditor
LogPluginManager: Mounting plugin WmfMedia
LogPluginManager: Mounting plugin TcpMessaging
LogPluginManager: Mounting plugin UdpMessaging
LogPluginManager: Mounting plugin ActorSequence
LogPluginManager: Mounting plugin LevelSequenceEditor
LogPluginManager: Mounting plugin MatineeToLevelSequence
LogPluginManager: Mounting plugin NetcodeUnitTest
LogPluginManager: Mounting plugin NUTUnrealEngine4
LogPluginManager: Mounting plugin OnlineSubsystemGooglePlay
LogPluginManager: Mounting plugin OnlineSubsystemIOS
LogPluginManager: Mounting plugin OnlineSubsystem
LogPluginManager: Mounting plugin OnlineSubsystemNull
LogPluginManager: Mounting plugin OnlineSubsystemUtils
LogPluginManager: Mounting plugin AndroidDeviceProfileSelector
LogPluginManager: Mounting plugin AndroidMoviePlayer
LogPluginManager: Mounting plugin AndroidPermission
LogPluginManager: Mounting plugin AppleARKit
LogPluginManager: Mounting plugin AppleMoviePlayer
LogPluginManager: Mounting plugin ArchVisCharacter
LogPluginManager: Mounting plugin AudioCapture
LogPluginManager: Mounting plugin CableComponent
LogPluginManager: Mounting plugin CustomMeshComponent
LogPluginManager: Mounting plugin ExampleDeviceProfileSelector
LogPluginManager: Mounting plugin GoogleCloudMessaging
LogPluginManager: Mounting plugin ImmediatePhysics
LogPluginManager: Mounting plugin IOSDeviceProfileSelector
LogPluginManager: Mounting plugin LinuxDeviceProfileSelector
LogPluginManager: Mounting plugin LocationServicesBPLibrary
LogPluginManager: Mounting plugin MobilePatchingUtils
LogPluginManager: Mounting plugin OculusVR
LogPluginManager: Plugin shader directory ../../../Engine/Plugins/Runtime/Oculus/OculusVR/Shaders found
LogPluginManager: Mapping shader source directory ../../../Engine/Plugins/Runtime/Oculus/OculusVR/Shaders to virtual directory /Plugin/OculusVR
LogPluginManager: Mounting plugin PhysXVehicles
LogPluginManager: Mounting plugin ProceduralMeshComponent
LogPluginManager: Mounting plugin RuntimePhysXCooking
LogPluginManager: Mounting plugin SteamVR
LogPluginManager: Mounting plugin WindowsMoviePlayer
LogStreaming: Display: Took  0.115s to configure plugins.
LogModuleManager: Display: Found up-to-date module file ../../../../../../Users/dpony/Documents/Unreal Projects/Unreal-Tutorials-1/BuildingEscape/Binaries/Win64/UE4Editor-BuildingEscape-403.dll (API version 3944462).
LogModuleManager: Display: Found up-to-date module file ../../../Engine/Plugins/2D/Paper2D/Binaries/Win64/UE4Editor-Paper2D.dll (API version 3944462).
LogModuleManager: Display: Found up-to-date module file ../../../Engine/Plugins/2D/Paper2D/Binaries/Win64/UE4Editor-Paper2DEditor.dll (API version 3944462).
LogModuleManager: Display: Found up-to-date module file ../../../Engine/Plugins/2D/Paper2D/Binaries/Win64/UE4Editor-PaperSpriteSheetImporter.dll (API version 3944462).
LogModuleManager: Display: Found up-to-date module file ../../../Engine/Plugins/2D/Paper2D/Binaries/Win64/UE4Editor-PaperTiledImporter.dll (API version 3944462).
LogModuleManager: Display: Found up-to-date module file ../../../Engine/Plugins/2D/Paper2D/Binaries/Win64/UE4Editor-SmartSnapping.dll (API version 3944462).
LogModuleManager: Display: Found up-to-date module file ../../../Engine/Plugins/Animation/LiveLink/Binaries/Win64/UE4Editor-LiveLink.dll (API version 3944462).
LogModuleManager: Display: Found up-to-date module file ../../../Engine/Plugins/Animation/LiveLink/Binaries/Win64/UE4Editor-LiveLinkEditor.dll (API version 3944462).
LogModuleManager: Display: Found up-to-date module file ../../../Engine/Plugins/Blendables/LightPropagationVolume/Binaries/Win64/UE4Editor-LightPropagationVolumeRuntime.dll (API version 3944462).
LogModuleManager: Display: Found up-to-date module file ../../../Engine/Plugins/Blendables/LightPropagationVolume/Binaries/Win64/UE4Editor-LightPropagationVolumeEditor.dll (API version 3944462).
LogModuleManager: Display: Found up-to-date module file ../../../Engine/Plugins/Developer/CLionSourceCodeAccess/Binaries/Win64/UE4Editor-CLionSourceCodeAccess.dll (API version 3944462).
LogModuleManager: Display: Found up-to-date module file ../../../Engine/Plugins/Developer/GitSourceControl/Binaries/Win64/UE4Editor-GitSourceControl.dll (API version 3944462).
LogModuleManager: Display: Found up-to-date module file ../../../Engine/Plugins/Developer/PerforceSourceControl/Binaries/Win64/UE4Editor-PerforceSourceControl.dll (API version 3944462).
LogModuleManager: Display: Found up-to-date module file ../../../Engine/Plugins/Developer/SubversionSourceControl/Binaries/Win64/UE4Editor-SubversionSourceControl.dll (API version 3944462).
LogModuleManager: Display: Found up-to-date module file ../../../Engine/Plugins/Developer/UObjectPlugin/Binaries/Win64/UE4Editor-UObjectPlugin.dll (API version 3944462).
LogModuleManager: Display: Found up-to-date module file ../../../Engine/Plugins/Developer/VisualStudioCodeSourceCodeAccess/Binaries/Win64/UE4Editor-VisualStudioCodeSourceCodeAccess.dll (API version 3944462).
LogModuleManager: Display: Found up-to-date module file ../../../Engine/Plugins/Developer/VisualStudioSourceCodeAccess/Binaries/Win64/UE4Editor-VisualStudioSourceCodeAccess.dll (API version 3944462).
LogModuleManager: Display: Found up-to-date module file ../../../Engine/Plugins/Editor/AssetManagerEditor/Binaries/Win64/UE4Editor-AssetManagerEditor.dll (API version 3944462).
LogModuleManager: Display: Found up-to-date module file ../../../Engine/Plugins/Editor/CryptoKeys/Binaries/Win64/UE4Editor-CryptoKeys.dll (API version 3944462).
LogModuleManager: Display: Found up-to-date module file ../../../Engine/Plugins/Editor/CryptoKeys/Binaries/Win64/UE4Editor-CryptoKeysOpenSSL.dll (API version 3944462).
LogModuleManager: Display: Found up-to-date module file ../../../Engine/Plugins/Editor/DataValidation/Binaries/Win64/UE4Editor-DataValidation.dll (API version 3944462).
LogModuleManager: Display: Found up-to-date module file ../../../Engine/Plugins/Editor/FacialAnimation/Binaries/Win64/UE4Editor-FacialAnimation.dll (API version 3944462).
LogModuleManager: Display: Found up-to-date module file ../../../Engine/Plugins/Editor/FacialAnimation/Binaries/Win64/UE4Editor-FacialAnimationEditor.dll (API version 3944462).
LogModuleManager: Display: Found up-to-date module file ../../../Engine/Plugins/Editor/GameplayTagsEditor/Binaries/Win64/UE4Editor-GameplayTagsEditor.dll (API version 3944462).
LogModuleManager: Display: Found up-to-date module file ../../../Engine/Plugins/Editor/MobileLauncherProfileWizard/Binaries/Win64/UE4Editor-MobileLauncherProfileWizard.dll (API version 3944462).
LogModuleManager: Display: Found up-to-date module file ../../../Engine/Plugins/Editor/PluginBrowser/Binaries/Win64/UE4Editor-PluginBrowser.dll (API version 3944462).
LogModuleManager: Display: Found up-to-date module file ../../../Engine/Plugins/Editor/SpeedTreeImporter/Binaries/Win64/UE4Editor-SpeedTreeImporter.dll (API version 3944462).
LogModuleManager: Display: Found up-to-date module file ../../../Engine/Plugins/Enterprise/DatasmithContent/Binaries/Win64/UE4Editor-DatasmithContent.dll (API version 3944462).
LogModuleManager: Display: Found up-to-date module file ../../../Engine/Plugins/Experimental/AlembicImporter/Binaries/Win64/UE4Editor-AlembicImporter.dll (API version 3944462).
LogModuleManager: Display: Found up-to-date module file ../../../Engine/Plugins/Experimental/AlembicImporter/Binaries/Win64/UE4Editor-AlembicLibrary.dll (API version 3944462).
LogModuleManager: Display: Found up-to-date module file ../../../Engine/Plugins/Experimental/CharacterAI/Binaries/Win64/UE4Editor-CharacterAI.dll (API version 3944462).
LogModuleManager: Display: Found up-to-date module file ../../../Engine/Plugins/Experimental/HTML5Networking/Binaries/Win64/UE4Editor-HTML5Networking.dll (API version 3944462).
LogModuleManager: Display: Found up-to-date module file ../../../Engine/Plugins/Media/AndroidMedia/Binaries/Win64/UE4Editor-AndroidMediaEditor.dll (API version 3944462).
LogModuleManager: Display: Found up-to-date module file ../../../Engine/Plugins/Media/AndroidMedia/Binaries/Win64/UE4Editor-AndroidMediaFactory.dll (API version 3944462).
LogModuleManager: Display: Found up-to-date module file ../../../Engine/Plugins/Media/AvfMedia/Binaries/Win64/UE4Editor-AvfMediaEditor.dll (API version 3944462).
LogModuleManager: Display: Found up-to-date module file ../../../Engine/Plugins/Media/AvfMedia/Binaries/Win64/UE4Editor-AvfMediaFactory.dll (API version 3944462).
LogModuleManager: Display: Found up-to-date module file ../../../Engine/Plugins/Media/AvfMedia/Binaries/Win64/UE4Editor-AvfMediaFactory.dll (API version 3944462).
LogModuleManager: Display: Found up-to-date module file ../../../Engine/Plugins/Media/ImgMedia/Binaries/Win64/UE4Editor-ImgMedia.dll (API version 3944462).
LogModuleManager: Display: Found up-to-date module file ../../../Engine/Plugins/Media/ImgMedia/Binaries/Win64/UE4Editor-ImgMediaEditor.dll (API version 3944462).
LogModuleManager: Display: Found up-to-date module file ../../../Engine/Plugins/Media/ImgMedia/Binaries/Win64/UE4Editor-ImgMediaFactory.dll (API version 3944462).
LogModuleManager: Display: Found up-to-date module file ../../../Engine/Plugins/Media/ImgMedia/Binaries/Win64/UE4Editor-ImgMediaFactory.dll (API version 3944462).
LogModuleManager: Display: Found up-to-date module file ../../../Engine/Plugins/Media/ImgMedia/Binaries/Win64/UE4Editor-OpenExrWrapper.dll (API version 3944462).
LogModuleManager: Display: Found up-to-date module file ../../../Engine/Plugins/Media/LinearTimecode/Binaries/Win64/UE4Editor-LinearTimecode.dll (API version 3944462).
LogModuleManager: Display: Found up-to-date module file ../../../Engine/Plugins/Media/MediaCompositing/Binaries/Win64/UE4Editor-MediaCompositing.dll (API version 3944462).
LogModuleManager: Display: Found up-to-date module file ../../../Engine/Plugins/Media/MediaCompositing/Binaries/Win64/UE4Editor-MediaCompositingEditor.dll (API version 3944462).
LogModuleManager: Display: Found up-to-date module file ../../../Engine/Plugins/Media/MediaPlayerEditor/Binaries/Win64/UE4Editor-MediaPlayerEditor.dll (API version 3944462).
LogModuleManager: Display: Found up-to-date module file ../../../Engine/Plugins/Media/WmfMedia/Binaries/Win64/UE4Editor-WmfMedia.dll (API version 3944462).
LogModuleManager: Display: Found up-to-date module file ../../../Engine/Plugins/Media/WmfMedia/Binaries/Win64/UE4Editor-WmfMediaEditor.dll (API version 3944462).
LogModuleManager: Display: Found up-to-date module file ../../../Engine/Plugins/Media/WmfMedia/Binaries/Win64/UE4Editor-WmfMediaFactory.dll (API version 3944462).
LogModuleManager: Display: Found up-to-date module file ../../../Engine/Plugins/Media/WmfMedia/Binaries/Win64/UE4Editor-WmfMediaFactory.dll (API version 3944462).
LogModuleManager: Display: Found up-to-date module file ../../../Engine/Plugins/Messaging/TcpMessaging/Binaries/Win64/UE4Editor-TcpMessaging.dll (API version 3944462).
LogModuleManager: Display: Found up-to-date module file ../../../Engine/Plugins/Messaging/UdpMessaging/Binaries/Win64/UE4Editor-UdpMessaging.dll (API version 3944462).
LogModuleManager: Display: Found up-to-date module file ../../../Engine/Plugins/MovieScene/ActorSequence/Binaries/Win64/UE4Editor-ActorSequence.dll (API version 3944462).
LogModuleManager: Display: Found up-to-date module file ../../../Engine/Plugins/MovieScene/LevelSequenceEditor/Binaries/Win64/UE4Editor-LevelSequenceEditor.dll (API version 3944462).
LogModuleManager: Display: Found up-to-date module file ../../../Engine/Plugins/MovieScene/MatineeToLevelSequence/Binaries/Win64/UE4Editor-MatineeToLevelSequence.dll (API version 3944462).
LogModuleManager: Display: Found up-to-date module file ../../../Engine/Plugins/NetcodeUnitTest/NetcodeUnitTest/Binaries/Win64/UE4Editor-NetcodeUnitTest.dll (API version 3944462).
LogModuleManager: Display: Found up-to-date module file ../../../Engine/Plugins/NetcodeUnitTest/NUTUnrealEngine4/Binaries/Win64/UE4Editor-NUTUnrealEngine4.dll (API version 3944462).
LogModuleManager: Display: Found up-to-date module file ../../../Engine/Plugins/Online/OnlineSubsystem/Binaries/Win64/UE4Editor-OnlineSubsystem.dll (API version 3944462).
LogModuleManager: Display: Found up-to-date module file ../../../Engine/Plugins/Online/OnlineSubsystemNull/Binaries/Win64/UE4Editor-OnlineSubsystemNull.dll (API version 3944462).
LogModuleManager: Display: Found up-to-date module file ../../../Engine/Plugins/Online/OnlineSubsystemUtils/Binaries/Win64/UE4Editor-OnlineSubsystemUtils.dll (API version 3944462).
LogModuleManager: Display: Found up-to-date module file ../../../Engine/Plugins/Online/OnlineSubsystemUtils/Binaries/Win64/UE4Editor-OnlineBlueprintSupport.dll (API version 3944462).
LogModuleManager: Display: Found up-to-date module file ../../../Engine/Plugins/Runtime/AndroidDeviceProfileSelector/Binaries/Win64/UE4Editor-AndroidDeviceProfileSelector.dll (API version 3944462).
LogModuleManager: Display: Found up-to-date module file ../../../Engine/Plugins/Runtime/AndroidPermission/Binaries/Win64/UE4Editor-AndroidPermission.dll (API version 3944462).
LogModuleManager: Display: Found up-to-date module file ../../../Engine/Plugins/Runtime/AppleARKit/Binaries/Win64/UE4Editor-AppleARKit.dll (API version 3944462).
LogModuleManager: Display: Found up-to-date module file ../../../Engine/Plugins/Runtime/ArchVisCharacter/Binaries/Win64/UE4Editor-ArchVisCharacter.dll (API version 3944462).
LogModuleManager: Display: Found up-to-date module file ../../../Engine/Plugins/Runtime/AudioCapture/Binaries/Win64/UE4Editor-AudioCapture.dll (API version 3944462).
LogModuleManager: Display: Found up-to-date module file ../../../Engine/Plugins/Runtime/AudioCapture/Binaries/Win64/UE4Editor-AudioCaptureEditor.dll (API version 3944462).
LogModuleManager: Display: Found up-to-date module file ../../../Engine/Plugins/Runtime/CableComponent/Binaries/Win64/UE4Editor-CableComponent.dll (API version 3944462).
LogModuleManager: Display: Found up-to-date module file ../../../Engine/Plugins/Runtime/CustomMeshComponent/Binaries/Win64/UE4Editor-CustomMeshComponent.dll (API version 3944462).
LogModuleManager: Display: Found up-to-date module file ../../../Engine/Plugins/Runtime/ExampleDeviceProfileSelector/Binaries/Win64/UE4Editor-ExampleDeviceProfileSelector.dll (API version 3944462).
LogModuleManager: Display: Found up-to-date module file ../../../Engine/Plugins/Runtime/ImmediatePhysics/Binaries/Win64/UE4Editor-ImmediatePhysics.dll (API version 3944462).
LogModuleManager: Display: Found up-to-date module file ../../../Engine/Plugins/Runtime/ImmediatePhysics/Binaries/Win64/UE4Editor-ImmediatePhysicsEditor.dll (API version 3944462).
LogModuleManager: Display: Found up-to-date module file ../../../Engine/Plugins/Runtime/LocationServicesBPLibrary/Binaries/Win64/UE4Editor-LocationServicesBPLibrary.dll (API version 3944462).
LogModuleManager: Display: Found up-to-date module file ../../../Engine/Plugins/Runtime/MobilePatchingUtils/Binaries/Win64/UE4Editor-MobilePatchingUtils.dll (API version 3944462).
LogModuleManager: Display: Found up-to-date module file ../../../Engine/Plugins/Runtime/Oculus/OculusVR/Binaries/Win64/UE4Editor-OculusHMD.dll (API version 3944462).
LogModuleManager: Display: Found up-to-date module file ../../../Engine/Plugins/Runtime/Oculus/OculusVR/Binaries/Win64/UE4Editor-OculusInput.dll (API version 3944462).
LogModuleManager: Display: Found up-to-date module file ../../../Engine/Plugins/Runtime/Oculus/OculusVR/Binaries/Win64/UE4Editor-OculusEditor.dll (API version 3944462).
LogModuleManager: Display: Found up-to-date module file ../../../Engine/Plugins/Runtime/PhysXVehicles/Binaries/Win64/UE4Editor-PhysXVehicles.dll (API version 3944462).
LogModuleManager: Display: Found up-to-date module file ../../../Engine/Plugins/Runtime/PhysXVehicles/Binaries/Win64/UE4Editor-PhysXVehiclesEditor.dll (API version 3944462).
LogModuleManager: Display: Found up-to-date module file ../../../Engine/Plugins/Runtime/ProceduralMeshComponent/Binaries/Win64/UE4Editor-ProceduralMeshComponent.dll (API version 3944462).
LogModuleManager: Display: Found up-to-date module file ../../../Engine/Plugins/Runtime/ProceduralMeshComponent/Binaries/Win64/UE4Editor-ProceduralMeshComponentEditor.dll (API version 3944462).
LogModuleManager: Display: Found up-to-date module file ../../../Engine/Plugins/Runtime/RuntimePhysXCooking/Binaries/Win64/UE4Editor-RuntimePhysXCooking.dll (API version 3944462).
LogModuleManager: Display: Found up-to-date module file ../../../Engine/Plugins/Runtime/Steam/SteamVR/Binaries/Win64/UE4Editor-SteamVR.dll (API version 3944462).
LogModuleManager: Display: Found up-to-date module file ../../../Engine/Plugins/Runtime/Steam/SteamVR/Binaries/Win64/UE4Editor-SteamVRController.dll (API version 3944462).
LogModuleManager: Display: Found up-to-date module file ../../../Engine/Plugins/Runtime/WindowsMoviePlayer/Binaries/Win64/UE4Editor-WindowsMoviePlayer.dll (API version 3944462).
LogInit: Using libcurl 7.47.1
LogInit:  - built for x86_64-pc-win32
LogInit:  - supports SSL with OpenSSL/1.0.2g
LogInit:  - supports HTTP deflate (compression) using libz 1.2.8
LogInit:  - other features:
LogInit:      CURL_VERSION_SSL
LogInit:      CURL_VERSION_LIBZ
LogInit:      CURL_VERSION_IPV6
LogInit:      CURL_VERSION_ASYNCHDNS
LogInit:      CURL_VERSION_LARGEFILE
LogInit:      CURL_VERSION_IDN
LogInit:  CurlRequestOptions (configurable via config and command line):
LogInit:  - bVerifyPeer = false  - Libcurl will NOT verify peer certificate
LogInit:  - bUseHttpProxy = false  - Libcurl will NOT use HTTP proxy
LogInit:  - bDontReuseConnections = false  - Libcurl will reuse connections
LogInit:  - CertBundlePath = nullptr  - Libcurl will use whatever was configured at build time.
LogInit:  - MaxHostConnections = 16  - Libcurl will limit the number of connections to a host
LogInit:  - LocalHostAddr = Default
LogInit: WinSock: version 1.1 (2.2), MaxSocks=32767, MaxUdp=65467
LogInit: WinSock: I am DESKTOP-LSPO5S8 (192.168.0.105:0)
LogInit: Build: ++UE4+Release-4.19-CL-3944462
LogInit: Engine Version: 4.19.0-3944462+++UE4+Release-4.19
LogInit: Compatible Engine Version: 4.19.0-3944462+++UE4+Release-4.19
LogInit: Net CL: 3944462
LogDevObjectVersion: Number of dev versions registered: 18
LogDevObjectVersion:   Dev-Blueprints (B0D832E4-1F89-4F0D-ACCF-7EB736FD4AA2): 10
LogDevObjectVersion:   Dev-Build (E1C64328-A22C-4D53-A36C-8E866417BD8C): 0
LogDevObjectVersion:   Dev-Core (375EC13C-06E4-48FB-B500-84F0262A717E): 2
LogDevObjectVersion:   Dev-Editor (E4B068ED-F494-42E9-A231-DA0B2E46BB41): 23
LogDevObjectVersion:   Dev-Framework (CFFC743F-43B0-4480-9391-14DF171D2073): 33
LogDevObjectVersion:   Dev-Mobile (B02B49B5-BB20-44E9-A304-32B752E40360): 2
LogDevObjectVersion:   Dev-Networking (A4E4105C-59A1-49B5-A7C5-40C4547EDFEE): 0
LogDevObjectVersion:   Dev-Online (39C831C9-5AE6-47DC-9A44-9C173E1C8E7C): 0
LogDevObjectVersion:   Dev-Physics (78F01B33-EBEA-4F98-B9B4-84EACCB95AA2): 0
LogDevObjectVersion:   Dev-Platform (6631380F-2D4D-43E0-8009-CF276956A95A): 0
LogDevObjectVersion:   Dev-Rendering (12F88B9F-8875-4AFC-A67C-D90C383ABD29): 25
LogDevObjectVersion:   Dev-Sequencer (7B5AE74C-D270-4C10-A958-57980B212A5A): 6
LogDevObjectVersion:   Dev-VR (D7296918-1DD6-4BDD-9DE2-64A83CC13884): 1
LogDevObjectVersion:   Dev-LoadTimes (C2A15278-BFE7-4AFE-6C17-90FF531DF755): 1
LogDevObjectVersion:   Private-Geometry (6EACA3D4-40EC-4CC1-B786-8BED09428FC5): 2
LogDevObjectVersion:   Dev-AnimPhys (29E575DD-E0A3-4627-9D10-D276232CDCEA): 16
LogDevObjectVersion:   Dev-ReflectionCapture (6B266CEC-1EC7-4B8F-A30B-E4D90942FC07): 1
LogDevObjectVersion:   Dev-Automation (0DF73D61-A23F-47EA-B727-89E90C41499A): 1
LogInit: Compiled (64-bit): Mar 13 2018 23:12:32
LogInit: Compiled with Visual C++: 19.00.24215.01
LogInit: Build Configuration: Development
LogInit: Branch Name: ++UE4+Release-4.19
LogInit: Command Line: -EpicPortal
LogInit: Base Directory: C:/Program Files/Epic Games/UE_4.19/Engine/Binaries/Win64/
LogInit: Installed Engine Build: 1
LogStreaming: Display: Took  0.001s to delete old logs.
LogInit: Presizing for max 8388607 objects, including 0 objects not considered by GC, pre-allocating 0 bytes for permanent pool.
LogInit: Object subsystem initialized
[2018.04.08-12.19.48:647][  0]LogInit: Selected Device Profile: [Windows]
[2018.04.08-12.19.48:647][  0]LogInit: Applying CVar settings loaded from the selected device profile: [Windows]
[2018.04.08-12.19.48:681][  0]LogInit: Computer: DESKTOP-LSPO5S8
[2018.04.08-12.19.48:681][  0]LogInit: User: dpony
[2018.04.08-12.19.48:681][  0]LogInit: CPU Page size=4096, Cores=6
[2018.04.08-12.19.48:681][  0]LogInit: High frequency timer resolution =3.221721 MHz
[2018.04.08-12.19.48:682][  0]LogMemory: Memory total: Physical=15.9GB (16GB approx)
[2018.04.08-12.19.48:682][  0]LogMemory: Platform Memory Stats for Windows
[2018.04.08-12.19.48:682][  0]LogMemory: Process Physical Memory: 276.26 MB used, 276.26 MB peak
[2018.04.08-12.19.48:682][  0]LogMemory: Process Virtual Memory: 271.52 MB used, 271.52 MB peak
[2018.04.08-12.19.48:683][  0]LogMemory: Physical Memory: 7051.78 MB used,  9252.66 MB free, 16304.43 MB total
[2018.04.08-12.19.48:683][  0]LogMemory: Virtual Memory: 718.84 MB used,  9252.66 MB free, 134217728.00 MB total
[2018.04.08-12.19.48:708][  0]LogInit: Using OS detected language (en-US).
[2018.04.08-12.19.48:708][  0]LogInit: Using OS detected locale (en-US).
[2018.04.08-12.19.48:712][  0]LogTextLocalizationManager: No specific localization for 'en-US' exists, so the 'en' localization will be used.
[2018.04.08-12.19.49:140][  0]LogStreaming: Display: Took  0.432s to EndInitTextLocalization.
[2018.04.08-12.19.49:140][  0]LogInit: Setting process to per monitor DPI aware
[2018.04.08-12.19.49:171][  0]LogSlate: New Slate User Created.  User Index 0, Is Virtual User: 0
[2018.04.08-12.19.49:171][  0]LogSlate: Slate User Registered.  User Index 0, Is Virtual User: 0
[2018.04.08-12.19.49:369][  0]LogD3D11RHI: D3D11 adapters:
[2018.04.08-12.19.49:408][  0]LogD3D11RHI:    0. 'NVIDIA GeForce GTX 970' (Feature Level 11_0)
[2018.04.08-12.19.49:409][  0]LogD3D11RHI:       4043/0/8152 MB DedicatedVideo/DedicatedSystem/SharedSystem, Outputs:2, VendorId:0x10de
[2018.04.08-12.19.49:411][  0]LogD3D11RHI:    1. 'Microsoft Basic Render Driver' (Feature Level 11_0)
[2018.04.08-12.19.49:411][  0]LogD3D11RHI:       0/0/8152 MB DedicatedVideo/DedicatedSystem/SharedSystem, Outputs:0, VendorId:0x1414
[2018.04.08-12.19.49:411][  0]LogD3D11RHI: Chosen D3D11 Adapter: 0
[2018.04.08-12.19.49:418][  0]LogD3D11RHI: Creating new Direct3DDevice
[2018.04.08-12.19.49:418][  0]LogD3D11RHI:     GPU DeviceId: 0x13c2 (for the marketing name, search the web for "GPU Device Id")
[2018.04.08-12.19.49:418][  0]LogWindows: EnumDisplayDevices:
[2018.04.08-12.19.49:418][  0]LogWindows:    0. 'NVIDIA GeForce GTX 970' (P:1 D:1)
[2018.04.08-12.19.49:419][  0]LogWindows:    1. 'NVIDIA GeForce GTX 970' (P:0 D:1)
[2018.04.08-12.19.49:419][  0]LogWindows:    2. 'NVIDIA GeForce GTX 970' (P:0 D:0)
[2018.04.08-12.19.49:419][  0]LogWindows:    3. 'NVIDIA GeForce GTX 970' (P:0 D:0)
[2018.04.08-12.19.49:419][  0]LogWindows: DebugString: GetVideoDriverDetailsInvalid PrimaryIsNotTheChoosenAdapter GetVideoDriverDetailsInvalid PrimaryIsNotTheChoosenAdapter GetVideoDriverDetailsInvalid PrimaryIsNotTheChoosenAdapter GetVideoDriverDetailsInvalid PrimaryIsNotTheChoosenAdapter FoundDriverCount:0 
[2018.04.08-12.19.49:419][  0]LogD3D11RHI:     Adapter Name: NVIDIA GeForce GTX 970
[2018.04.08-12.19.49:419][  0]LogD3D11RHI:   Driver Version: Unknown (internal:Unknown, unified:Unknown)
[2018.04.08-12.19.49:419][  0]LogD3D11RHI:      Driver Date: Unknown
[2018.04.08-12.19.49:419][  0]LogRHI: Texture pool is 2830 MB (70% of 4043 MB)
[2018.04.08-12.19.49:444][  0]LogD3D11RHI: [Aftermath] Aftermath enabled and primed
[2018.04.08-12.19.49:444][  0]LogD3D11RHI: Async texture creation enabled
[2018.04.08-12.19.49:463][  0]LogD3D11RHI: GPU Timing Frequency: 1000.000000 (Debug: 2 2)
[2018.04.08-12.19.49:512][  0]LogShaderCompilers: Guid format shader working directory is -43 characters bigger than the processId version (../../../../../../Users/dpony/Documents/Unreal Projects/Unreal-Tutorials-1/BuildingEscape/Intermediate/Shaders/WorkingDirectory/3212/).
[2018.04.08-12.19.49:512][  0]LogShaderCompilers: Cleaned the shader compiler working directory 'C:/Users/dpony/AppData/Local/Temp/UnrealShaderWorkingDir/87BA013E4A45C5A923BE2A97E8648A23/'.
[2018.04.08-12.19.49:819][  0]LogTemp: Display: Loaded TP AllDesktopTargetPlatform
[2018.04.08-12.19.49:836][  0]LogTemp: Display: Loaded TP MacClientTargetPlatform
[2018.04.08-12.19.49:851][  0]LogTemp: Display: Loaded TP MacNoEditorTargetPlatform
[2018.04.08-12.19.49:865][  0]LogTemp: Display: Loaded TP MacServerTargetPlatform
[2018.04.08-12.19.49:881][  0]LogTemp: Display: Loaded TP MacTargetPlatform
[2018.04.08-12.19.49:895][  0]LogTemp: Display: Loaded TP WindowsClientTargetPlatform
[2018.04.08-12.19.49:910][  0]LogTemp: Display: Loaded TP WindowsNoEditorTargetPlatform
[2018.04.08-12.19.49:924][  0]LogTemp: Display: Loaded TP WindowsServerTargetPlatform
[2018.04.08-12.19.49:931][  0]LogTemp: Display: Loaded TP WindowsTargetPlatform
[2018.04.08-12.19.49:943][  0]LogTemp: Display: Loaded TP Android_ASTCTargetPlatform
[2018.04.08-12.19.49:955][  0]LogTemp: Display: Loaded TP Android_ATCTargetPlatform
[2018.04.08-12.19.49:968][  0]LogTemp: Display: Loaded TP Android_DXTTargetPlatform
[2018.04.08-12.19.49:980][  0]LogTemp: Display: Loaded TP Android_ETC1aTargetPlatform
[2018.04.08-12.19.49:992][  0]LogTemp: Display: Loaded TP Android_ETC1TargetPlatform
[2018.04.08-12.19.50:004][  0]LogTemp: Display: Loaded TP Android_ETC2TargetPlatform
[2018.04.08-12.19.50:028][  0]LogTemp: Display: Loaded TP Android_MultiTargetPlatform
[2018.04.08-12.19.50:029][  0]LogTemp: Display: Loaded TP Android_PVRTCTargetPlatform
[2018.04.08-12.19.50:041][  0]LogTemp: Display: Loaded TP AndroidTargetPlatform
[2018.04.08-12.19.50:042][  0]LogTemp: Display: Loaded TP HTML5TargetPlatform
[2018.04.08-12.19.50:079][  0]LogTemp: Display: Loaded TP IOSTargetPlatform
[2018.04.08-12.19.50:091][  0]LogTemp: Display: Loaded TP TVOSTargetPlatform
[2018.04.08-12.19.50:104][  0]LogTemp: Display: Loaded TP LinuxClientTargetPlatform
[2018.04.08-12.19.50:116][  0]LogTemp: Display: Loaded TP LinuxNoEditorTargetPlatform
[2018.04.08-12.19.50:128][  0]LogTemp: Display: Loaded TP LinuxServerTargetPlatform
[2018.04.08-12.19.50:141][  0]LogTemp: Display: Loaded TP LinuxTargetPlatform
[2018.04.08-12.19.50:141][  0]LogTargetPlatformManager: Display: Building Assets For Windows
[2018.04.08-12.19.50:254][  0]LogXGEController: Cannot use XGE Controller as Incredibuild is not installed on this machine.
[2018.04.08-12.19.50:254][  0]LogShaderCompilers: Cannot use XGE Shader Compiler as Incredibuild is not installed on this machine.
[2018.04.08-12.19.50:254][  0]LogShaderCompilers: Display: Using Local Shader Compiler.
[2018.04.08-12.19.51:027][  0]LogDerivedDataCache: Display: Max Cache Size: 512 MB
[2018.04.08-12.19.51:102][  0]LogDerivedDataCache: Loaded boot cache 0.07s 74MB C:/Users/dpony/AppData/Local/UnrealEngine/4.19/DerivedDataCache/Boot.ddc.
[2018.04.08-12.19.51:102][  0]LogDerivedDataCache: Display: Loaded Boot cache: C:/Users/dpony/AppData/Local/UnrealEngine/4.19/DerivedDataCache/Boot.ddc
[2018.04.08-12.19.51:102][  0]LogDerivedDataCache: FDerivedDataBackendGraph:  Pak pak cache file ../../../../../../Users/dpony/Documents/Unreal Projects/Unreal-Tutorials-1/BuildingEscape/DerivedDataCache/DDC.ddp not found, will not use a pak cache.
[2018.04.08-12.19.51:102][  0]LogDerivedDataCache: Unable to find inner node Pak for hierarchical cache Hierarchy.
[2018.04.08-12.19.51:102][  0]LogDerivedDataCache: FDerivedDataBackendGraph:  CompressedPak pak cache file ../../../../../../Users/dpony/Documents/Unreal Projects/Unreal-Tutorials-1/BuildingEscape/DerivedDataCache/Compressed.ddp not found, will not use a pak cache.
[2018.04.08-12.19.51:102][  0]LogDerivedDataCache: Unable to find inner node CompressedPak for hierarchical cache Hierarchy.
[2018.04.08-12.19.51:118][  0]LogDerivedDataCache: Display: Pak cache opened for reading ../../../Engine/DerivedDataCache/Compressed.ddp.
[2018.04.08-12.19.51:130][  0]LogDerivedDataCache: Using Local data cache path C:/Users/dpony/AppData/Local/UnrealEngine/Common/DerivedDataCache: Writable
[2018.04.08-12.19.51:143][  0]LogMaterial: Verifying Global Shaders for PCD3D_SM5
[2018.04.08-12.19.51:143][  0]LogSlate: Using Freetype 2.6.0
[2018.04.08-12.19.51:144][  0]LogSlate: SlateFontCache - WITH_FREETYPE: 1, WITH_HARFBUZZ: 1
[2018.04.08-12.19.51:144][  0]LogSlate: SlateFontCache - WITH_FREETYPE: 1, WITH_HARFBUZZ: 1
[2018.04.08-12.19.51:272][  0]LogAssetRegistry: FAssetRegistry took 0.0265 seconds to start up
[2018.04.08-12.19.51:618][  0]LogInit: Selected Device Profile: [Windows]
[2018.04.08-12.19.51:760][  0]LogSimplygon: Simplygon DLL not present - disabling.
[2018.04.08-12.19.51:764][  0]LogMeshReduction: Using SimplygonSwarm for distributed automatic mesh merging
[2018.04.08-12.19.51:764][  0]LogMeshReduction: Using QuadricMeshReduction for automatic static mesh reduction
[2018.04.08-12.19.51:764][  0]LogMeshReduction: No automatic skeletal mesh reduction module available
[2018.04.08-12.19.51:764][  0]LogMeshReduction: No automatic mesh merging module available
[2018.04.08-12.19.51:764][  0]LogMeshMerging: No automatic mesh merging module available
[2018.04.08-12.19.51:812][  0]LogNetVersion: BuildingEscape , NetCL: 3944462, EngineNetVer: 2, GameNetVer: 0 (Checksum: 4285820645)
[2018.04.08-12.19.52:300][  0]LogPackageLocalizationCache: Processed 9 localized package path(s) for 2 prioritized culture(s) in 0.093168 seconds
[2018.04.08-12.19.52:305][  0]LogUObjectArray: 36728 objects as part of root set at end of initial load.
[2018.04.08-12.19.52:305][  0]LogUObjectAllocator: 7314312 out of 0 bytes used by permanent object pool.
[2018.04.08-12.19.52:305][  0]LogUObjectArray: CloseDisregardForGC: 0/0 objects in disregard for GC pool
[2018.04.08-12.19.54:023][  0]LogTcpMessaging: Initializing TcpMessaging bridge
[2018.04.08-12.19.54:054][  0]LogUdpMessaging: Initializing bridge on interface 0.0.0.0:0 to multicast group 230.0.0.1:6666.
[2018.04.08-12.19.54:531][  0]SourceControl: Source control is disabled
[2018.04.08-12.19.54:531][  0]SourceControl: Source control is disabled
[2018.04.08-12.19.54:556][  0]SourceControl: Source control is disabled
[2018.04.08-12.19.54:576][  0]SourceControl: Source control is disabled
[2018.04.08-12.19.55:188][  0]LogAndroidPermission: UAndroidPermissionCallbackProxy::GetInstance
[2018.04.08-12.19.55:391][  0]LogOcInput: OculusInput pre-init called
[2018.04.08-12.19.55:522][  0]LogEngine: Initializing Engine...
[2018.04.08-12.19.55:523][  0]LogHMD: Failed to initialize OpenVR with code 110
[2018.04.08-12.19.55:524][  0]LogStats: UGameplayTagsManager::ConstructGameplayTagTree: Construct from data asset -  0.000 s
[2018.04.08-12.19.55:524][  0]LogStats: UGameplayTagsManager::ConstructGameplayTagTree: GameplayTagTreeChangedEvent.Broadcast -  0.000 s
[2018.04.08-12.19.55:773][  0]LogAIModule: Creating AISystem for world Untitled
[2018.04.08-12.19.55:791][  0]LogInit: XAudio2 using 'Headphones (2- High Definition Audio Device)' : 2 channels at 48 kHz using 16 bits per sample (channel mask 0x3)
[2018.04.08-12.19.55:804][  0]LogInit: FAudioDevice initialized.
[2018.04.08-12.19.55:889][  0]LogDerivedDataCache: Saved boot cache 0.09s 74MB C:/Users/dpony/AppData/Local/UnrealEngine/4.19/DerivedDataCache/Boot.ddc.
[2018.04.08-12.19.55:907][  0]LogInit: Texture streaming: Enabled
[2018.04.08-12.19.55:928][  0]LogEngineSessionManager: EngineSessionManager initialized
[2018.04.08-12.19.55:928][  0]LogEngineSessionManager: EngineSessionManager sent abnormal shutdown report. Type=Crashed, SessionId={9323C77C-4FC5-2F12-7887-69BD476510A1}
[2018.04.08-12.19.55:946][  0]LogInit: Transaction tracking system initialized
[2018.04.08-12.19.55:973][  0]BlueprintLog: New page: Editor Load
[2018.04.08-12.19.56:052][  0]LocalizationService: Localization service is disabled
[2018.04.08-12.19.56:156][  0]LogConsoleResponse: Display: 
[2018.04.08-12.19.56:341][  0]LogCook: Display: Max memory allowance for cook 16384mb min free memory 0mb
[2018.04.08-12.19.56:341][  0]LogCook: Display: Mobile HDR setting 1
[2018.04.08-12.19.56:341][  0]LogGameplayTags: Display: UGameplayTagsManager::DoneAddingNativeTags. DelegateIsBound: 0
[2018.04.08-12.19.56:341][  0]LogStats: UGameplayTagsManager::ConstructGameplayTagTree: Construct from data asset -  0.000 s
[2018.04.08-12.19.56:341][  0]LogStats: UGameplayTagsManager::ConstructGameplayTagTree: GameplayTagTreeChangedEvent.Broadcast -  0.000 s
[2018.04.08-12.19.56:354][  0]LogFileCache: Scanning file cache for directory 'C:/Users/dpony/Documents/Unreal Projects/Unreal-Tutorials-1/BuildingEscape/Content/' took 0.01s
[2018.04.08-12.19.56:758][  0]SourceControl: Source control is disabled
[2018.04.08-12.19.56:887][  0]LogSlate: Took 0.000359 seconds to synchronously load lazily loaded font '../../../Engine/Content/Slate/Fonts/Roboto-Regular.ttf' (155K)
[2018.04.08-19.00.13:832][  0]LogSlate: Window 'Restore Packages' being destroyed
[2018.04.08-19.00.13:853][  0]Cmd: MAP LOAD FILE="../../../../../../Users/dpony/Documents/Unreal Projects/Unreal-Tutorials-1/BuildingEscape/Content/NewMap.umap" TEMPLATE=0 SHOWPROGRESS=1 FEATURELEVEL=3
[2018.04.08-19.00.13:859][  0]LightingResults: New page: Lighting Build
[2018.04.08-19.00.13:872][  0]MapCheck: New page: Map Check
[2018.04.08-19.00.13:872][  0]LightingResults: New page: Lighting Build
[2018.04.08-19.00.14:317][  0]LogAIModule: Creating AISystem for world NewMap
[2018.04.08-19.00.14:326][  0]LogEditorServer: Finished looking for orphan Actors (0.000 secs)
[2018.04.08-19.00.14:344][  0]Cmd: MAP CHECKDEP NOCLEARLOG
[2018.04.08-19.00.14:409][  0]MapCheck: Map check complete: 0 Error(s), 0 Warning(s), took 65.223ms to complete.
[2018.04.08-19.00.14:409][  0]LogFileHelpers: Loading map 'NewMap' took 0.557
[2018.04.08-19.00.14:515][  0]LogStats: Warning: MetaData mismatch. Did you assign a stat to two groups? New //STATGROUP_Threads//SplashScreenThread///Thread_990_0///####STATCAT_Advanced#### old //STATGROUP_Threads//SplashScreenThread///Thread_3e78_0///####STATCAT_Advanced####
[2018.04.08-19.00.14:515][  0]LogCollectionManager: Loaded 0 collections in 0.002523 seconds
[2018.04.08-19.00.14:581][  0]LogFileCache: Scanning file cache for directory 'C:/Users/dpony/Documents/Unreal Projects/Unreal-Tutorials-1/BuildingEscape/Saved/Collections/' took 0.01s
[2018.04.08-19.00.14:581][  0]LogFileCache: Scanning file cache for directory 'C:/Users/dpony/Documents/Unreal Projects/Unreal-Tutorials-1/BuildingEscape/Content/Developers/dpony/Collections/' took 0.01s
[2018.04.08-19.00.14:581][  0]LogFileCache: Scanning file cache for directory 'C:/Users/dpony/Documents/Unreal Projects/Unreal-Tutorials-1/BuildingEscape/Content/Collections/' took 0.01s
[2018.04.08-19.00.14:581][  0]LogCollectionManager: Rebuilt the GUID cache for 0 collections in 0.000001 seconds
[2018.04.08-19.00.14:614][  0]LogContentBrowser: Native class hierarchy populated in 0.0324 seconds. Added 2454 classes and 560 folders.
[2018.04.08-19.00.14:626][  0]LogContentBrowser: Native class hierarchy updated for 'WidgetCarousel' in 0.0009 seconds. Added 0 classes and 0 folders.
[2018.04.08-19.00.14:710][  0]LogContentBrowser: Native class hierarchy updated for 'AddContentDialog' in 0.0009 seconds. Added 0 classes and 0 folders.
[2018.04.08-19.00.14:717][  0]LogContentBrowser: Native class hierarchy updated for 'SceneOutliner' in 0.0009 seconds. Added 1 classes and 2 folders.
[2018.04.08-19.00.14:810][  0]LogSlate: Took 0.000240 seconds to synchronously load lazily loaded font '../../../Engine/Content/Slate/Fonts/Roboto-Bold.ttf' (160K)
[2018.04.08-19.00.14:813][  0]LogSlate: Took 0.000198 seconds to synchronously load lazily loaded font '../../../Engine/Content/Editor/Slate/Fonts/FontAwesome.ttf' (139K)
[2018.04.08-19.00.14:813][  0]LogSlate: Took 0.000133 seconds to synchronously load lazily loaded font '../../../Engine/Content/Slate/Fonts/DroidSansMono.ttf' (77K)
[2018.04.08-19.00.14:995][  0]LogRenderer: Reallocating scene render targets to support 876x572 Format 10 NumSamples 1 (Frame:1).
[2018.04.08-19.00.15:231][  0]LogContentBrowser: Native class hierarchy updated for 'HierarchicalLODOutliner' in 0.0016 seconds. Added 0 classes and 0 folders.
[2018.04.08-19.00.15:232][  0]LogLoad: (Engine Initialization) Total time: 24030.64 seconds
[2018.04.08-19.00.15:232][  0]LogLoad: (Engine Initialization) Total Blueprint compile time: 0.00 seconds
[2018.04.08-19.00.15:601][  0]LogContentStreaming: Texture pool size now 1000 MB
[2018.04.08-19.00.16:265][  2]LogHotReload: New module detected: UE4Editor-BuildingEscape-6202.dll
[2018.04.08-19.00.16:266][  2]LogHotReload: New module detected: UE4Editor-BuildingEscape-6255.dll
[2018.04.08-19.00.16:266][  2]LogHotReload: New module detected: UE4Editor-BuildingEscape-8788.dll
[2018.04.08-19.00.16:267][  2]LogHotReload: New module detected: UE4Editor-BuildingEscape-6750.dll
[2018.04.08-19.00.16:267][  2]LogHotReload: New module detected: UE4Editor-BuildingEscape-3397.dll
[2018.04.08-19.00.16:267][  2]LogHotReload: New module detected: UE4Editor-BuildingEscape-3802.dll
[2018.04.08-19.00.16:268][  2]LogHotReload: New module detected: UE4Editor-BuildingEscape-3033.dll
[2018.04.08-19.00.16:268][  2]LogHotReload: New module detected: UE4Editor-BuildingEscape-2242.dll
[2018.04.08-19.00.16:268][  2]LogHotReload: New module detected: UE4Editor-BuildingEscape-9946.dll
[2018.04.08-19.00.16:305][  3]LogHotReload: Starting Hot-Reload from IDE
[2018.04.08-19.00.16:324][  3]LogSlate: Took 0.000511 seconds to synchronously load lazily loaded font '../../../Engine/Content/Slate/Fonts/Roboto-Light.ttf' (167K)
[2018.04.08-19.00.16:365][  3]LogClass: Could not find existing class OpenDoor in package /Script/BuildingEscape for HotReload, assuming new class
[2018.04.08-19.00.16:367][  3]LogHotReload: Re-instancing OpenDoor after hot-reload.
[2018.04.08-19.00.16:424][  3]LogContentBrowser: Native class hierarchy updated for 'BuildingEscape' in 0.0009 seconds. Added 2 classes and 2 folders.
[2018.04.08-19.00.16:425][  3]Display: HotReload successful (0 functions remapped  0 scriptstructs remapped)
[2018.04.08-19.00.16:607][  3]LogContentBrowser: Native class hierarchy populated in 0.0115 seconds. Added 2455 classes and 562 folders.
[2018.04.08-19.00.16:619][  3]Display: HotReload took  0.3s.
[2018.04.08-19.00.16:645][  3]LogAssetRegistry: Asset discovery search completed in 24025.3952 seconds
[2018.04.08-19.00.16:647][  3]LogCollectionManager: Rebuilt the object cache for 0 collections in 0.000001 seconds (found 0 objects)
[2018.04.08-19.00.16:648][  3]LogCollectionManager: Fixed up redirectors for 0 collections in 0.000222 seconds (updated 0 objects)
[2018.04.08-19.00.21:032][450]LogEditorViewport: Clicking on Actor (LMB): StaticMeshActor (Floor)
[2018.04.08-19.00.21:514][468]LogEditorViewport: Clicking on Actor (LMB): TriggerVolume (TriggerVolume)
[2018.04.08-19.00.34:023][374]LogSlate: FSceneViewport::OnFocusLost() reason 2
[2018.04.08-19.00.34:218][374]LogSavePackage: Save=50.02ms
[2018.04.08-19.00.34:218][374]LogSavePackage: Moving '../../../../../../Users/dpony/Documents/Unreal Projects/Unreal-Tutorials-1/BuildingEscape/Saved/NewMapAC225464460F2FE3A1168D93936FF8DE.tmp' to '../../../../../../Users/dpony/Documents/Unreal Projects/Unreal-Tutorials-1/BuildingEscape/Content/NewMap.umap'
[2018.04.08-19.00.34:222][374]LogSavePackage: Display: Finished SavePackage ../../../../../../Users/dpony/Documents/Unreal Projects/Unreal-Tutorials-1/BuildingEscape/Content/NewMap.umap
[2018.04.08-19.00.34:259][374]LogFileHelpers: Saving map 'NewMap' took 0.219
[2018.04.08-19.00.40:426][877]LogEditorViewport: Clicking on Actor (LMB): StaticMeshActor (SM_Door2)
[2018.04.08-19.00.49:687][ 58]LogEditorViewport: Clicking on Actor (context menu): StaticMeshActor (Floor)
[2018.04.08-19.00.49:755][ 58]LogSlate: FSceneViewport::OnFocusLost() reason 2
[2018.04.08-19.00.58:488][691]LogEditorViewport: Clicking on Actor (LMB): StaticMeshActor (SM_Door)
[2018.04.08-19.00.59:874][824]LogSlate: Took 0.000399 seconds to synchronously load lazily loaded font '../../../Engine/Content/Slate/Fonts/Roboto-Italic.ttf' (157K)
[2018.04.08-19.01.00:539][898]LogSlate: FSceneViewport::OnFocusLost() reason 0
[2018.04.08-19.01.05:085][354]LogEditorViewport: Clicking on Actor (LMB): StaticMeshActor (SM_Door2)
[2018.04.08-19.01.06:343][471]LogEditorViewport: Clicking on Actor (LMB): StaticMeshActor (SM_Door2)
[2018.04.08-19.01.07:654][597]LogSlate: FSceneViewport::OnFocusLost() reason 0
[2018.04.08-19.01.51:859][344]LogEditorViewport: Clicking on Actor (context menu): StaticMeshActor (Floor)
[2018.04.08-19.01.51:930][344]LogSlate: FSceneViewport::OnFocusLost() reason 2
[2018.04.08-19.01.54:015][529]LogSlate: FSceneViewport::OnFocusLost() reason 0
[2018.04.08-19.01.54:154][545]LogTemp: Repeating last play command: Selected Viewport
[2018.04.08-19.01.54:166][545]LogPlayLevel: PlayLevel: No blueprints needed recompiling
[2018.04.08-19.01.54:167][545]PIE: New page: PIE session: NewMap (Apr 8, 2018, 3:01:54 AM)
[2018.04.08-19.01.54:167][545]LogPlayLevel: Creating play world package: /Game/UEDPIE_0_NewMap
[2018.04.08-19.01.54:170][545]LogPlayLevel: PIE: StaticDuplicateObject took: (0.003157s)
[2018.04.08-19.01.54:171][545]LogAIModule: Creating AISystem for world NewMap
[2018.04.08-19.01.54:172][545]LogPlayLevel: PIE: World Init took: (0.001233s)
[2018.04.08-19.01.54:172][545]LogPlayLevel: PIE: Created PIE world by copying editor world from /Game/NewMap.NewMap to /Game/UEDPIE_0_NewMap.NewMap (0.004872s)
[2018.04.08-19.01.54:186][545]LogInit: XAudio2 using 'Headphones (2- High Definition Audio Device)' : 2 channels at 48 kHz using 16 bits per sample (channel mask 0x3)
[2018.04.08-19.01.54:194][545]LogInit: FAudioDevice initialized.
[2018.04.08-19.01.54:236][545]LogLoad: Game class is 'GameModeBase'
[2018.04.08-19.01.54:240][545]LogWorld: Bringing World /Game/UEDPIE_0_NewMap.NewMap up for play (max tick rate 0) at 2018.04.08-11.01.54
[2018.04.08-19.01.54:240][545]LogWorld: Bringing up level for play took: 0.001400
[2018.04.08-19.01.54:274][545]LogContentBrowser: Native class hierarchy updated for 'MovieSceneCapture' in 0.0018 seconds. Added 11 classes and 0 folders.
[2018.04.08-19.01.54:277][545]LogTemp: Warning: SM_Chair_2 POSITION is X=-360.116 Y=328.435 Z=30.000
[2018.04.08-19.01.54:278][545]PIE: Play in editor start time for /Game/UEDPIE_0_NewMap 0.796
[2018.04.08-19.01.56:520][637]LogWindows: Error: === Critical error: ===
[2018.04.08-19.01.56:520][637]LogWindows: Error: 
[2018.04.08-19.01.56:520][637]LogWindows: Error: Fatal error!
[2018.04.08-19.01.56:520][637]LogWindows: Error: 
[2018.04.08-19.01.56:521][637]LogWindows: Error: Unhandled Exception: EXCEPTION_ACCESS_VIOLATION reading address 0x00000170
[2018.04.08-19.01.56:521][637]LogWindows: Error: 
[2018.04.08-19.01.56:521][637]LogWindows: Error: [Callstack] 0x0000000084F071A4 UE4Editor-Engine.dll!UnknownFunction []
[2018.04.08-19.01.56:521][637]LogWindows: Error: [Callstack] 0x000000009D6C1D0B UE4Editor-BuildingEscape-9946.dll!UOpenDoor::TickComponent() [c:\users\dpony\documents\unreal projects\unreal-tutorials-1\buildingescape\source\buildingescape\opendoor.cpp:59]
[2018.04.08-19.01.56:521][637]LogWindows: Error: [Callstack] 0x00000000852BD258 UE4Editor-Engine.dll!UnknownFunction []
[2018.04.08-19.01.56:521][637]LogWindows: Error: [Callstack] 0x00000000852EFDA4 UE4Editor-Engine.dll!UnknownFunction []
[2018.04.08-19.01.56:521][637]LogWindows: Error: [Callstack] 0x0000000085FC64DB UE4Editor-Engine.dll!UnknownFunction []
[2018.04.08-19.01.56:521][637]LogWindows: Error: [Callstack] 0x0000000085FCBBB3 UE4Editor-Engine.dll!UnknownFunction []
[2018.04.08-19.01.56:521][637]LogWindows: Error: [Callstack] 0x000000009192B723 UE4Editor-Core.dll!UnknownFunction []
[2018.04.08-19.01.56:521][637]LogWindows: Error: [Callstack] 0x000000009192BA60 UE4Editor-Core.dll!UnknownFunction []
[2018.04.08-19.01.56:521][637]LogWindows: Error: [Callstack] 0x0000000085FEC905 UE4Editor-Engine.dll!UnknownFunction []
[2018.04.08-19.01.56:521][637]LogWindows: Error: [Callstack] 0x0000000085FF26B2 UE4Editor-Engine.dll!UnknownFunction []
[2018.04.08-19.01.56:521][637]LogWindows: Error: [Callstack] 0x000000008584BAE4 UE4Editor-Engine.dll!UnknownFunction []
[2018.04.08-19.01.56:521][637]LogWindows: Error: [Callstack] 0x0000000085857009 UE4Editor-Engine.dll!UnknownFunction []
[2018.04.08-19.01.56:521][637]LogWindows: Error: [Callstack] 0x0000000087CBD781 UE4Editor-UnrealEd.dll!UnknownFunction []
[2018.04.08-19.01.56:521][637]LogWindows: Error: [Callstack] 0x0000000088559526 UE4Editor-UnrealEd.dll!UnknownFunction []
[2018.04.08-19.01.56:521][637]LogWindows: Error: [Callstack] 0x00000000BEB35EAC UE4Editor.exe!UnknownFunction []
[2018.04.08-19.01.56:521][637]LogWindows: Error: [Callstack] 0x00000000BEB46BD0 UE4Editor.exe!UnknownFunction []
[2018.04.08-19.01.56:521][637]LogWindows: Error: [Callstack] 0x00000000BEB46C4A UE4Editor.exe!UnknownFunction []
[2018.04.08-19.01.56:521][637]LogWindows: Error: [Callstack] 0x00000000BEB54149 UE4Editor.exe!UnknownFunction []
[2018.04.08-19.01.56:521][637]LogWindows: Error: [Callstack] 0x00000000BEB55B57 UE4Editor.exe!UnknownFunction []
[2018.04.08-19.01.56:521][637]LogWindows: Error: [Callstack] 0x00000000C4EF1FE4 KERNEL32.DLL!UnknownFunction []
[2018.04.08-19.01.56:521][637]LogWindows: Error: [Callstack] 0x00000000C773EFC1 ntdll.dll!UnknownFunction []
[2018.04.08-19.01.56:521][637]LogWindows: Error: [Callstack] 0x00000000C773EFC1 ntdll.dll!UnknownFunction []
[2018.04.08-19.01.56:521][637]LogWindows: Error: 
[2018.04.08-19.01.56:543][637]LogExit: Executing StaticShutdownAfterError
[2018.04.08-19.01.56:553][637]LogWindows: FPlatformMisc::RequestExit(1)
[2018.04.08-19.01.56:553][637]Log file closed, 04/08/18 11:01:56
