Log file open, 04/11/18 01:16:19
LogWindows: Failed to load 'aqProf.dll' (GetLastError=126)
LogWindows: File 'aqProf.dll' does not exist
LogWindows: Failed to load 'VSPerf140.dll' (GetLastError=126)
LogWindows: File 'VSPerf140.dll' does not exist
LogWindows: Failed to load 'VtuneApi.dll' (GetLastError=126)
LogWindows: File 'VtuneApi.dll' does not exist
LogWindows: Failed to load 'VtuneApi32e.dll' (GetLastError=126)
LogWindows: File 'VtuneApi32e.dll' does not exist
LogInit: Display: Running engine for game: BuildingEscape
LogPlatformFile: Not using cached read wrapper
LogInit: Display: RandInit(-1150769531) SRandInit(-1150769531).
LogInit: Read version file with build ID '3944462'
LogInit: Overriding engine version to CL 3944462, compatible CL 3944462
LogInit: Registered custom module enumerator with build ID '3944462'
LogTaskGraph: Started task graph with 5 named threads and 23 total threads with 3 sets of task threads.
LogStats: Stats thread started at 0.291739
LogD3D11RHI: Aftermath initialized
LogICUInternationalization: Display: ICU TimeZone Detection - Raw Offset: -9:00, Platform Override: ''
LogPluginManager: Mounting plugin Paper2D
LogPluginManager: Mounting plugin LiveLink
LogPluginManager: Mounting plugin LightPropagationVolume
LogPluginManager: Mounting plugin CLionSourceCodeAccess
LogPluginManager: Mounting plugin CodeLiteSourceCodeAccess
LogPluginManager: Mounting plugin GitSourceControl
LogPluginManager: Mounting plugin KDevelopSourceCodeAccess
LogPluginManager: Mounting plugin NullSourceCodeAccess
LogPluginManager: Mounting plugin PerforceSourceControl
LogPluginManager: Mounting plugin SubversionSourceControl
LogPluginManager: Mounting plugin UObjectPlugin
LogPluginManager: Mounting plugin VisualStudioCodeSourceCodeAccess
LogPluginManager: Mounting plugin VisualStudioSourceCodeAccess
LogPluginManager: Mounting plugin XCodeSourceCodeAccess
LogPluginManager: Mounting plugin AssetManagerEditor
LogPluginManager: Mounting plugin CryptoKeys
LogPluginManager: Mounting plugin DataValidation
LogPluginManager: Mounting plugin FacialAnimation
LogPluginManager: Mounting plugin GameplayTagsEditor
LogPluginManager: Mounting plugin MobileLauncherProfileWizard
LogPluginManager: Mounting plugin PluginBrowser
LogPluginManager: Mounting plugin SpeedTreeImporter
LogPluginManager: Mounting plugin DatasmithContent
LogPluginManager: Mounting plugin AlembicImporter
LogPluginManager: Mounting plugin CharacterAI
LogPluginManager: Mounting plugin HTML5Networking
LogPluginManager: Mounting plugin AndroidMedia
LogPluginManager: Mounting plugin AvfMedia
LogPluginManager: Mounting plugin ImgMedia
LogPluginManager: Mounting plugin LinearTimecode
LogPluginManager: Mounting plugin MediaCompositing
LogPluginManager: Mounting plugin MediaPlayerEditor
LogPluginManager: Mounting plugin WmfMedia
LogPluginManager: Mounting plugin TcpMessaging
LogPluginManager: Mounting plugin UdpMessaging
LogPluginManager: Mounting plugin ActorSequence
LogPluginManager: Mounting plugin LevelSequenceEditor
LogPluginManager: Mounting plugin MatineeToLevelSequence
LogPluginManager: Mounting plugin NetcodeUnitTest
LogPluginManager: Mounting plugin NUTUnrealEngine4
LogPluginManager: Mounting plugin OnlineSubsystemGooglePlay
LogPluginManager: Mounting plugin OnlineSubsystemIOS
LogPluginManager: Mounting plugin OnlineSubsystem
LogPluginManager: Mounting plugin OnlineSubsystemNull
LogPluginManager: Mounting plugin OnlineSubsystemUtils
LogPluginManager: Mounting plugin AndroidDeviceProfileSelector
LogPluginManager: Mounting plugin AndroidMoviePlayer
LogPluginManager: Mounting plugin AndroidPermission
LogPluginManager: Mounting plugin AppleARKit
LogPluginManager: Mounting plugin AppleMoviePlayer
LogPluginManager: Mounting plugin ArchVisCharacter
LogPluginManager: Mounting plugin AudioCapture
LogPluginManager: Mounting plugin CableComponent
LogPluginManager: Mounting plugin CustomMeshComponent
LogPluginManager: Mounting plugin ExampleDeviceProfileSelector
LogPluginManager: Mounting plugin GoogleCloudMessaging
LogPluginManager: Mounting plugin ImmediatePhysics
LogPluginManager: Mounting plugin IOSDeviceProfileSelector
LogPluginManager: Mounting plugin LinuxDeviceProfileSelector
LogPluginManager: Mounting plugin LocationServicesBPLibrary
LogPluginManager: Mounting plugin MobilePatchingUtils
LogPluginManager: Mounting plugin OculusVR
LogPluginManager: Plugin shader directory ../../../Engine/Plugins/Runtime/Oculus/OculusVR/Shaders found
LogPluginManager: Mapping shader source directory ../../../Engine/Plugins/Runtime/Oculus/OculusVR/Shaders to virtual directory /Plugin/OculusVR
LogPluginManager: Mounting plugin PhysXVehicles
LogPluginManager: Mounting plugin ProceduralMeshComponent
LogPluginManager: Mounting plugin RuntimePhysXCooking
LogPluginManager: Mounting plugin SteamVR
LogPluginManager: Mounting plugin WindowsMoviePlayer
LogStreaming: Display: Took  0.139s to configure plugins.
LogModuleManager: Warning: Module file ../../../../../../Users/Darkpony/Documents/Unreal-Tutorials-1/BuildingEscape/Binaries/Win64/UE4Editor-BuildingEscape-1941.dll is missing. This is likely a stale module that must be recompiled.
LogModuleManager: Display: Found up-to-date module file ../../../Engine/Plugins/2D/Paper2D/Binaries/Win64/UE4Editor-Paper2D.dll (API version 3944462).
LogModuleManager: Display: Found up-to-date module file ../../../Engine/Plugins/2D/Paper2D/Binaries/Win64/UE4Editor-Paper2DEditor.dll (API version 3944462).
LogModuleManager: Display: Found up-to-date module file ../../../Engine/Plugins/2D/Paper2D/Binaries/Win64/UE4Editor-PaperSpriteSheetImporter.dll (API version 3944462).
LogModuleManager: Display: Found up-to-date module file ../../../Engine/Plugins/2D/Paper2D/Binaries/Win64/UE4Editor-PaperTiledImporter.dll (API version 3944462).
LogModuleManager: Display: Found up-to-date module file ../../../Engine/Plugins/2D/Paper2D/Binaries/Win64/UE4Editor-SmartSnapping.dll (API version 3944462).
LogModuleManager: Display: Found up-to-date module file ../../../Engine/Plugins/Animation/LiveLink/Binaries/Win64/UE4Editor-LiveLink.dll (API version 3944462).
LogModuleManager: Display: Found up-to-date module file ../../../Engine/Plugins/Animation/LiveLink/Binaries/Win64/UE4Editor-LiveLinkEditor.dll (API version 3944462).
LogModuleManager: Display: Found up-to-date module file ../../../Engine/Plugins/Blendables/LightPropagationVolume/Binaries/Win64/UE4Editor-LightPropagationVolumeRuntime.dll (API version 3944462).
LogModuleManager: Display: Found up-to-date module file ../../../Engine/Plugins/Blendables/LightPropagationVolume/Binaries/Win64/UE4Editor-LightPropagationVolumeEditor.dll (API version 3944462).
LogModuleManager: Display: Found up-to-date module file ../../../Engine/Plugins/Developer/CLionSourceCodeAccess/Binaries/Win64/UE4Editor-CLionSourceCodeAccess.dll (API version 3944462).
LogModuleManager: Display: Found up-to-date module file ../../../Engine/Plugins/Developer/GitSourceControl/Binaries/Win64/UE4Editor-GitSourceControl.dll (API version 3944462).
LogModuleManager: Display: Found up-to-date module file ../../../Engine/Plugins/Developer/PerforceSourceControl/Binaries/Win64/UE4Editor-PerforceSourceControl.dll (API version 3944462).
LogModuleManager: Display: Found up-to-date module file ../../../Engine/Plugins/Developer/SubversionSourceControl/Binaries/Win64/UE4Editor-SubversionSourceControl.dll (API version 3944462).
LogModuleManager: Display: Found up-to-date module file ../../../Engine/Plugins/Developer/UObjectPlugin/Binaries/Win64/UE4Editor-UObjectPlugin.dll (API version 3944462).
LogModuleManager: Display: Found up-to-date module file ../../../Engine/Plugins/Developer/VisualStudioCodeSourceCodeAccess/Binaries/Win64/UE4Editor-VisualStudioCodeSourceCodeAccess.dll (API version 3944462).
LogModuleManager: Display: Found up-to-date module file ../../../Engine/Plugins/Developer/VisualStudioSourceCodeAccess/Binaries/Win64/UE4Editor-VisualStudioSourceCodeAccess.dll (API version 3944462).
LogModuleManager: Display: Found up-to-date module file ../../../Engine/Plugins/Editor/AssetManagerEditor/Binaries/Win64/UE4Editor-AssetManagerEditor.dll (API version 3944462).
LogModuleManager: Display: Found up-to-date module file ../../../Engine/Plugins/Editor/CryptoKeys/Binaries/Win64/UE4Editor-CryptoKeys.dll (API version 3944462).
LogModuleManager: Display: Found up-to-date module file ../../../Engine/Plugins/Editor/CryptoKeys/Binaries/Win64/UE4Editor-CryptoKeysOpenSSL.dll (API version 3944462).
LogModuleManager: Display: Found up-to-date module file ../../../Engine/Plugins/Editor/DataValidation/Binaries/Win64/UE4Editor-DataValidation.dll (API version 3944462).
LogModuleManager: Display: Found up-to-date module file ../../../Engine/Plugins/Editor/FacialAnimation/Binaries/Win64/UE4Editor-FacialAnimation.dll (API version 3944462).
LogModuleManager: Display: Found up-to-date module file ../../../Engine/Plugins/Editor/FacialAnimation/Binaries/Win64/UE4Editor-FacialAnimationEditor.dll (API version 3944462).
LogModuleManager: Display: Found up-to-date module file ../../../Engine/Plugins/Editor/GameplayTagsEditor/Binaries/Win64/UE4Editor-GameplayTagsEditor.dll (API version 3944462).
LogModuleManager: Display: Found up-to-date module file ../../../Engine/Plugins/Editor/MobileLauncherProfileWizard/Binaries/Win64/UE4Editor-MobileLauncherProfileWizard.dll (API version 3944462).
LogModuleManager: Display: Found up-to-date module file ../../../Engine/Plugins/Editor/PluginBrowser/Binaries/Win64/UE4Editor-PluginBrowser.dll (API version 3944462).
LogModuleManager: Display: Found up-to-date module file ../../../Engine/Plugins/Editor/SpeedTreeImporter/Binaries/Win64/UE4Editor-SpeedTreeImporter.dll (API version 3944462).
LogModuleManager: Display: Found up-to-date module file ../../../Engine/Plugins/Enterprise/DatasmithContent/Binaries/Win64/UE4Editor-DatasmithContent.dll (API version 3944462).
LogModuleManager: Display: Found up-to-date module file ../../../Engine/Plugins/Experimental/AlembicImporter/Binaries/Win64/UE4Editor-AlembicImporter.dll (API version 3944462).
LogModuleManager: Display: Found up-to-date module file ../../../Engine/Plugins/Experimental/AlembicImporter/Binaries/Win64/UE4Editor-AlembicLibrary.dll (API version 3944462).
LogModuleManager: Display: Found up-to-date module file ../../../Engine/Plugins/Experimental/CharacterAI/Binaries/Win64/UE4Editor-CharacterAI.dll (API version 3944462).
LogModuleManager: Display: Found up-to-date module file ../../../Engine/Plugins/Experimental/HTML5Networking/Binaries/Win64/UE4Editor-HTML5Networking.dll (API version 3944462).
LogModuleManager: Display: Found up-to-date module file ../../../Engine/Plugins/Media/AndroidMedia/Binaries/Win64/UE4Editor-AndroidMediaEditor.dll (API version 3944462).
LogModuleManager: Display: Found up-to-date module file ../../../Engine/Plugins/Media/AndroidMedia/Binaries/Win64/UE4Editor-AndroidMediaFactory.dll (API version 3944462).
LogModuleManager: Display: Found up-to-date module file ../../../Engine/Plugins/Media/AvfMedia/Binaries/Win64/UE4Editor-AvfMediaEditor.dll (API version 3944462).
LogModuleManager: Display: Found up-to-date module file ../../../Engine/Plugins/Media/AvfMedia/Binaries/Win64/UE4Editor-AvfMediaFactory.dll (API version 3944462).
LogModuleManager: Display: Found up-to-date module file ../../../Engine/Plugins/Media/AvfMedia/Binaries/Win64/UE4Editor-AvfMediaFactory.dll (API version 3944462).
LogModuleManager: Display: Found up-to-date module file ../../../Engine/Plugins/Media/ImgMedia/Binaries/Win64/UE4Editor-ImgMedia.dll (API version 3944462).
LogModuleManager: Display: Found up-to-date module file ../../../Engine/Plugins/Media/ImgMedia/Binaries/Win64/UE4Editor-ImgMediaEditor.dll (API version 3944462).
LogModuleManager: Display: Found up-to-date module file ../../../Engine/Plugins/Media/ImgMedia/Binaries/Win64/UE4Editor-ImgMediaFactory.dll (API version 3944462).
LogModuleManager: Display: Found up-to-date module file ../../../Engine/Plugins/Media/ImgMedia/Binaries/Win64/UE4Editor-ImgMediaFactory.dll (API version 3944462).
LogModuleManager: Display: Found up-to-date module file ../../../Engine/Plugins/Media/ImgMedia/Binaries/Win64/UE4Editor-OpenExrWrapper.dll (API version 3944462).
LogModuleManager: Display: Found up-to-date module file ../../../Engine/Plugins/Media/LinearTimecode/Binaries/Win64/UE4Editor-LinearTimecode.dll (API version 3944462).
LogModuleManager: Display: Found up-to-date module file ../../../Engine/Plugins/Media/MediaCompositing/Binaries/Win64/UE4Editor-MediaCompositing.dll (API version 3944462).
LogModuleManager: Display: Found up-to-date module file ../../../Engine/Plugins/Media/MediaCompositing/Binaries/Win64/UE4Editor-MediaCompositingEditor.dll (API version 3944462).
LogModuleManager: Display: Found up-to-date module file ../../../Engine/Plugins/Media/MediaPlayerEditor/Binaries/Win64/UE4Editor-MediaPlayerEditor.dll (API version 3944462).
LogModuleManager: Display: Found up-to-date module file ../../../Engine/Plugins/Media/WmfMedia/Binaries/Win64/UE4Editor-WmfMedia.dll (API version 3944462).
LogModuleManager: Display: Found up-to-date module file ../../../Engine/Plugins/Media/WmfMedia/Binaries/Win64/UE4Editor-WmfMediaEditor.dll (API version 3944462).
LogModuleManager: Display: Found up-to-date module file ../../../Engine/Plugins/Media/WmfMedia/Binaries/Win64/UE4Editor-WmfMediaFactory.dll (API version 3944462).
LogModuleManager: Display: Found up-to-date module file ../../../Engine/Plugins/Media/WmfMedia/Binaries/Win64/UE4Editor-WmfMediaFactory.dll (API version 3944462).
LogModuleManager: Display: Found up-to-date module file ../../../Engine/Plugins/Messaging/TcpMessaging/Binaries/Win64/UE4Editor-TcpMessaging.dll (API version 3944462).
LogModuleManager: Display: Found up-to-date module file ../../../Engine/Plugins/Messaging/UdpMessaging/Binaries/Win64/UE4Editor-UdpMessaging.dll (API version 3944462).
LogModuleManager: Display: Found up-to-date module file ../../../Engine/Plugins/MovieScene/ActorSequence/Binaries/Win64/UE4Editor-ActorSequence.dll (API version 3944462).
LogModuleManager: Display: Found up-to-date module file ../../../Engine/Plugins/MovieScene/LevelSequenceEditor/Binaries/Win64/UE4Editor-LevelSequenceEditor.dll (API version 3944462).
LogModuleManager: Display: Found up-to-date module file ../../../Engine/Plugins/MovieScene/MatineeToLevelSequence/Binaries/Win64/UE4Editor-MatineeToLevelSequence.dll (API version 3944462).
LogModuleManager: Display: Found up-to-date module file ../../../Engine/Plugins/NetcodeUnitTest/NetcodeUnitTest/Binaries/Win64/UE4Editor-NetcodeUnitTest.dll (API version 3944462).
LogModuleManager: Display: Found up-to-date module file ../../../Engine/Plugins/NetcodeUnitTest/NUTUnrealEngine4/Binaries/Win64/UE4Editor-NUTUnrealEngine4.dll (API version 3944462).
LogModuleManager: Display: Found up-to-date module file ../../../Engine/Plugins/Online/OnlineSubsystem/Binaries/Win64/UE4Editor-OnlineSubsystem.dll (API version 3944462).
LogModuleManager: Display: Found up-to-date module file ../../../Engine/Plugins/Online/OnlineSubsystemNull/Binaries/Win64/UE4Editor-OnlineSubsystemNull.dll (API version 3944462).
LogModuleManager: Display: Found up-to-date module file ../../../Engine/Plugins/Online/OnlineSubsystemUtils/Binaries/Win64/UE4Editor-OnlineSubsystemUtils.dll (API version 3944462).
LogModuleManager: Display: Found up-to-date module file ../../../Engine/Plugins/Online/OnlineSubsystemUtils/Binaries/Win64/UE4Editor-OnlineBlueprintSupport.dll (API version 3944462).
LogModuleManager: Display: Found up-to-date module file ../../../Engine/Plugins/Runtime/AndroidDeviceProfileSelector/Binaries/Win64/UE4Editor-AndroidDeviceProfileSelector.dll (API version 3944462).
LogModuleManager: Display: Found up-to-date module file ../../../Engine/Plugins/Runtime/AndroidPermission/Binaries/Win64/UE4Editor-AndroidPermission.dll (API version 3944462).
LogModuleManager: Display: Found up-to-date module file ../../../Engine/Plugins/Runtime/AppleARKit/Binaries/Win64/UE4Editor-AppleARKit.dll (API version 3944462).
LogModuleManager: Display: Found up-to-date module file ../../../Engine/Plugins/Runtime/ArchVisCharacter/Binaries/Win64/UE4Editor-ArchVisCharacter.dll (API version 3944462).
LogModuleManager: Display: Found up-to-date module file ../../../Engine/Plugins/Runtime/AudioCapture/Binaries/Win64/UE4Editor-AudioCapture.dll (API version 3944462).
LogModuleManager: Display: Found up-to-date module file ../../../Engine/Plugins/Runtime/AudioCapture/Binaries/Win64/UE4Editor-AudioCaptureEditor.dll (API version 3944462).
LogModuleManager: Display: Found up-to-date module file ../../../Engine/Plugins/Runtime/CableComponent/Binaries/Win64/UE4Editor-CableComponent.dll (API version 3944462).
LogModuleManager: Display: Found up-to-date module file ../../../Engine/Plugins/Runtime/CustomMeshComponent/Binaries/Win64/UE4Editor-CustomMeshComponent.dll (API version 3944462).
LogModuleManager: Display: Found up-to-date module file ../../../Engine/Plugins/Runtime/ExampleDeviceProfileSelector/Binaries/Win64/UE4Editor-ExampleDeviceProfileSelector.dll (API version 3944462).
LogModuleManager: Display: Found up-to-date module file ../../../Engine/Plugins/Runtime/ImmediatePhysics/Binaries/Win64/UE4Editor-ImmediatePhysics.dll (API version 3944462).
LogModuleManager: Display: Found up-to-date module file ../../../Engine/Plugins/Runtime/ImmediatePhysics/Binaries/Win64/UE4Editor-ImmediatePhysicsEditor.dll (API version 3944462).
LogModuleManager: Display: Found up-to-date module file ../../../Engine/Plugins/Runtime/LocationServicesBPLibrary/Binaries/Win64/UE4Editor-LocationServicesBPLibrary.dll (API version 3944462).
LogModuleManager: Display: Found up-to-date module file ../../../Engine/Plugins/Runtime/MobilePatchingUtils/Binaries/Win64/UE4Editor-MobilePatchingUtils.dll (API version 3944462).
LogModuleManager: Display: Found up-to-date module file ../../../Engine/Plugins/Runtime/Oculus/OculusVR/Binaries/Win64/UE4Editor-OculusHMD.dll (API version 3944462).
LogModuleManager: Display: Found up-to-date module file ../../../Engine/Plugins/Runtime/Oculus/OculusVR/Binaries/Win64/UE4Editor-OculusInput.dll (API version 3944462).
LogModuleManager: Display: Found up-to-date module file ../../../Engine/Plugins/Runtime/Oculus/OculusVR/Binaries/Win64/UE4Editor-OculusEditor.dll (API version 3944462).
LogModuleManager: Display: Found up-to-date module file ../../../Engine/Plugins/Runtime/PhysXVehicles/Binaries/Win64/UE4Editor-PhysXVehicles.dll (API version 3944462).
LogModuleManager: Display: Found up-to-date module file ../../../Engine/Plugins/Runtime/PhysXVehicles/Binaries/Win64/UE4Editor-PhysXVehiclesEditor.dll (API version 3944462).
LogModuleManager: Display: Found up-to-date module file ../../../Engine/Plugins/Runtime/ProceduralMeshComponent/Binaries/Win64/UE4Editor-ProceduralMeshComponent.dll (API version 3944462).
LogModuleManager: Display: Found up-to-date module file ../../../Engine/Plugins/Runtime/ProceduralMeshComponent/Binaries/Win64/UE4Editor-ProceduralMeshComponentEditor.dll (API version 3944462).
LogModuleManager: Display: Found up-to-date module file ../../../Engine/Plugins/Runtime/RuntimePhysXCooking/Binaries/Win64/UE4Editor-RuntimePhysXCooking.dll (API version 3944462).
LogModuleManager: Display: Found up-to-date module file ../../../Engine/Plugins/Runtime/Steam/SteamVR/Binaries/Win64/UE4Editor-SteamVR.dll (API version 3944462).
LogModuleManager: Display: Found up-to-date module file ../../../Engine/Plugins/Runtime/Steam/SteamVR/Binaries/Win64/UE4Editor-SteamVRController.dll (API version 3944462).
LogModuleManager: Display: Found up-to-date module file ../../../Engine/Plugins/Runtime/WindowsMoviePlayer/Binaries/Win64/UE4Editor-WindowsMoviePlayer.dll (API version 3944462).
LogInit: Warning: Incompatible or missing module: UE4Editor-BuildingEscape.dll
Running C:/Program Files/Epic Games/UE_4.19/Engine/Binaries/DotNET/UnrealBuildTool.exe BuildingEscape Development Win64 -project="C:/Users/Darkpony/Documents/Unreal-Tutorials-1/BuildingEscape/BuildingEscape.uproject" -editorrecompile -progress -NoHotReloadFromIDE
Using 'git status' to determine working set for adaptive non-unity build.
@progress push 5%
@progress pop
Deleting old hot reload file: "C:\Users\Darkpony\Documents\Unreal-Tutorials-1\BuildingEscape\Binaries\Win64\UE4Editor-BuildingEscape-6540.dll".
Deleting old hot reload file: "C:\Users\Darkpony\Documents\Unreal-Tutorials-1\BuildingEscape\Binaries\Win64\UE4Editor-BuildingEscape-6540.pdb".
Performing 1 actions (4 in parallel)
[1/1] Link UE4Editor-BuildingEscape.dll
   Creating library C:\Users\Darkpony\Documents\Unreal-Tutorials-1\BuildingEscape\Intermediate\Build\Win64\UE4Editor\Development\UE4Editor-BuildingEscape.suppressed.lib and object C:\Users\Darkpony\Documents\Unreal-Tutorials-1\BuildingEscape\Intermediate\Build\Win64\UE4Editor\Development\UE4Editor-BuildingEscape.suppressed.exp
Total build time: 2.05 seconds (Local executor: 1.02 seconds)
LogModuleManager: Display: Found up-to-date module file ../../../../../../Users/Darkpony/Documents/Unreal-Tutorials-1/BuildingEscape/Binaries/Win64/UE4Editor-BuildingEscape.dll (API version 3944462).
LogModuleManager: Display: Found up-to-date module file ../../../Engine/Plugins/2D/Paper2D/Binaries/Win64/UE4Editor-Paper2D.dll (API version 3944462).
LogModuleManager: Display: Found up-to-date module file ../../../Engine/Plugins/2D/Paper2D/Binaries/Win64/UE4Editor-Paper2DEditor.dll (API version 3944462).
LogModuleManager: Display: Found up-to-date module file ../../../Engine/Plugins/2D/Paper2D/Binaries/Win64/UE4Editor-PaperSpriteSheetImporter.dll (API version 3944462).
LogModuleManager: Display: Found up-to-date module file ../../../Engine/Plugins/2D/Paper2D/Binaries/Win64/UE4Editor-PaperTiledImporter.dll (API version 3944462).
LogModuleManager: Display: Found up-to-date module file ../../../Engine/Plugins/2D/Paper2D/Binaries/Win64/UE4Editor-SmartSnapping.dll (API version 3944462).
LogModuleManager: Display: Found up-to-date module file ../../../Engine/Plugins/Animation/LiveLink/Binaries/Win64/UE4Editor-LiveLink.dll (API version 3944462).
LogModuleManager: Display: Found up-to-date module file ../../../Engine/Plugins/Animation/LiveLink/Binaries/Win64/UE4Editor-LiveLinkEditor.dll (API version 3944462).
LogModuleManager: Display: Found up-to-date module file ../../../Engine/Plugins/Blendables/LightPropagationVolume/Binaries/Win64/UE4Editor-LightPropagationVolumeRuntime.dll (API version 3944462).
LogModuleManager: Display: Found up-to-date module file ../../../Engine/Plugins/Blendables/LightPropagationVolume/Binaries/Win64/UE4Editor-LightPropagationVolumeEditor.dll (API version 3944462).
LogModuleManager: Display: Found up-to-date module file ../../../Engine/Plugins/Developer/CLionSourceCodeAccess/Binaries/Win64/UE4Editor-CLionSourceCodeAccess.dll (API version 3944462).
LogModuleManager: Display: Found up-to-date module file ../../../Engine/Plugins/Developer/GitSourceControl/Binaries/Win64/UE4Editor-GitSourceControl.dll (API version 3944462).
LogModuleManager: Display: Found up-to-date module file ../../../Engine/Plugins/Developer/PerforceSourceControl/Binaries/Win64/UE4Editor-PerforceSourceControl.dll (API version 3944462).
LogModuleManager: Display: Found up-to-date module file ../../../Engine/Plugins/Developer/SubversionSourceControl/Binaries/Win64/UE4Editor-SubversionSourceControl.dll (API version 3944462).
LogModuleManager: Display: Found up-to-date module file ../../../Engine/Plugins/Developer/UObjectPlugin/Binaries/Win64/UE4Editor-UObjectPlugin.dll (API version 3944462).
LogModuleManager: Display: Found up-to-date module file ../../../Engine/Plugins/Developer/VisualStudioCodeSourceCodeAccess/Binaries/Win64/UE4Editor-VisualStudioCodeSourceCodeAccess.dll (API version 3944462).
LogModuleManager: Display: Found up-to-date module file ../../../Engine/Plugins/Developer/VisualStudioSourceCodeAccess/Binaries/Win64/UE4Editor-VisualStudioSourceCodeAccess.dll (API version 3944462).
LogModuleManager: Display: Found up-to-date module file ../../../Engine/Plugins/Editor/AssetManagerEditor/Binaries/Win64/UE4Editor-AssetManagerEditor.dll (API version 3944462).
LogModuleManager: Display: Found up-to-date module file ../../../Engine/Plugins/Editor/CryptoKeys/Binaries/Win64/UE4Editor-CryptoKeys.dll (API version 3944462).
LogModuleManager: Display: Found up-to-date module file ../../../Engine/Plugins/Editor/CryptoKeys/Binaries/Win64/UE4Editor-CryptoKeysOpenSSL.dll (API version 3944462).
LogModuleManager: Display: Found up-to-date module file ../../../Engine/Plugins/Editor/DataValidation/Binaries/Win64/UE4Editor-DataValidation.dll (API version 3944462).
LogModuleManager: Display: Found up-to-date module file ../../../Engine/Plugins/Editor/FacialAnimation/Binaries/Win64/UE4Editor-FacialAnimation.dll (API version 3944462).
LogModuleManager: Display: Found up-to-date module file ../../../Engine/Plugins/Editor/FacialAnimation/Binaries/Win64/UE4Editor-FacialAnimationEditor.dll (API version 3944462).
LogModuleManager: Display: Found up-to-date module file ../../../Engine/Plugins/Editor/GameplayTagsEditor/Binaries/Win64/UE4Editor-GameplayTagsEditor.dll (API version 3944462).
LogModuleManager: Display: Found up-to-date module file ../../../Engine/Plugins/Editor/MobileLauncherProfileWizard/Binaries/Win64/UE4Editor-MobileLauncherProfileWizard.dll (API version 3944462).
LogModuleManager: Display: Found up-to-date module file ../../../Engine/Plugins/Editor/PluginBrowser/Binaries/Win64/UE4Editor-PluginBrowser.dll (API version 3944462).
LogModuleManager: Display: Found up-to-date module file ../../../Engine/Plugins/Editor/SpeedTreeImporter/Binaries/Win64/UE4Editor-SpeedTreeImporter.dll (API version 3944462).
LogModuleManager: Display: Found up-to-date module file ../../../Engine/Plugins/Enterprise/DatasmithContent/Binaries/Win64/UE4Editor-DatasmithContent.dll (API version 3944462).
LogModuleManager: Display: Found up-to-date module file ../../../Engine/Plugins/Experimental/AlembicImporter/Binaries/Win64/UE4Editor-AlembicImporter.dll (API version 3944462).
LogModuleManager: Display: Found up-to-date module file ../../../Engine/Plugins/Experimental/AlembicImporter/Binaries/Win64/UE4Editor-AlembicLibrary.dll (API version 3944462).
LogModuleManager: Display: Found up-to-date module file ../../../Engine/Plugins/Experimental/CharacterAI/Binaries/Win64/UE4Editor-CharacterAI.dll (API version 3944462).
LogModuleManager: Display: Found up-to-date module file ../../../Engine/Plugins/Experimental/HTML5Networking/Binaries/Win64/UE4Editor-HTML5Networking.dll (API version 3944462).
LogModuleManager: Display: Found up-to-date module file ../../../Engine/Plugins/Media/AndroidMedia/Binaries/Win64/UE4Editor-AndroidMediaEditor.dll (API version 3944462).
LogModuleManager: Display: Found up-to-date module file ../../../Engine/Plugins/Media/AndroidMedia/Binaries/Win64/UE4Editor-AndroidMediaFactory.dll (API version 3944462).
LogModuleManager: Display: Found up-to-date module file ../../../Engine/Plugins/Media/AvfMedia/Binaries/Win64/UE4Editor-AvfMediaEditor.dll (API version 3944462).
LogModuleManager: Display: Found up-to-date module file ../../../Engine/Plugins/Media/AvfMedia/Binaries/Win64/UE4Editor-AvfMediaFactory.dll (API version 3944462).
LogModuleManager: Display: Found up-to-date module file ../../../Engine/Plugins/Media/AvfMedia/Binaries/Win64/UE4Editor-AvfMediaFactory.dll (API version 3944462).
LogModuleManager: Display: Found up-to-date module file ../../../Engine/Plugins/Media/ImgMedia/Binaries/Win64/UE4Editor-ImgMedia.dll (API version 3944462).
LogModuleManager: Display: Found up-to-date module file ../../../Engine/Plugins/Media/ImgMedia/Binaries/Win64/UE4Editor-ImgMediaEditor.dll (API version 3944462).
LogModuleManager: Display: Found up-to-date module file ../../../Engine/Plugins/Media/ImgMedia/Binaries/Win64/UE4Editor-ImgMediaFactory.dll (API version 3944462).
LogModuleManager: Display: Found up-to-date module file ../../../Engine/Plugins/Media/ImgMedia/Binaries/Win64/UE4Editor-ImgMediaFactory.dll (API version 3944462).
LogModuleManager: Display: Found up-to-date module file ../../../Engine/Plugins/Media/ImgMedia/Binaries/Win64/UE4Editor-OpenExrWrapper.dll (API version 3944462).
LogModuleManager: Display: Found up-to-date module file ../../../Engine/Plugins/Media/LinearTimecode/Binaries/Win64/UE4Editor-LinearTimecode.dll (API version 3944462).
LogModuleManager: Display: Found up-to-date module file ../../../Engine/Plugins/Media/MediaCompositing/Binaries/Win64/UE4Editor-MediaCompositing.dll (API version 3944462).
LogModuleManager: Display: Found up-to-date module file ../../../Engine/Plugins/Media/MediaCompositing/Binaries/Win64/UE4Editor-MediaCompositingEditor.dll (API version 3944462).
LogModuleManager: Display: Found up-to-date module file ../../../Engine/Plugins/Media/MediaPlayerEditor/Binaries/Win64/UE4Editor-MediaPlayerEditor.dll (API version 3944462).
LogModuleManager: Display: Found up-to-date module file ../../../Engine/Plugins/Media/WmfMedia/Binaries/Win64/UE4Editor-WmfMedia.dll (API version 3944462).
LogModuleManager: Display: Found up-to-date module file ../../../Engine/Plugins/Media/WmfMedia/Binaries/Win64/UE4Editor-WmfMediaEditor.dll (API version 3944462).
LogModuleManager: Display: Found up-to-date module file ../../../Engine/Plugins/Media/WmfMedia/Binaries/Win64/UE4Editor-WmfMediaFactory.dll (API version 3944462).
LogModuleManager: Display: Found up-to-date module file ../../../Engine/Plugins/Media/WmfMedia/Binaries/Win64/UE4Editor-WmfMediaFactory.dll (API version 3944462).
LogModuleManager: Display: Found up-to-date module file ../../../Engine/Plugins/Messaging/TcpMessaging/Binaries/Win64/UE4Editor-TcpMessaging.dll (API version 3944462).
LogModuleManager: Display: Found up-to-date module file ../../../Engine/Plugins/Messaging/UdpMessaging/Binaries/Win64/UE4Editor-UdpMessaging.dll (API version 3944462).
LogModuleManager: Display: Found up-to-date module file ../../../Engine/Plugins/MovieScene/ActorSequence/Binaries/Win64/UE4Editor-ActorSequence.dll (API version 3944462).
LogModuleManager: Display: Found up-to-date module file ../../../Engine/Plugins/MovieScene/LevelSequenceEditor/Binaries/Win64/UE4Editor-LevelSequenceEditor.dll (API version 3944462).
LogModuleManager: Display: Found up-to-date module file ../../../Engine/Plugins/MovieScene/MatineeToLevelSequence/Binaries/Win64/UE4Editor-MatineeToLevelSequence.dll (API version 3944462).
LogModuleManager: Display: Found up-to-date module file ../../../Engine/Plugins/NetcodeUnitTest/NetcodeUnitTest/Binaries/Win64/UE4Editor-NetcodeUnitTest.dll (API version 3944462).
LogModuleManager: Display: Found up-to-date module file ../../../Engine/Plugins/NetcodeUnitTest/NUTUnrealEngine4/Binaries/Win64/UE4Editor-NUTUnrealEngine4.dll (API version 3944462).
LogModuleManager: Display: Found up-to-date module file ../../../Engine/Plugins/Online/OnlineSubsystem/Binaries/Win64/UE4Editor-OnlineSubsystem.dll (API version 3944462).
LogModuleManager: Display: Found up-to-date module file ../../../Engine/Plugins/Online/OnlineSubsystemNull/Binaries/Win64/UE4Editor-OnlineSubsystemNull.dll (API version 3944462).
LogModuleManager: Display: Found up-to-date module file ../../../Engine/Plugins/Online/OnlineSubsystemUtils/Binaries/Win64/UE4Editor-OnlineSubsystemUtils.dll (API version 3944462).
LogModuleManager: Display: Found up-to-date module file ../../../Engine/Plugins/Online/OnlineSubsystemUtils/Binaries/Win64/UE4Editor-OnlineBlueprintSupport.dll (API version 3944462).
LogModuleManager: Display: Found up-to-date module file ../../../Engine/Plugins/Runtime/AndroidDeviceProfileSelector/Binaries/Win64/UE4Editor-AndroidDeviceProfileSelector.dll (API version 3944462).
LogModuleManager: Display: Found up-to-date module file ../../../Engine/Plugins/Runtime/AndroidPermission/Binaries/Win64/UE4Editor-AndroidPermission.dll (API version 3944462).
LogModuleManager: Display: Found up-to-date module file ../../../Engine/Plugins/Runtime/AppleARKit/Binaries/Win64/UE4Editor-AppleARKit.dll (API version 3944462).
LogModuleManager: Display: Found up-to-date module file ../../../Engine/Plugins/Runtime/ArchVisCharacter/Binaries/Win64/UE4Editor-ArchVisCharacter.dll (API version 3944462).
LogModuleManager: Display: Found up-to-date module file ../../../Engine/Plugins/Runtime/AudioCapture/Binaries/Win64/UE4Editor-AudioCapture.dll (API version 3944462).
LogModuleManager: Display: Found up-to-date module file ../../../Engine/Plugins/Runtime/AudioCapture/Binaries/Win64/UE4Editor-AudioCaptureEditor.dll (API version 3944462).
LogModuleManager: Display: Found up-to-date module file ../../../Engine/Plugins/Runtime/CableComponent/Binaries/Win64/UE4Editor-CableComponent.dll (API version 3944462).
LogModuleManager: Display: Found up-to-date module file ../../../Engine/Plugins/Runtime/CustomMeshComponent/Binaries/Win64/UE4Editor-CustomMeshComponent.dll (API version 3944462).
LogModuleManager: Display: Found up-to-date module file ../../../Engine/Plugins/Runtime/ExampleDeviceProfileSelector/Binaries/Win64/UE4Editor-ExampleDeviceProfileSelector.dll (API version 3944462).
LogModuleManager: Display: Found up-to-date module file ../../../Engine/Plugins/Runtime/ImmediatePhysics/Binaries/Win64/UE4Editor-ImmediatePhysics.dll (API version 3944462).
LogModuleManager: Display: Found up-to-date module file ../../../Engine/Plugins/Runtime/ImmediatePhysics/Binaries/Win64/UE4Editor-ImmediatePhysicsEditor.dll (API version 3944462).
LogModuleManager: Display: Found up-to-date module file ../../../Engine/Plugins/Runtime/LocationServicesBPLibrary/Binaries/Win64/UE4Editor-LocationServicesBPLibrary.dll (API version 3944462).
LogModuleManager: Display: Found up-to-date module file ../../../Engine/Plugins/Runtime/MobilePatchingUtils/Binaries/Win64/UE4Editor-MobilePatchingUtils.dll (API version 3944462).
LogModuleManager: Display: Found up-to-date module file ../../../Engine/Plugins/Runtime/Oculus/OculusVR/Binaries/Win64/UE4Editor-OculusHMD.dll (API version 3944462).
LogModuleManager: Display: Found up-to-date module file ../../../Engine/Plugins/Runtime/Oculus/OculusVR/Binaries/Win64/UE4Editor-OculusInput.dll (API version 3944462).
LogModuleManager: Display: Found up-to-date module file ../../../Engine/Plugins/Runtime/Oculus/OculusVR/Binaries/Win64/UE4Editor-OculusEditor.dll (API version 3944462).
LogModuleManager: Display: Found up-to-date module file ../../../Engine/Plugins/Runtime/PhysXVehicles/Binaries/Win64/UE4Editor-PhysXVehicles.dll (API version 3944462).
LogModuleManager: Display: Found up-to-date module file ../../../Engine/Plugins/Runtime/PhysXVehicles/Binaries/Win64/UE4Editor-PhysXVehiclesEditor.dll (API version 3944462).
LogModuleManager: Display: Found up-to-date module file ../../../Engine/Plugins/Runtime/ProceduralMeshComponent/Binaries/Win64/UE4Editor-ProceduralMeshComponent.dll (API version 3944462).
LogModuleManager: Display: Found up-to-date module file ../../../Engine/Plugins/Runtime/ProceduralMeshComponent/Binaries/Win64/UE4Editor-ProceduralMeshComponentEditor.dll (API version 3944462).
LogModuleManager: Display: Found up-to-date module file ../../../Engine/Plugins/Runtime/RuntimePhysXCooking/Binaries/Win64/UE4Editor-RuntimePhysXCooking.dll (API version 3944462).
LogModuleManager: Display: Found up-to-date module file ../../../Engine/Plugins/Runtime/Steam/SteamVR/Binaries/Win64/UE4Editor-SteamVR.dll (API version 3944462).
LogModuleManager: Display: Found up-to-date module file ../../../Engine/Plugins/Runtime/Steam/SteamVR/Binaries/Win64/UE4Editor-SteamVRController.dll (API version 3944462).
LogModuleManager: Display: Found up-to-date module file ../../../Engine/Plugins/Runtime/WindowsMoviePlayer/Binaries/Win64/UE4Editor-WindowsMoviePlayer.dll (API version 3944462).
LogInit: Using libcurl 7.47.1
LogInit:  - built for x86_64-pc-win32
LogInit:  - supports SSL with OpenSSL/1.0.2g
LogInit:  - supports HTTP deflate (compression) using libz 1.2.8
LogInit:  - other features:
LogInit:      CURL_VERSION_SSL
LogInit:      CURL_VERSION_LIBZ
LogInit:      CURL_VERSION_IPV6
LogInit:      CURL_VERSION_ASYNCHDNS
LogInit:      CURL_VERSION_LARGEFILE
LogInit:      CURL_VERSION_IDN
LogInit:  CurlRequestOptions (configurable via config and command line):
LogInit:  - bVerifyPeer = false  - Libcurl will NOT verify peer certificate
LogInit:  - bUseHttpProxy = false  - Libcurl will NOT use HTTP proxy
LogInit:  - bDontReuseConnections = false  - Libcurl will reuse connections
LogInit:  - CertBundlePath = nullptr  - Libcurl will use whatever was configured at build time.
LogInit:  - MaxHostConnections = 16  - Libcurl will limit the number of connections to a host
LogInit:  - LocalHostAddr = Default
LogInit: WinSock: version 1.1 (2.2), MaxSocks=32767, MaxUdp=65467
LogInit: WinSock: I am DESKTOP-63HE14E (192.168.56.1:0)
LogInit: Build: ++UE4+Release-4.19-CL-3944462
LogInit: Engine Version: 4.19.0-3944462+++UE4+Release-4.19
LogInit: Compatible Engine Version: 4.19.0-3944462+++UE4+Release-4.19
LogInit: Net CL: 3944462
LogDevObjectVersion: Number of dev versions registered: 18
LogDevObjectVersion:   Dev-Blueprints (B0D832E4-1F89-4F0D-ACCF-7EB736FD4AA2): 10
LogDevObjectVersion:   Dev-Build (E1C64328-A22C-4D53-A36C-8E866417BD8C): 0
LogDevObjectVersion:   Dev-Core (375EC13C-06E4-48FB-B500-84F0262A717E): 2
LogDevObjectVersion:   Dev-Editor (E4B068ED-F494-42E9-A231-DA0B2E46BB41): 23
LogDevObjectVersion:   Dev-Framework (CFFC743F-43B0-4480-9391-14DF171D2073): 33
LogDevObjectVersion:   Dev-Mobile (B02B49B5-BB20-44E9-A304-32B752E40360): 2
LogDevObjectVersion:   Dev-Networking (A4E4105C-59A1-49B5-A7C5-40C4547EDFEE): 0
LogDevObjectVersion:   Dev-Online (39C831C9-5AE6-47DC-9A44-9C173E1C8E7C): 0
LogDevObjectVersion:   Dev-Physics (78F01B33-EBEA-4F98-B9B4-84EACCB95AA2): 0
LogDevObjectVersion:   Dev-Platform (6631380F-2D4D-43E0-8009-CF276956A95A): 0
LogDevObjectVersion:   Dev-Rendering (12F88B9F-8875-4AFC-A67C-D90C383ABD29): 25
LogDevObjectVersion:   Dev-Sequencer (7B5AE74C-D270-4C10-A958-57980B212A5A): 6
LogDevObjectVersion:   Dev-VR (D7296918-1DD6-4BDD-9DE2-64A83CC13884): 1
LogDevObjectVersion:   Dev-LoadTimes (C2A15278-BFE7-4AFE-6C17-90FF531DF755): 1
LogDevObjectVersion:   Private-Geometry (6EACA3D4-40EC-4CC1-B786-8BED09428FC5): 2
LogDevObjectVersion:   Dev-AnimPhys (29E575DD-E0A3-4627-9D10-D276232CDCEA): 16
LogDevObjectVersion:   Dev-ReflectionCapture (6B266CEC-1EC7-4B8F-A30B-E4D90942FC07): 1
LogDevObjectVersion:   Dev-Automation (0DF73D61-A23F-47EA-B727-89E90C41499A): 1
LogInit: Compiled (64-bit): Mar 13 2018 23:12:32
LogInit: Compiled with Visual C++: 19.00.24215.01
LogInit: Build Configuration: Development
LogInit: Branch Name: ++UE4+Release-4.19
LogInit: Command Line: -EpicPortal 
LogInit: Base Directory: C:/Program Files/Epic Games/UE_4.19/Engine/Binaries/Win64/
LogInit: Installed Engine Build: 1
LogStreaming: Display: Took  0.004s to delete old logs.
LogInit: Presizing for max 8388607 objects, including 0 objects not considered by GC, pre-allocating 0 bytes for permanent pool.
LogInit: Object subsystem initialized
[2018.04.11-09.16.27:495][  0]LogInit: Selected Device Profile: [Windows]
[2018.04.11-09.16.27:496][  0]LogInit: Applying CVar settings loaded from the selected device profile: [Windows]
[2018.04.11-09.16.27:514][  0]LogInit: Computer: DESKTOP-63HE14E
[2018.04.11-09.16.27:514][  0]LogInit: User: Darkpony
[2018.04.11-09.16.27:514][  0]LogInit: CPU Page size=4096, Cores=4
[2018.04.11-09.16.27:514][  0]LogInit: High frequency timer resolution =2.742189 MHz
[2018.04.11-09.16.27:514][  0]LogMemory: Memory total: Physical=15.9GB (16GB approx)
[2018.04.11-09.16.27:514][  0]LogMemory: Platform Memory Stats for Windows
[2018.04.11-09.16.27:514][  0]LogMemory: Process Physical Memory: 280.78 MB used, 280.78 MB peak
[2018.04.11-09.16.27:514][  0]LogMemory: Process Virtual Memory: 265.36 MB used, 265.36 MB peak
[2018.04.11-09.16.27:514][  0]LogMemory: Physical Memory: 7855.89 MB used,  8407.20 MB free, 16263.09 MB total
[2018.04.11-09.16.27:514][  0]LogMemory: Virtual Memory: 741.07 MB used,  8407.20 MB free, 134217728.00 MB total
[2018.04.11-09.16.27:539][  0]LogInit: Using OS detected language (en-US).
[2018.04.11-09.16.27:539][  0]LogInit: Using OS detected locale (en-US).
[2018.04.11-09.16.27:542][  0]LogTextLocalizationManager: No specific localization for 'en-US' exists, so the 'en' localization will be used.
[2018.04.11-09.16.28:101][  0]LogStreaming: Display: Took  0.563s to EndInitTextLocalization.
[2018.04.11-09.16.28:101][  0]LogInit: Setting process to per monitor DPI aware
[2018.04.11-09.16.28:134][  0]LogSlate: New Slate User Created.  User Index 0, Is Virtual User: 0
[2018.04.11-09.16.28:134][  0]LogSlate: Slate User Registered.  User Index 0, Is Virtual User: 0
[2018.04.11-09.16.28:396][  0]LogD3D11RHI: D3D11 adapters:
[2018.04.11-09.16.28:452][  0]LogD3D11RHI:    0. 'NVIDIA GeForce GTX 1060' (Feature Level 11_0)
[2018.04.11-09.16.28:452][  0]LogD3D11RHI:       6046/0/8131 MB DedicatedVideo/DedicatedSystem/SharedSystem, Outputs:1, VendorId:0x10de
[2018.04.11-09.16.28:464][  0]LogD3D11RHI:    1. 'Intel(R) HD Graphics 630' (Feature Level 11_0)
[2018.04.11-09.16.28:464][  0]LogD3D11RHI:       128/0/8131 MB DedicatedVideo/DedicatedSystem/SharedSystem, Outputs:0, VendorId:0x8086
[2018.04.11-09.16.28:467][  0]LogD3D11RHI:    2. 'Microsoft Basic Render Driver' (Feature Level 11_0)
[2018.04.11-09.16.28:467][  0]LogD3D11RHI:       0/0/8131 MB DedicatedVideo/DedicatedSystem/SharedSystem, Outputs:0, VendorId:0x1414
[2018.04.11-09.16.28:467][  0]LogD3D11RHI: Chosen D3D11 Adapter: 0
[2018.04.11-09.16.28:477][  0]LogD3D11RHI: Creating new Direct3DDevice
[2018.04.11-09.16.28:477][  0]LogD3D11RHI:     GPU DeviceId: 0x1c20 (for the marketing name, search the web for "GPU Device Id")
[2018.04.11-09.16.28:477][  0]LogWindows: EnumDisplayDevices:
[2018.04.11-09.16.28:478][  0]LogWindows:    0. 'Intel(R) HD Graphics 630' (P:1 D:1)
[2018.04.11-09.16.28:478][  0]LogWindows:    1. 'Intel(R) HD Graphics 630' (P:0 D:0)
[2018.04.11-09.16.28:478][  0]LogWindows:    2. 'Intel(R) HD Graphics 630' (P:0 D:0)
[2018.04.11-09.16.28:478][  0]LogWindows:    3. 'NVIDIA GeForce GTX 1060' (P:0 D:0)
[2018.04.11-09.16.28:478][  0]LogWindows:    4. 'NVIDIA GeForce GTX 1060' (P:0 D:0)
[2018.04.11-09.16.28:478][  0]LogWindows:    5. 'NVIDIA GeForce GTX 1060' (P:0 D:0)
[2018.04.11-09.16.28:478][  0]LogWindows:    6. 'NVIDIA GeForce GTX 1060' (P:0 D:0)
[2018.04.11-09.16.28:479][  0]LogWindows: DebugString: GetVideoDriverDetailsInvalid PrimaryIsNotTheChoosenAdapter GetVideoDriverDetailsInvalid PrimaryIsNotTheChoosenAdapter GetVideoDriverDetailsInvalid PrimaryIsNotTheChoosenAdapter GetVideoDriverDetailsInvalid PrimaryIsNotTheChoosenAdapter GetVideoDriverDetailsInvalid PrimaryIsNotTheChoosenAdapter GetVideoDriverDetailsInvalid PrimaryIsNotTheChoosenAdapter GetVideoDriverDetailsInvalid PrimaryIsNotTheChoosenAdapter FoundDriverCount:0 
[2018.04.11-09.16.28:479][  0]LogD3D11RHI:     Adapter Name: NVIDIA GeForce GTX 1060
[2018.04.11-09.16.28:479][  0]LogD3D11RHI:   Driver Version: Unknown (internal:Unknown, unified:Unknown)
[2018.04.11-09.16.28:479][  0]LogD3D11RHI:      Driver Date: Unknown
[2018.04.11-09.16.28:479][  0]LogRHI: Texture pool is 4232 MB (70% of 6046 MB)
[2018.04.11-09.16.28:505][  0]LogD3D11RHI: [Aftermath] Aftermath enabled but failed to initialize
[2018.04.11-09.16.28:505][  0]LogD3D11RHI: Async texture creation enabled
[2018.04.11-09.16.28:519][  0]LogD3D11RHI: GPU Timing Frequency: 1000.000000 (Debug: 2 1)
[2018.04.11-09.16.28:520][  0]LogShaderCompilers: Guid format shader working directory is -28 characters bigger than the processId version (../../../../../../Users/Darkpony/Documents/Unreal-Tutorials-1/BuildingEscape/Intermediate/Shaders/WorkingDirectory/13632/).
[2018.04.11-09.16.28:520][  0]LogShaderCompilers: Cleaned the shader compiler working directory 'C:/Users/Darkpony/AppData/Local/Temp/UnrealShaderWorkingDir/AB2D866F446E64B082632BAA310FE758/'.
[2018.04.11-09.16.28:889][  0]LogTemp: Display: Loaded TP AllDesktopTargetPlatform
[2018.04.11-09.16.28:907][  0]LogTemp: Display: Loaded TP MacClientTargetPlatform
[2018.04.11-09.16.28:923][  0]LogTemp: Display: Loaded TP MacNoEditorTargetPlatform
[2018.04.11-09.16.28:941][  0]LogTemp: Display: Loaded TP MacServerTargetPlatform
[2018.04.11-09.16.28:959][  0]LogTemp: Display: Loaded TP MacTargetPlatform
[2018.04.11-09.16.28:976][  0]LogTemp: Display: Loaded TP WindowsClientTargetPlatform
[2018.04.11-09.16.28:992][  0]LogTemp: Display: Loaded TP WindowsNoEditorTargetPlatform
[2018.04.11-09.16.29:010][  0]LogTemp: Display: Loaded TP WindowsServerTargetPlatform
[2018.04.11-09.16.29:018][  0]LogTemp: Display: Loaded TP WindowsTargetPlatform
[2018.04.11-09.16.29:033][  0]LogTemp: Display: Loaded TP Android_ASTCTargetPlatform
[2018.04.11-09.16.29:048][  0]LogTemp: Display: Loaded TP Android_ATCTargetPlatform
[2018.04.11-09.16.29:064][  0]LogTemp: Display: Loaded TP Android_DXTTargetPlatform
[2018.04.11-09.16.29:079][  0]LogTemp: Display: Loaded TP Android_ETC1aTargetPlatform
[2018.04.11-09.16.29:094][  0]LogTemp: Display: Loaded TP Android_ETC1TargetPlatform
[2018.04.11-09.16.29:109][  0]LogTemp: Display: Loaded TP Android_ETC2TargetPlatform
[2018.04.11-09.16.29:140][  0]LogTemp: Display: Loaded TP Android_MultiTargetPlatform
[2018.04.11-09.16.29:140][  0]LogTemp: Display: Loaded TP Android_PVRTCTargetPlatform
[2018.04.11-09.16.29:155][  0]LogTemp: Display: Loaded TP AndroidTargetPlatform
[2018.04.11-09.16.29:157][  0]LogTemp: Display: Loaded TP HTML5TargetPlatform
[2018.04.11-09.16.29:197][  0]LogTemp: Display: Loaded TP IOSTargetPlatform
[2018.04.11-09.16.29:212][  0]LogTemp: Display: Loaded TP TVOSTargetPlatform
[2018.04.11-09.16.29:227][  0]LogTemp: Display: Loaded TP LinuxClientTargetPlatform
[2018.04.11-09.16.29:242][  0]LogTemp: Display: Loaded TP LinuxNoEditorTargetPlatform
[2018.04.11-09.16.29:257][  0]LogTemp: Display: Loaded TP LinuxServerTargetPlatform
[2018.04.11-09.16.29:272][  0]LogTemp: Display: Loaded TP LinuxTargetPlatform
[2018.04.11-09.16.29:272][  0]LogTargetPlatformManager: Display: Building Assets For Windows
[2018.04.11-09.16.29:401][  0]LogXGEController: Cannot use XGE Controller as Incredibuild is not installed on this machine.
[2018.04.11-09.16.29:401][  0]LogShaderCompilers: Cannot use XGE Shader Compiler as Incredibuild is not installed on this machine.
[2018.04.11-09.16.29:401][  0]LogShaderCompilers: Display: Using Local Shader Compiler.
[2018.04.11-09.16.30:298][  0]LogDerivedDataCache: Display: Max Cache Size: 512 MB
[2018.04.11-09.16.30:385][  0]LogDerivedDataCache: Loaded boot cache 0.09s 74MB C:/Users/Darkpony/AppData/Local/UnrealEngine/4.19/DerivedDataCache/Boot.ddc.
[2018.04.11-09.16.30:385][  0]LogDerivedDataCache: Display: Loaded Boot cache: C:/Users/Darkpony/AppData/Local/UnrealEngine/4.19/DerivedDataCache/Boot.ddc
[2018.04.11-09.16.30:386][  0]LogDerivedDataCache: FDerivedDataBackendGraph:  Pak pak cache file ../../../../../../Users/Darkpony/Documents/Unreal-Tutorials-1/BuildingEscape/DerivedDataCache/DDC.ddp not found, will not use a pak cache.
[2018.04.11-09.16.30:386][  0]LogDerivedDataCache: Unable to find inner node Pak for hierarchical cache Hierarchy.
[2018.04.11-09.16.30:386][  0]LogDerivedDataCache: FDerivedDataBackendGraph:  CompressedPak pak cache file ../../../../../../Users/Darkpony/Documents/Unreal-Tutorials-1/BuildingEscape/DerivedDataCache/Compressed.ddp not found, will not use a pak cache.
[2018.04.11-09.16.30:386][  0]LogDerivedDataCache: Unable to find inner node CompressedPak for hierarchical cache Hierarchy.
[2018.04.11-09.16.30:406][  0]LogDerivedDataCache: Display: Pak cache opened for reading ../../../Engine/DerivedDataCache/Compressed.ddp.
[2018.04.11-09.16.30:418][  0]LogDerivedDataCache: Using Local data cache path C:/Users/Darkpony/AppData/Local/UnrealEngine/Common/DerivedDataCache: Writable
[2018.04.11-09.16.30:436][  0]LogMaterial: Verifying Global Shaders for PCD3D_SM5
[2018.04.11-09.16.30:436][  0]LogSlate: Using Freetype 2.6.0
[2018.04.11-09.16.30:437][  0]LogSlate: SlateFontCache - WITH_FREETYPE: 1, WITH_HARFBUZZ: 1
[2018.04.11-09.16.30:437][  0]LogSlate: SlateFontCache - WITH_FREETYPE: 1, WITH_HARFBUZZ: 1
[2018.04.11-09.16.30:589][  0]LogAssetRegistry: FAssetRegistry took 0.0322 seconds to start up
[2018.04.11-09.16.30:989][  0]LogInit: Selected Device Profile: [Windows]
[2018.04.11-09.16.31:169][  0]LogSimplygon: Simplygon DLL not present - disabling.
[2018.04.11-09.16.31:171][  0]LogMeshReduction: Using SimplygonSwarm for distributed automatic mesh merging
[2018.04.11-09.16.31:172][  0]LogMeshReduction: Using QuadricMeshReduction for automatic static mesh reduction
[2018.04.11-09.16.31:172][  0]LogMeshReduction: No automatic skeletal mesh reduction module available
[2018.04.11-09.16.31:172][  0]LogMeshReduction: No automatic mesh merging module available
[2018.04.11-09.16.31:172][  0]LogMeshMerging: No automatic mesh merging module available
[2018.04.11-09.16.31:206][  0]LogNetVersion: BuildingEscape , NetCL: 3944462, EngineNetVer: 2, GameNetVer: 0 (Checksum: 4285820645)
[2018.04.11-09.16.31:775][  0]LogPackageLocalizationCache: Processed 9 localized package path(s) for 2 prioritized culture(s) in 0.108580 seconds
[2018.04.11-09.16.31:782][  0]LogUObjectArray: 36728 objects as part of root set at end of initial load.
[2018.04.11-09.16.31:782][  0]LogUObjectAllocator: 7314304 out of 0 bytes used by permanent object pool.
[2018.04.11-09.16.31:782][  0]LogUObjectArray: CloseDisregardForGC: 0/0 objects in disregard for GC pool
[2018.04.11-09.16.33:813][  0]LogTcpMessaging: Initializing TcpMessaging bridge
[2018.04.11-09.16.33:843][  0]LogUdpMessaging: Initializing bridge on interface 0.0.0.0:0 to multicast group 230.0.0.1:6666.
[2018.04.11-09.16.34:261][  0]SourceControl: Source control is disabled
[2018.04.11-09.16.34:261][  0]SourceControl: Source control is disabled
[2018.04.11-09.16.34:283][  0]SourceControl: Source control is disabled
[2018.04.11-09.16.34:309][  0]SourceControl: Source control is disabled
[2018.04.11-09.16.34:857][  0]LogAndroidPermission: UAndroidPermissionCallbackProxy::GetInstance
[2018.04.11-09.16.35:044][  0]LogOcInput: OculusInput pre-init called
[2018.04.11-09.16.35:165][  0]LogEngine: Initializing Engine...
[2018.04.11-09.16.35:166][  0]LogHMD: Failed to initialize OpenVR with code 110
[2018.04.11-09.16.35:168][  0]LogStats: UGameplayTagsManager::ConstructGameplayTagTree: Construct from data asset -  0.000 s
[2018.04.11-09.16.35:168][  0]LogStats: UGameplayTagsManager::ConstructGameplayTagTree: GameplayTagTreeChangedEvent.Broadcast -  0.000 s
[2018.04.11-09.16.35:453][  0]LogAIModule: Creating AISystem for world Untitled
[2018.04.11-09.16.35:479][  0]LogInit: XAudio2 using 'Speakers (Realtek High Definition Audio)' : 2 channels at 48 kHz using 32 bits per sample (channel mask 0x3)
[2018.04.11-09.16.35:511][  0]LogInit: FAudioDevice initialized.
[2018.04.11-09.16.35:574][  0]LogDerivedDataCache: Saved boot cache 0.06s 74MB C:/Users/Darkpony/AppData/Local/UnrealEngine/4.19/DerivedDataCache/Boot.ddc.
[2018.04.11-09.16.35:591][  0]LogInit: Texture streaming: Enabled
[2018.04.11-09.16.35:609][  0]LogEngineSessionManager: EngineSessionManager initialized
[2018.04.11-09.16.35:631][  0]LogInit: Transaction tracking system initialized
[2018.04.11-09.16.35:665][  0]BlueprintLog: New page: Editor Load
[2018.04.11-09.16.35:768][  0]LocalizationService: Localization service is disabled
[2018.04.11-09.16.35:881][  0]LogConsoleResponse: Display: 
[2018.04.11-09.16.36:070][  0]LogCook: Display: Max memory allowance for cook 16384mb min free memory 0mb
[2018.04.11-09.16.36:070][  0]LogCook: Display: Mobile HDR setting 1
[2018.04.11-09.16.36:070][  0]LogGameplayTags: Display: UGameplayTagsManager::DoneAddingNativeTags. DelegateIsBound: 0
[2018.04.11-09.16.36:070][  0]LogStats: UGameplayTagsManager::ConstructGameplayTagTree: Construct from data asset -  0.000 s
[2018.04.11-09.16.36:070][  0]LogStats: UGameplayTagsManager::ConstructGameplayTagTree: GameplayTagTreeChangedEvent.Broadcast -  0.000 s
[2018.04.11-09.16.36:077][  0]LogFileCache: Scanning file cache for directory 'C:/Users/Darkpony/Documents/Unreal-Tutorials-1/BuildingEscape/Content/' took 0.01s
[2018.04.11-09.16.36:492][  0]SourceControl: Source control is disabled
[2018.04.11-09.16.36:493][  0]Cmd: MAP LOAD FILE="../../../../../../Users/Darkpony/Documents/Unreal-Tutorials-1/BuildingEscape/Content/NewMap.umap" TEMPLATE=0 SHOWPROGRESS=1 FEATURELEVEL=3
[2018.04.11-09.16.36:493][  0]LightingResults: New page: Lighting Build
[2018.04.11-09.16.36:496][  0]MapCheck: New page: Map Check
[2018.04.11-09.16.36:496][  0]LightingResults: New page: Lighting Build
[2018.04.11-09.16.36:875][  0]LogAIModule: Creating AISystem for world NewMap
[2018.04.11-09.16.36:885][  0]LogEditorServer: Finished looking for orphan Actors (0.000 secs)
[2018.04.11-09.16.36:901][  0]Cmd: MAP CHECKDEP NOCLEARLOG
[2018.04.11-09.16.36:971][  0]MapCheck: Map check complete: 0 Error(s), 0 Warning(s), took 69.417ms to complete.
[2018.04.11-09.16.36:971][  0]LogFileHelpers: Loading map 'NewMap' took 0.479
[2018.04.11-09.16.37:070][  0]LogCollectionManager: Loaded 0 collections in 0.001849 seconds
[2018.04.11-09.16.37:112][  0]LogFileCache: Scanning file cache for directory 'C:/Users/Darkpony/Documents/Unreal-Tutorials-1/BuildingEscape/Saved/Collections/' took 0.01s
[2018.04.11-09.16.37:112][  0]LogFileCache: Scanning file cache for directory 'C:/Users/Darkpony/Documents/Unreal-Tutorials-1/BuildingEscape/Content/Developers/Darkpony/Collections/' took 0.01s
[2018.04.11-09.16.37:112][  0]LogFileCache: Scanning file cache for directory 'C:/Users/Darkpony/Documents/Unreal-Tutorials-1/BuildingEscape/Content/Collections/' took 0.01s
[2018.04.11-09.16.37:112][  0]LogCollectionManager: Rebuilt the GUID cache for 0 collections in 0.000000 seconds
[2018.04.11-09.16.37:125][  0]LogContentBrowser: Native class hierarchy populated in 0.0136 seconds. Added 2456 classes and 562 folders.
[2018.04.11-09.16.37:134][  0]LogContentBrowser: Native class hierarchy updated for 'WidgetCarousel' in 0.0006 seconds. Added 0 classes and 0 folders.
[2018.04.11-09.16.37:187][  0]LogContentBrowser: Native class hierarchy updated for 'AddContentDialog' in 0.0006 seconds. Added 0 classes and 0 folders.
[2018.04.11-09.16.37:338][  0]LogSlate: Took 0.000401 seconds to synchronously load lazily loaded font '../../../Engine/Content/Slate/Fonts/Roboto-Regular.ttf' (155K)
[2018.04.11-09.16.37:343][  0]LogSlate: Took 0.000332 seconds to synchronously load lazily loaded font '../../../Engine/Content/Editor/Slate/Fonts/FontAwesome.ttf' (139K)
[2018.04.11-09.16.37:344][  0]LogSlate: Took 0.000338 seconds to synchronously load lazily loaded font '../../../Engine/Content/Slate/Fonts/Roboto-Bold.ttf' (160K)
[2018.04.11-09.16.37:492][  0]LogRenderer: Reallocating scene render targets to support 1184x712 Format 10 NumSamples 1 (Frame:1).
[2018.04.11-09.16.37:671][  0]LogContentBrowser: Native class hierarchy updated for 'HierarchicalLODOutliner' in 0.0011 seconds. Added 0 classes and 0 folders.
[2018.04.11-09.16.37:671][  0]LogLoad: (Engine Initialization) Total time: 19.19 seconds
[2018.04.11-09.16.37:671][  0]LogLoad: (Engine Initialization) Total Blueprint compile time: 0.00 seconds
[2018.04.11-09.16.37:689][  0]LogWindowsTextInputMethodSystem: Display: IME system now deactivated.
[2018.04.11-09.16.37:714][  0]LogContentStreaming: Texture pool size now 1000 MB
[2018.04.11-09.16.37:773][  1]LogAssetRegistry: Asset discovery search completed in 7.2067 seconds
[2018.04.11-09.16.37:777][  1]LogCollectionManager: Rebuilt the object cache for 0 collections in 0.000001 seconds (found 0 objects)
[2018.04.11-09.16.37:777][  1]LogCollectionManager: Fixed up redirectors for 0 collections in 0.000099 seconds (updated 0 objects)
[2018.04.11-09.16.44:659][403]LogSlate: FSceneViewport::OnFocusLost() reason 0
[2018.04.11-09.16.44:825][413]LogTemp: Repeating last play command: Selected Viewport
[2018.04.11-09.16.44:846][413]LogPlayLevel: PlayLevel: No blueprints needed recompiling
[2018.04.11-09.16.44:847][413]PIE: New page: PIE session: NewMap (Apr 10, 2018, 5:16:44 PM)
[2018.04.11-09.16.44:847][413]LogPlayLevel: Creating play world package: /Game/UEDPIE_0_NewMap
[2018.04.11-09.16.44:851][413]LogPlayLevel: PIE: StaticDuplicateObject took: (0.004384s)
[2018.04.11-09.16.44:852][413]LogAIModule: Creating AISystem for world NewMap
[2018.04.11-09.16.44:852][413]LogPlayLevel: PIE: World Init took: (0.000943s)
[2018.04.11-09.16.44:852][413]LogPlayLevel: PIE: Created PIE world by copying editor world from /Game/NewMap.NewMap to /Game/UEDPIE_0_NewMap.NewMap (0.005508s)
[2018.04.11-09.16.44:873][413]LogInit: XAudio2 using 'Speakers (Realtek High Definition Audio)' : 2 channels at 48 kHz using 32 bits per sample (channel mask 0x3)
[2018.04.11-09.16.44:902][413]LogInit: FAudioDevice initialized.
[2018.04.11-09.16.44:950][413]LogLoad: Game class is 'GameMode'
[2018.04.11-09.16.44:953][413]LogWorld: Bringing World /Game/UEDPIE_0_NewMap.NewMap up for play (max tick rate 60) at 2018.04.11-01.16.44
[2018.04.11-09.16.44:953][413]LogWorld: Bringing up level for play took: 0.001372
[2018.04.11-09.16.44:957][413]LogContentBrowser: Native class hierarchy updated for 'MovieSceneCapture' in 0.0007 seconds. Added 11 classes and 0 folders.
[2018.04.11-09.16.44:957][413]LogGameMode: Display: Match State Changed from EnteringMap to WaitingToStart
[2018.04.11-09.16.44:957][413]LogGameState: Match State Changed from EnteringMap to WaitingToStart
[2018.04.11-09.16.44:957][413]LogGameMode: Display: Match State Changed from WaitingToStart to InProgress
[2018.04.11-09.16.44:958][413]LogTemp: Warning: SM_Chair_2 POSITION is X=-360.116 Y=328.435 Z=30.000
[2018.04.11-09.16.44:958][413]LogGameState: Match State Changed from WaitingToStart to InProgress
[2018.04.11-09.16.44:958][413]PIE: Play in editor start time for /Game/UEDPIE_0_NewMap 0.155
[2018.04.11-09.17.31:622][198]Cmd: SELECT NONE
[2018.04.11-09.17.52:949][467]LogSlate: FSceneViewport::OnFocusLost() reason 2
[2018.04.11-09.17.57:794][757]LogSlate: FSceneViewport::OnFocusLost() reason 2
[2018.04.11-09.18.01:321][969]LogEditorViewport: Clicking on Actor (LMB): BP_Sky_Sphere_C (Sky Sphere)
[2018.04.11-09.19.58:837][829]LogSlate: FSceneViewport::OnFocusLost() reason 0
[2018.04.11-09.19.58:953][836]LogTemp: Repeating last play command: Selected Viewport
[2018.04.11-09.19.58:987][836]LogPlayLevel: PlayLevel: No blueprints needed recompiling
[2018.04.11-09.19.58:987][836]PIE: New page: PIE session: NewMap (Apr 10, 2018, 5:19:58 PM)
[2018.04.11-09.19.58:988][836]LogPlayLevel: Creating play world package: /Game/UEDPIE_0_NewMap
[2018.04.11-09.19.58:992][836]LogPlayLevel: PIE: StaticDuplicateObject took: (0.003903s)
[2018.04.11-09.19.58:993][836]LogAIModule: Creating AISystem for world NewMap
[2018.04.11-09.19.58:993][836]LogPlayLevel: PIE: World Init took: (0.001262s)
[2018.04.11-09.19.58:993][836]LogPlayLevel: PIE: Created PIE world by copying editor world from /Game/NewMap.NewMap to /Game/UEDPIE_0_NewMap.NewMap (0.005366s)
[2018.04.11-09.19.59:016][836]LogInit: XAudio2 using 'Speakers (Realtek High Definition Audio)' : 2 channels at 48 kHz using 32 bits per sample (channel mask 0x3)
[2018.04.11-09.19.59:049][836]LogInit: FAudioDevice initialized.
[2018.04.11-09.19.59:081][836]LogLoad: Game class is 'GameMode'
[2018.04.11-09.19.59:083][836]LogWorld: Bringing World /Game/UEDPIE_0_NewMap.NewMap up for play (max tick rate 60) at 2018.04.11-01.19.59
[2018.04.11-09.19.59:084][836]LogWorld: Bringing up level for play took: 0.001300
[2018.04.11-09.19.59:084][836]LogGameMode: Display: Match State Changed from EnteringMap to WaitingToStart
[2018.04.11-09.19.59:084][836]LogGameState: Match State Changed from EnteringMap to WaitingToStart
[2018.04.11-09.19.59:084][836]LogGameMode: Display: Match State Changed from WaitingToStart to InProgress
[2018.04.11-09.19.59:085][836]LogTemp: Warning: SM_Chair_2 POSITION is X=-360.116 Y=328.435 Z=30.000
[2018.04.11-09.19.59:085][836]LogGameState: Match State Changed from WaitingToStart to InProgress
[2018.04.11-09.19.59:085][836]PIE: Play in editor start time for /Game/UEDPIE_0_NewMap 0.282
[2018.04.11-09.20.34:423][804]LogSlate: FSceneViewport::OnFocusLost() reason 2
[2018.04.11-09.20.43:297][332]LogEditorViewport: Clicking on Actor (LMB): StaticMeshActor (SM_Chair)
[2018.04.11-09.20.44:379][390]LogSlate: Took 0.000217 seconds to synchronously load lazily loaded font '../../../Engine/Content/Slate/Fonts/Roboto-Italic.ttf' (157K)
[2018.04.11-09.20.45:247][442]LogSlate: FSceneViewport::OnFocusLost() reason 0
[2018.04.11-09.20.45:389][449]LogSlate: Took 0.000242 seconds to synchronously load lazily loaded font '../../../Engine/Content/Slate/Fonts/Roboto-Light.ttf' (167K)
[2018.04.11-09.27.12:881][307]LogSlate: Took 0.000320 seconds to synchronously load lazily loaded font '../../../Engine/Content/Slate/Fonts/Roboto-Light.ttf' (167K)
[2018.04.11-09.27.21:984][334]LogSavePackage: Save=50.34ms
[2018.04.11-09.27.21:984][334]LogSavePackage: Moving '../../../../../../Users/Darkpony/Documents/Unreal-Tutorials-1/BuildingEscape/Saved/NewMap_Auto13F673F974B26700240EA9F8DCB574628.tmp' to '../../../../../../Users/Darkpony/Documents/Unreal-Tutorials-1/BuildingEscape/Saved/Autosaves/Game/NewMap_Auto1.umap'
[2018.04.11-09.27.21:987][334]LogSavePackage: Display: Finished SavePackage ../../../../../../Users/Darkpony/Documents/Unreal-Tutorials-1/BuildingEscape/Saved/Autosaves/Game/NewMap_Auto1.umap
[2018.04.11-09.27.21:990][334]LogFileHelpers: Editor autosave (incl. sublevels) for '/Game/NewMap' took 0.090
[2018.04.11-09.27.21:990][334]LogFileHelpers: Editor autosave (incl. sublevels) for all levels took 0.090
[2018.04.11-09.28.36:042][886]LogSlate: FSceneViewport::OnFocusLost() reason 0
[2018.04.11-09.29.01:089][364]LogActorFactory: Actor Factory created SM_TableRound
[2018.04.11-09.29.02:250][433]LogActorFactory: Actor Factory created SM_TableRound
[2018.04.11-09.29.04:561][568]LogEditorViewport: Clicking on Actor (LMB): StaticMeshActor (Floor)
[2018.04.11-09.29.05:402][615]LogEditorViewport: Clicking on Actor (LMB): StaticMeshActor (SM_TableRound)
[2018.04.11-09.29.09:573][860]LogSlate: FSceneViewport::OnFocusLost() reason 0
[2018.04.11-09.29.37:327][522]LogSlate: FSceneViewport::OnFocusLost() reason 0
[2018.04.11-09.29.37:479][529]LogActorFactory: Actor Factory created SM_Lamp_Wall
[2018.04.11-09.29.38:625][597]LogActorFactory: Actor Factory created SM_Lamp_Wall
[2018.04.11-09.29.46:406][ 54]LogEditorViewport: Clicking on Actor (LMB): StaticMeshActor (SM_TableRound)
[2018.04.11-09.29.50:121][270]LogEditorViewport: Clicking on Actor (LMB): StaticMeshActor (SM_Chair)
[2018.04.11-09.29.51:585][354]LogSlate: FSceneViewport::OnFocusLost() reason 0
[2018.04.11-09.29.58:957][796]LogEditorViewport: Clicking on Actor (LMB): StaticMeshActor (SM_TableRound)
[2018.04.11-09.30.40:819][540]LogSlate: FSceneViewport::OnFocusLost() reason 0
[2018.04.11-09.30.42:996][662]Candidate modules for hot reload:
[2018.04.11-09.30.42:996][662]  BuildingEscape
[2018.04.11-09.30.42:996][662]Launching UnrealBuildTool... [C:/Program Files/Epic Games/UE_4.19/Engine/Binaries/DotNET/UnrealBuildTool.exe BuildingEscape -ModuleWithSuffix=BuildingEscape,9666 Win64 Development -editorrecompile -canskiplink "C:/Users/Darkpony/Documents/Unreal-Tutorials-1/BuildingEscape/BuildingEscape.uproject" ]
[2018.04.11-09.30.43:123][662]Warning: Starting HotReload took  0.1s.
[2018.04.11-09.30.44:603][751]CompilerResultsLog: New page: Compilation - Apr 10, 2018, 5:30:44 PM
[2018.04.11-09.30.44:603][751]CompilerResultsLog: Using 'git status' to determine working set for adaptive non-unity build.
[2018.04.11-09.30.44:603][751]CompilerResultsLog: Compiling game modules for hot reload
[2018.04.11-09.30.44:603][751]CompilerResultsLog: Target is up to date
[2018.04.11-09.30.44:603][751]CompilerResultsLog: Total build time: 1.15 seconds (NoActionsToExecute executor: 0.01 seconds)
[2018.04.11-09.30.44:603][751]LogMainFrame: MainFrame: Module compiling took 1.612 seconds
[2018.04.11-09.30.44:641][751]LogContentBrowser: Native class hierarchy populated in 0.0122 seconds. Added 2456 classes and 562 folders.
[2018.04.11-09.30.44:641][751]Display: HotReload took  1.7s.
[2018.04.11-09.30.46:024][834]LogTemp: Repeating last play command: Selected Viewport
[2018.04.11-09.30.46:046][834]LogPlayLevel: PlayLevel: No blueprints needed recompiling
[2018.04.11-09.30.46:046][834]PIE: New page: PIE session: NewMap (Apr 10, 2018, 5:30:46 PM)
[2018.04.11-09.30.46:046][834]LogPlayLevel: Creating play world package: /Game/UEDPIE_0_NewMap
[2018.04.11-09.30.46:050][834]LogPlayLevel: PIE: StaticDuplicateObject took: (0.004106s)
[2018.04.11-09.30.46:051][834]LogAIModule: Creating AISystem for world NewMap
[2018.04.11-09.30.46:052][834]LogPlayLevel: PIE: World Init took: (0.001099s)
[2018.04.11-09.30.46:052][834]LogPlayLevel: PIE: Created PIE world by copying editor world from /Game/NewMap.NewMap to /Game/UEDPIE_0_NewMap.NewMap (0.005394s)
[2018.04.11-09.30.46:073][834]LogInit: XAudio2 using 'Speakers (Realtek High Definition Audio)' : 2 channels at 48 kHz using 32 bits per sample (channel mask 0x3)
[2018.04.11-09.30.46:105][834]LogInit: FAudioDevice initialized.
[2018.04.11-09.30.46:142][834]LogLoad: Game class is 'GameMode'
[2018.04.11-09.30.46:144][834]LogWorld: Bringing World /Game/UEDPIE_0_NewMap.NewMap up for play (max tick rate 60) at 2018.04.11-01.30.46
[2018.04.11-09.30.46:144][834]LogWorld: Bringing up level for play took: 0.001445
[2018.04.11-09.30.46:145][834]LogGameMode: Display: Match State Changed from EnteringMap to WaitingToStart
[2018.04.11-09.30.46:145][834]LogGameState: Match State Changed from EnteringMap to WaitingToStart
[2018.04.11-09.30.46:145][834]LogGameMode: Display: Match State Changed from WaitingToStart to InProgress
[2018.04.11-09.30.46:145][834]LogTemp: Warning: SM_Chair_2 POSITION is X=-360.116 Y=328.435 Z=30.000
[2018.04.11-09.30.46:146][834]LogGameState: Match State Changed from WaitingToStart to InProgress
[2018.04.11-09.30.46:146][834]PIE: Play in editor start time for /Game/UEDPIE_0_NewMap -0.657
[2018.04.11-09.31.50:553][691]LogSlate: FSceneViewport::OnFocusLost() reason 0
[2018.04.11-09.31.50:669][698]LogTemp: Repeating last play command: Selected Viewport
[2018.04.11-09.31.50:690][698]LogPlayLevel: PlayLevel: No blueprints needed recompiling
[2018.04.11-09.31.50:690][698]PIE: New page: PIE session: NewMap (Apr 10, 2018, 5:31:50 PM)
[2018.04.11-09.31.50:690][698]LogPlayLevel: Creating play world package: /Game/UEDPIE_0_NewMap
[2018.04.11-09.31.50:694][698]LogPlayLevel: PIE: StaticDuplicateObject took: (0.003484s)
[2018.04.11-09.31.50:694][698]LogAIModule: Creating AISystem for world NewMap
[2018.04.11-09.31.50:695][698]LogPlayLevel: PIE: World Init took: (0.000861s)
[2018.04.11-09.31.50:695][698]LogPlayLevel: PIE: Created PIE world by copying editor world from /Game/NewMap.NewMap to /Game/UEDPIE_0_NewMap.NewMap (0.004512s)
[2018.04.11-09.31.50:716][698]LogInit: XAudio2 using 'Speakers (Realtek High Definition Audio)' : 2 channels at 48 kHz using 32 bits per sample (channel mask 0x3)
[2018.04.11-09.31.50:750][698]LogInit: FAudioDevice initialized.
[2018.04.11-09.31.50:786][698]LogLoad: Game class is 'GameMode'
[2018.04.11-09.31.50:788][698]LogWorld: Bringing World /Game/UEDPIE_0_NewMap.NewMap up for play (max tick rate 60) at 2018.04.11-01.31.50
[2018.04.11-09.31.50:789][698]LogWorld: Bringing up level for play took: 0.001387
[2018.04.11-09.31.50:789][698]LogGameMode: Display: Match State Changed from EnteringMap to WaitingToStart
[2018.04.11-09.31.50:789][698]LogGameState: Match State Changed from EnteringMap to WaitingToStart
[2018.04.11-09.31.50:789][698]LogGameMode: Display: Match State Changed from WaitingToStart to InProgress
[2018.04.11-09.31.50:790][698]LogTemp: Warning: SM_Chair_2 POSITION is X=-360.116 Y=328.435 Z=30.000
[2018.04.11-09.31.50:790][698]LogGameState: Match State Changed from WaitingToStart to InProgress
[2018.04.11-09.31.50:790][698]PIE: Play in editor start time for /Game/UEDPIE_0_NewMap -0.013
[2018.04.11-09.37.42:843][260]LogEditorViewport: Clicking on Actor (LMB): StaticMeshActor (SM_TableRound)
[2018.04.11-09.38.28:657][350]LogSlate: FSceneViewport::OnFocusLost() reason 0
[2018.04.11-09.38.30:127][431]LogSavePackage: Save=46.50ms
[2018.04.11-09.38.30:127][431]LogSavePackage: Moving '../../../../../../Users/Darkpony/Documents/Unreal-Tutorials-1/BuildingEscape/Saved/NewMap_Auto2680212FD425EA015ECFB80B45D4799DD.tmp' to '../../../../../../Users/Darkpony/Documents/Unreal-Tutorials-1/BuildingEscape/Saved/Autosaves/Game/NewMap_Auto2.umap'
[2018.04.11-09.38.30:129][431]LogSavePackage: Display: Finished SavePackage ../../../../../../Users/Darkpony/Documents/Unreal-Tutorials-1/BuildingEscape/Saved/Autosaves/Game/NewMap_Auto2.umap
[2018.04.11-09.38.30:132][431]LogFileHelpers: Editor autosave (incl. sublevels) for '/Game/NewMap' took 0.081
[2018.04.11-09.38.30:132][431]LogFileHelpers: Editor autosave (incl. sublevels) for all levels took 0.081
[2018.04.11-09.38.31:912][537]LogSlate: FSceneViewport::OnFocusLost() reason 2
[2018.04.11-09.38.55:447][949]LogEditorViewport: Clicking on Actor (LMB): StaticMeshActor (SM_Chair)
[2018.04.11-09.38.59:360][180]LogSlate: FSceneViewport::OnFocusLost() reason 0
[2018.04.11-09.39.20:443][875]LogSlate: FSceneViewport::OnFocusLost() reason 0
