Log file open, 04/08/18 04:22:26
LogWindows: Failed to load 'aqProf.dll' (GetLastError=126)
LogWindows: File 'aqProf.dll' does not exist
LogWindows: Failed to load 'VSPerf140.dll' (GetLastError=126)
LogWindows: File 'VSPerf140.dll' does not exist
LogWindows: Failed to load 'VtuneApi.dll' (GetLastError=126)
LogWindows: File 'VtuneApi.dll' does not exist
LogWindows: Failed to load 'VtuneApi32e.dll' (GetLastError=126)
LogWindows: File 'VtuneApi32e.dll' does not exist
LogInit: Display: Running engine for game: BuildingEscape
LogPlatformFile: Not using cached read wrapper
LogInit: Display: RandInit(1309426576) SRandInit(1309426577).
LogInit: Read version file with build ID '3944462'
LogInit: Overriding engine version to CL 3944462, compatible CL 3944462
LogInit: Registered custom module enumerator with build ID '3944462'
LogTaskGraph: Started task graph with 5 named threads and 35 total threads with 3 sets of task threads.
LogStats: Stats thread started at 0.448294
LogD3D11RHI: Aftermath initialized
LogICUInternationalization: Display: ICU TimeZone Detection - Raw Offset: -9:00, Platform Override: ''
LogPluginManager: Mounting plugin Paper2D
LogPluginManager: Mounting plugin LiveLink
LogPluginManager: Mounting plugin LightPropagationVolume
LogPluginManager: Mounting plugin CLionSourceCodeAccess
LogPluginManager: Mounting plugin CodeLiteSourceCodeAccess
LogPluginManager: Mounting plugin GitSourceControl
LogPluginManager: Mounting plugin KDevelopSourceCodeAccess
LogPluginManager: Mounting plugin NullSourceCodeAccess
LogPluginManager: Mounting plugin PerforceSourceControl
LogPluginManager: Mounting plugin SubversionSourceControl
LogPluginManager: Mounting plugin UObjectPlugin
LogPluginManager: Mounting plugin VisualStudioCodeSourceCodeAccess
LogPluginManager: Mounting plugin VisualStudioSourceCodeAccess
LogPluginManager: Mounting plugin XCodeSourceCodeAccess
LogPluginManager: Mounting plugin AssetManagerEditor
LogPluginManager: Mounting plugin CryptoKeys
LogPluginManager: Mounting plugin DataValidation
LogPluginManager: Mounting plugin FacialAnimation
LogPluginManager: Mounting plugin GameplayTagsEditor
LogPluginManager: Mounting plugin MobileLauncherProfileWizard
LogPluginManager: Mounting plugin PluginBrowser
LogPluginManager: Mounting plugin SpeedTreeImporter
LogPluginManager: Mounting plugin DatasmithContent
LogPluginManager: Mounting plugin AlembicImporter
LogPluginManager: Mounting plugin CharacterAI
LogPluginManager: Mounting plugin HTML5Networking
LogPluginManager: Mounting plugin AndroidMedia
LogPluginManager: Mounting plugin AvfMedia
LogPluginManager: Mounting plugin ImgMedia
LogPluginManager: Mounting plugin LinearTimecode
LogPluginManager: Mounting plugin MediaCompositing
LogPluginManager: Mounting plugin MediaPlayerEditor
LogPluginManager: Mounting plugin WmfMedia
LogPluginManager: Mounting plugin TcpMessaging
LogPluginManager: Mounting plugin UdpMessaging
LogPluginManager: Mounting plugin ActorSequence
LogPluginManager: Mounting plugin LevelSequenceEditor
LogPluginManager: Mounting plugin MatineeToLevelSequence
LogPluginManager: Mounting plugin NetcodeUnitTest
LogPluginManager: Mounting plugin NUTUnrealEngine4
LogPluginManager: Mounting plugin OnlineSubsystemGooglePlay
LogPluginManager: Mounting plugin OnlineSubsystemIOS
LogPluginManager: Mounting plugin OnlineSubsystem
LogPluginManager: Mounting plugin OnlineSubsystemNull
LogPluginManager: Mounting plugin OnlineSubsystemUtils
LogPluginManager: Mounting plugin AndroidDeviceProfileSelector
LogPluginManager: Mounting plugin AndroidMoviePlayer
LogPluginManager: Mounting plugin AndroidPermission
LogPluginManager: Mounting plugin AppleARKit
LogPluginManager: Mounting plugin AppleMoviePlayer
LogPluginManager: Mounting plugin ArchVisCharacter
LogPluginManager: Mounting plugin AudioCapture
LogPluginManager: Mounting plugin CableComponent
LogPluginManager: Mounting plugin CustomMeshComponent
LogPluginManager: Mounting plugin ExampleDeviceProfileSelector
LogPluginManager: Mounting plugin GoogleCloudMessaging
LogPluginManager: Mounting plugin ImmediatePhysics
LogPluginManager: Mounting plugin IOSDeviceProfileSelector
LogPluginManager: Mounting plugin LinuxDeviceProfileSelector
LogPluginManager: Mounting plugin LocationServicesBPLibrary
LogPluginManager: Mounting plugin MobilePatchingUtils
LogPluginManager: Mounting plugin OculusVR
LogPluginManager: Plugin shader directory ../../../Engine/Plugins/Runtime/Oculus/OculusVR/Shaders found
LogPluginManager: Mapping shader source directory ../../../Engine/Plugins/Runtime/Oculus/OculusVR/Shaders to virtual directory /Plugin/OculusVR
LogPluginManager: Mounting plugin PhysXVehicles
LogPluginManager: Mounting plugin ProceduralMeshComponent
LogPluginManager: Mounting plugin RuntimePhysXCooking
LogPluginManager: Mounting plugin SteamVR
LogPluginManager: Mounting plugin WindowsMoviePlayer
LogStreaming: Display: Took  0.109s to configure plugins.
LogModuleManager: Display: Found up-to-date module file ../../../../../../Users/dpony/Documents/Unreal Projects/Unreal-Tutorials-1/BuildingEscape/Binaries/Win64/UE4Editor-BuildingEscape-403.dll (API version 3944462).
LogModuleManager: Display: Found up-to-date module file ../../../Engine/Plugins/2D/Paper2D/Binaries/Win64/UE4Editor-Paper2D.dll (API version 3944462).
LogModuleManager: Display: Found up-to-date module file ../../../Engine/Plugins/2D/Paper2D/Binaries/Win64/UE4Editor-Paper2DEditor.dll (API version 3944462).
LogModuleManager: Display: Found up-to-date module file ../../../Engine/Plugins/2D/Paper2D/Binaries/Win64/UE4Editor-PaperSpriteSheetImporter.dll (API version 3944462).
LogModuleManager: Display: Found up-to-date module file ../../../Engine/Plugins/2D/Paper2D/Binaries/Win64/UE4Editor-PaperTiledImporter.dll (API version 3944462).
LogModuleManager: Display: Found up-to-date module file ../../../Engine/Plugins/2D/Paper2D/Binaries/Win64/UE4Editor-SmartSnapping.dll (API version 3944462).
LogModuleManager: Display: Found up-to-date module file ../../../Engine/Plugins/Animation/LiveLink/Binaries/Win64/UE4Editor-LiveLink.dll (API version 3944462).
LogModuleManager: Display: Found up-to-date module file ../../../Engine/Plugins/Animation/LiveLink/Binaries/Win64/UE4Editor-LiveLinkEditor.dll (API version 3944462).
LogModuleManager: Display: Found up-to-date module file ../../../Engine/Plugins/Blendables/LightPropagationVolume/Binaries/Win64/UE4Editor-LightPropagationVolumeRuntime.dll (API version 3944462).
LogModuleManager: Display: Found up-to-date module file ../../../Engine/Plugins/Blendables/LightPropagationVolume/Binaries/Win64/UE4Editor-LightPropagationVolumeEditor.dll (API version 3944462).
LogModuleManager: Display: Found up-to-date module file ../../../Engine/Plugins/Developer/CLionSourceCodeAccess/Binaries/Win64/UE4Editor-CLionSourceCodeAccess.dll (API version 3944462).
LogModuleManager: Display: Found up-to-date module file ../../../Engine/Plugins/Developer/GitSourceControl/Binaries/Win64/UE4Editor-GitSourceControl.dll (API version 3944462).
LogModuleManager: Display: Found up-to-date module file ../../../Engine/Plugins/Developer/PerforceSourceControl/Binaries/Win64/UE4Editor-PerforceSourceControl.dll (API version 3944462).
LogModuleManager: Display: Found up-to-date module file ../../../Engine/Plugins/Developer/SubversionSourceControl/Binaries/Win64/UE4Editor-SubversionSourceControl.dll (API version 3944462).
LogModuleManager: Display: Found up-to-date module file ../../../Engine/Plugins/Developer/UObjectPlugin/Binaries/Win64/UE4Editor-UObjectPlugin.dll (API version 3944462).
LogModuleManager: Display: Found up-to-date module file ../../../Engine/Plugins/Developer/VisualStudioCodeSourceCodeAccess/Binaries/Win64/UE4Editor-VisualStudioCodeSourceCodeAccess.dll (API version 3944462).
LogModuleManager: Display: Found up-to-date module file ../../../Engine/Plugins/Developer/VisualStudioSourceCodeAccess/Binaries/Win64/UE4Editor-VisualStudioSourceCodeAccess.dll (API version 3944462).
LogModuleManager: Display: Found up-to-date module file ../../../Engine/Plugins/Editor/AssetManagerEditor/Binaries/Win64/UE4Editor-AssetManagerEditor.dll (API version 3944462).
LogModuleManager: Display: Found up-to-date module file ../../../Engine/Plugins/Editor/CryptoKeys/Binaries/Win64/UE4Editor-CryptoKeys.dll (API version 3944462).
LogModuleManager: Display: Found up-to-date module file ../../../Engine/Plugins/Editor/CryptoKeys/Binaries/Win64/UE4Editor-CryptoKeysOpenSSL.dll (API version 3944462).
LogModuleManager: Display: Found up-to-date module file ../../../Engine/Plugins/Editor/DataValidation/Binaries/Win64/UE4Editor-DataValidation.dll (API version 3944462).
LogModuleManager: Display: Found up-to-date module file ../../../Engine/Plugins/Editor/FacialAnimation/Binaries/Win64/UE4Editor-FacialAnimation.dll (API version 3944462).
LogModuleManager: Display: Found up-to-date module file ../../../Engine/Plugins/Editor/FacialAnimation/Binaries/Win64/UE4Editor-FacialAnimationEditor.dll (API version 3944462).
LogModuleManager: Display: Found up-to-date module file ../../../Engine/Plugins/Editor/GameplayTagsEditor/Binaries/Win64/UE4Editor-GameplayTagsEditor.dll (API version 3944462).
LogModuleManager: Display: Found up-to-date module file ../../../Engine/Plugins/Editor/MobileLauncherProfileWizard/Binaries/Win64/UE4Editor-MobileLauncherProfileWizard.dll (API version 3944462).
LogModuleManager: Display: Found up-to-date module file ../../../Engine/Plugins/Editor/PluginBrowser/Binaries/Win64/UE4Editor-PluginBrowser.dll (API version 3944462).
LogModuleManager: Display: Found up-to-date module file ../../../Engine/Plugins/Editor/SpeedTreeImporter/Binaries/Win64/UE4Editor-SpeedTreeImporter.dll (API version 3944462).
LogModuleManager: Display: Found up-to-date module file ../../../Engine/Plugins/Enterprise/DatasmithContent/Binaries/Win64/UE4Editor-DatasmithContent.dll (API version 3944462).
LogModuleManager: Display: Found up-to-date module file ../../../Engine/Plugins/Experimental/AlembicImporter/Binaries/Win64/UE4Editor-AlembicImporter.dll (API version 3944462).
LogModuleManager: Display: Found up-to-date module file ../../../Engine/Plugins/Experimental/AlembicImporter/Binaries/Win64/UE4Editor-AlembicLibrary.dll (API version 3944462).
LogModuleManager: Display: Found up-to-date module file ../../../Engine/Plugins/Experimental/CharacterAI/Binaries/Win64/UE4Editor-CharacterAI.dll (API version 3944462).
LogModuleManager: Display: Found up-to-date module file ../../../Engine/Plugins/Experimental/HTML5Networking/Binaries/Win64/UE4Editor-HTML5Networking.dll (API version 3944462).
LogModuleManager: Display: Found up-to-date module file ../../../Engine/Plugins/Media/AndroidMedia/Binaries/Win64/UE4Editor-AndroidMediaEditor.dll (API version 3944462).
LogModuleManager: Display: Found up-to-date module file ../../../Engine/Plugins/Media/AndroidMedia/Binaries/Win64/UE4Editor-AndroidMediaFactory.dll (API version 3944462).
LogModuleManager: Display: Found up-to-date module file ../../../Engine/Plugins/Media/AvfMedia/Binaries/Win64/UE4Editor-AvfMediaEditor.dll (API version 3944462).
LogModuleManager: Display: Found up-to-date module file ../../../Engine/Plugins/Media/AvfMedia/Binaries/Win64/UE4Editor-AvfMediaFactory.dll (API version 3944462).
LogModuleManager: Display: Found up-to-date module file ../../../Engine/Plugins/Media/AvfMedia/Binaries/Win64/UE4Editor-AvfMediaFactory.dll (API version 3944462).
LogModuleManager: Display: Found up-to-date module file ../../../Engine/Plugins/Media/ImgMedia/Binaries/Win64/UE4Editor-ImgMedia.dll (API version 3944462).
LogModuleManager: Display: Found up-to-date module file ../../../Engine/Plugins/Media/ImgMedia/Binaries/Win64/UE4Editor-ImgMediaEditor.dll (API version 3944462).
LogModuleManager: Display: Found up-to-date module file ../../../Engine/Plugins/Media/ImgMedia/Binaries/Win64/UE4Editor-ImgMediaFactory.dll (API version 3944462).
LogModuleManager: Display: Found up-to-date module file ../../../Engine/Plugins/Media/ImgMedia/Binaries/Win64/UE4Editor-ImgMediaFactory.dll (API version 3944462).
LogModuleManager: Display: Found up-to-date module file ../../../Engine/Plugins/Media/ImgMedia/Binaries/Win64/UE4Editor-OpenExrWrapper.dll (API version 3944462).
LogModuleManager: Display: Found up-to-date module file ../../../Engine/Plugins/Media/LinearTimecode/Binaries/Win64/UE4Editor-LinearTimecode.dll (API version 3944462).
LogModuleManager: Display: Found up-to-date module file ../../../Engine/Plugins/Media/MediaCompositing/Binaries/Win64/UE4Editor-MediaCompositing.dll (API version 3944462).
LogModuleManager: Display: Found up-to-date module file ../../../Engine/Plugins/Media/MediaCompositing/Binaries/Win64/UE4Editor-MediaCompositingEditor.dll (API version 3944462).
LogModuleManager: Display: Found up-to-date module file ../../../Engine/Plugins/Media/MediaPlayerEditor/Binaries/Win64/UE4Editor-MediaPlayerEditor.dll (API version 3944462).
LogModuleManager: Display: Found up-to-date module file ../../../Engine/Plugins/Media/WmfMedia/Binaries/Win64/UE4Editor-WmfMedia.dll (API version 3944462).
LogModuleManager: Display: Found up-to-date module file ../../../Engine/Plugins/Media/WmfMedia/Binaries/Win64/UE4Editor-WmfMediaEditor.dll (API version 3944462).
LogModuleManager: Display: Found up-to-date module file ../../../Engine/Plugins/Media/WmfMedia/Binaries/Win64/UE4Editor-WmfMediaFactory.dll (API version 3944462).
LogModuleManager: Display: Found up-to-date module file ../../../Engine/Plugins/Media/WmfMedia/Binaries/Win64/UE4Editor-WmfMediaFactory.dll (API version 3944462).
LogModuleManager: Display: Found up-to-date module file ../../../Engine/Plugins/Messaging/TcpMessaging/Binaries/Win64/UE4Editor-TcpMessaging.dll (API version 3944462).
LogModuleManager: Display: Found up-to-date module file ../../../Engine/Plugins/Messaging/UdpMessaging/Binaries/Win64/UE4Editor-UdpMessaging.dll (API version 3944462).
LogModuleManager: Display: Found up-to-date module file ../../../Engine/Plugins/MovieScene/ActorSequence/Binaries/Win64/UE4Editor-ActorSequence.dll (API version 3944462).
LogModuleManager: Display: Found up-to-date module file ../../../Engine/Plugins/MovieScene/LevelSequenceEditor/Binaries/Win64/UE4Editor-LevelSequenceEditor.dll (API version 3944462).
LogModuleManager: Display: Found up-to-date module file ../../../Engine/Plugins/MovieScene/MatineeToLevelSequence/Binaries/Win64/UE4Editor-MatineeToLevelSequence.dll (API version 3944462).
LogModuleManager: Display: Found up-to-date module file ../../../Engine/Plugins/NetcodeUnitTest/NetcodeUnitTest/Binaries/Win64/UE4Editor-NetcodeUnitTest.dll (API version 3944462).
LogModuleManager: Display: Found up-to-date module file ../../../Engine/Plugins/NetcodeUnitTest/NUTUnrealEngine4/Binaries/Win64/UE4Editor-NUTUnrealEngine4.dll (API version 3944462).
LogModuleManager: Display: Found up-to-date module file ../../../Engine/Plugins/Online/OnlineSubsystem/Binaries/Win64/UE4Editor-OnlineSubsystem.dll (API version 3944462).
LogModuleManager: Display: Found up-to-date module file ../../../Engine/Plugins/Online/OnlineSubsystemNull/Binaries/Win64/UE4Editor-OnlineSubsystemNull.dll (API version 3944462).
LogModuleManager: Display: Found up-to-date module file ../../../Engine/Plugins/Online/OnlineSubsystemUtils/Binaries/Win64/UE4Editor-OnlineSubsystemUtils.dll (API version 3944462).
LogModuleManager: Display: Found up-to-date module file ../../../Engine/Plugins/Online/OnlineSubsystemUtils/Binaries/Win64/UE4Editor-OnlineBlueprintSupport.dll (API version 3944462).
LogModuleManager: Display: Found up-to-date module file ../../../Engine/Plugins/Runtime/AndroidDeviceProfileSelector/Binaries/Win64/UE4Editor-AndroidDeviceProfileSelector.dll (API version 3944462).
LogModuleManager: Display: Found up-to-date module file ../../../Engine/Plugins/Runtime/AndroidPermission/Binaries/Win64/UE4Editor-AndroidPermission.dll (API version 3944462).
LogModuleManager: Display: Found up-to-date module file ../../../Engine/Plugins/Runtime/AppleARKit/Binaries/Win64/UE4Editor-AppleARKit.dll (API version 3944462).
LogModuleManager: Display: Found up-to-date module file ../../../Engine/Plugins/Runtime/ArchVisCharacter/Binaries/Win64/UE4Editor-ArchVisCharacter.dll (API version 3944462).
LogModuleManager: Display: Found up-to-date module file ../../../Engine/Plugins/Runtime/AudioCapture/Binaries/Win64/UE4Editor-AudioCapture.dll (API version 3944462).
LogModuleManager: Display: Found up-to-date module file ../../../Engine/Plugins/Runtime/AudioCapture/Binaries/Win64/UE4Editor-AudioCaptureEditor.dll (API version 3944462).
LogModuleManager: Display: Found up-to-date module file ../../../Engine/Plugins/Runtime/CableComponent/Binaries/Win64/UE4Editor-CableComponent.dll (API version 3944462).
LogModuleManager: Display: Found up-to-date module file ../../../Engine/Plugins/Runtime/CustomMeshComponent/Binaries/Win64/UE4Editor-CustomMeshComponent.dll (API version 3944462).
LogModuleManager: Display: Found up-to-date module file ../../../Engine/Plugins/Runtime/ExampleDeviceProfileSelector/Binaries/Win64/UE4Editor-ExampleDeviceProfileSelector.dll (API version 3944462).
LogModuleManager: Display: Found up-to-date module file ../../../Engine/Plugins/Runtime/ImmediatePhysics/Binaries/Win64/UE4Editor-ImmediatePhysics.dll (API version 3944462).
LogModuleManager: Display: Found up-to-date module file ../../../Engine/Plugins/Runtime/ImmediatePhysics/Binaries/Win64/UE4Editor-ImmediatePhysicsEditor.dll (API version 3944462).
LogModuleManager: Display: Found up-to-date module file ../../../Engine/Plugins/Runtime/LocationServicesBPLibrary/Binaries/Win64/UE4Editor-LocationServicesBPLibrary.dll (API version 3944462).
LogModuleManager: Display: Found up-to-date module file ../../../Engine/Plugins/Runtime/MobilePatchingUtils/Binaries/Win64/UE4Editor-MobilePatchingUtils.dll (API version 3944462).
LogModuleManager: Display: Found up-to-date module file ../../../Engine/Plugins/Runtime/Oculus/OculusVR/Binaries/Win64/UE4Editor-OculusHMD.dll (API version 3944462).
LogModuleManager: Display: Found up-to-date module file ../../../Engine/Plugins/Runtime/Oculus/OculusVR/Binaries/Win64/UE4Editor-OculusInput.dll (API version 3944462).
LogModuleManager: Display: Found up-to-date module file ../../../Engine/Plugins/Runtime/Oculus/OculusVR/Binaries/Win64/UE4Editor-OculusEditor.dll (API version 3944462).
LogModuleManager: Display: Found up-to-date module file ../../../Engine/Plugins/Runtime/PhysXVehicles/Binaries/Win64/UE4Editor-PhysXVehicles.dll (API version 3944462).
LogModuleManager: Display: Found up-to-date module file ../../../Engine/Plugins/Runtime/PhysXVehicles/Binaries/Win64/UE4Editor-PhysXVehiclesEditor.dll (API version 3944462).
LogModuleManager: Display: Found up-to-date module file ../../../Engine/Plugins/Runtime/ProceduralMeshComponent/Binaries/Win64/UE4Editor-ProceduralMeshComponent.dll (API version 3944462).
LogModuleManager: Display: Found up-to-date module file ../../../Engine/Plugins/Runtime/ProceduralMeshComponent/Binaries/Win64/UE4Editor-ProceduralMeshComponentEditor.dll (API version 3944462).
LogModuleManager: Display: Found up-to-date module file ../../../Engine/Plugins/Runtime/RuntimePhysXCooking/Binaries/Win64/UE4Editor-RuntimePhysXCooking.dll (API version 3944462).
LogModuleManager: Display: Found up-to-date module file ../../../Engine/Plugins/Runtime/Steam/SteamVR/Binaries/Win64/UE4Editor-SteamVR.dll (API version 3944462).
LogModuleManager: Display: Found up-to-date module file ../../../Engine/Plugins/Runtime/Steam/SteamVR/Binaries/Win64/UE4Editor-SteamVRController.dll (API version 3944462).
LogModuleManager: Display: Found up-to-date module file ../../../Engine/Plugins/Runtime/WindowsMoviePlayer/Binaries/Win64/UE4Editor-WindowsMoviePlayer.dll (API version 3944462).
LogInit: Using libcurl 7.47.1
LogInit:  - built for x86_64-pc-win32
LogInit:  - supports SSL with OpenSSL/1.0.2g
LogInit:  - supports HTTP deflate (compression) using libz 1.2.8
LogInit:  - other features:
LogInit:      CURL_VERSION_SSL
LogInit:      CURL_VERSION_LIBZ
LogInit:      CURL_VERSION_IPV6
LogInit:      CURL_VERSION_ASYNCHDNS
LogInit:      CURL_VERSION_LARGEFILE
LogInit:      CURL_VERSION_IDN
LogInit:  CurlRequestOptions (configurable via config and command line):
LogInit:  - bVerifyPeer = false  - Libcurl will NOT verify peer certificate
LogInit:  - bUseHttpProxy = false  - Libcurl will NOT use HTTP proxy
LogInit:  - bDontReuseConnections = false  - Libcurl will reuse connections
LogInit:  - CertBundlePath = nullptr  - Libcurl will use whatever was configured at build time.
LogInit:  - MaxHostConnections = 16  - Libcurl will limit the number of connections to a host
LogInit:  - LocalHostAddr = Default
LogInit: WinSock: version 1.1 (2.2), MaxSocks=32767, MaxUdp=65467
LogInit: WinSock: I am DESKTOP-LSPO5S8 (192.168.0.105:0)
LogInit: Build: ++UE4+Release-4.19-CL-3944462
LogInit: Engine Version: 4.19.0-3944462+++UE4+Release-4.19
LogInit: Compatible Engine Version: 4.19.0-3944462+++UE4+Release-4.19
LogInit: Net CL: 3944462
LogDevObjectVersion: Number of dev versions registered: 18
LogDevObjectVersion:   Dev-Blueprints (B0D832E4-1F89-4F0D-ACCF-7EB736FD4AA2): 10
LogDevObjectVersion:   Dev-Build (E1C64328-A22C-4D53-A36C-8E866417BD8C): 0
LogDevObjectVersion:   Dev-Core (375EC13C-06E4-48FB-B500-84F0262A717E): 2
LogDevObjectVersion:   Dev-Editor (E4B068ED-F494-42E9-A231-DA0B2E46BB41): 23
LogDevObjectVersion:   Dev-Framework (CFFC743F-43B0-4480-9391-14DF171D2073): 33
LogDevObjectVersion:   Dev-Mobile (B02B49B5-BB20-44E9-A304-32B752E40360): 2
LogDevObjectVersion:   Dev-Networking (A4E4105C-59A1-49B5-A7C5-40C4547EDFEE): 0
LogDevObjectVersion:   Dev-Online (39C831C9-5AE6-47DC-9A44-9C173E1C8E7C): 0
LogDevObjectVersion:   Dev-Physics (78F01B33-EBEA-4F98-B9B4-84EACCB95AA2): 0
LogDevObjectVersion:   Dev-Platform (6631380F-2D4D-43E0-8009-CF276956A95A): 0
LogDevObjectVersion:   Dev-Rendering (12F88B9F-8875-4AFC-A67C-D90C383ABD29): 25
LogDevObjectVersion:   Dev-Sequencer (7B5AE74C-D270-4C10-A958-57980B212A5A): 6
LogDevObjectVersion:   Dev-VR (D7296918-1DD6-4BDD-9DE2-64A83CC13884): 1
LogDevObjectVersion:   Dev-LoadTimes (C2A15278-BFE7-4AFE-6C17-90FF531DF755): 1
LogDevObjectVersion:   Private-Geometry (6EACA3D4-40EC-4CC1-B786-8BED09428FC5): 2
LogDevObjectVersion:   Dev-AnimPhys (29E575DD-E0A3-4627-9D10-D276232CDCEA): 16
LogDevObjectVersion:   Dev-ReflectionCapture (6B266CEC-1EC7-4B8F-A30B-E4D90942FC07): 1
LogDevObjectVersion:   Dev-Automation (0DF73D61-A23F-47EA-B727-89E90C41499A): 1
LogInit: Compiled (64-bit): Mar 13 2018 23:12:32
LogInit: Compiled with Visual C++: 19.00.24215.01
LogInit: Build Configuration: Development
LogInit: Branch Name: ++UE4+Release-4.19
LogInit: Command Line: -EpicPortal 
LogInit: Base Directory: C:/Program Files/Epic Games/UE_4.19/Engine/Binaries/Win64/
LogInit: Installed Engine Build: 1
LogStreaming: Display: Took  0.001s to delete old logs.
LogInit: Presizing for max 8388607 objects, including 0 objects not considered by GC, pre-allocating 0 bytes for permanent pool.
LogInit: Object subsystem initialized
[2018.04.08-12.22.28:826][  0]LogInit: Selected Device Profile: [Windows]
[2018.04.08-12.22.28:826][  0]LogInit: Applying CVar settings loaded from the selected device profile: [Windows]
[2018.04.08-12.22.28:857][  0]LogInit: Computer: DESKTOP-LSPO5S8
[2018.04.08-12.22.28:857][  0]LogInit: User: dpony
[2018.04.08-12.22.28:857][  0]LogInit: CPU Page size=4096, Cores=6
[2018.04.08-12.22.28:857][  0]LogInit: High frequency timer resolution =3.221721 MHz
[2018.04.08-12.22.28:857][  0]LogMemory: Memory total: Physical=15.9GB (16GB approx)
[2018.04.08-12.22.28:857][  0]LogMemory: Platform Memory Stats for Windows
[2018.04.08-12.22.28:857][  0]LogMemory: Process Physical Memory: 276.30 MB used, 276.30 MB peak
[2018.04.08-12.22.28:857][  0]LogMemory: Process Virtual Memory: 271.53 MB used, 271.53 MB peak
[2018.04.08-12.22.28:857][  0]LogMemory: Physical Memory: 7005.04 MB used,  9299.39 MB free, 16304.43 MB total
[2018.04.08-12.22.28:857][  0]LogMemory: Virtual Memory: 718.84 MB used,  9299.39 MB free, 134217728.00 MB total
[2018.04.08-12.22.28:893][  0]LogInit: Using OS detected language (en-US).
[2018.04.08-12.22.28:893][  0]LogInit: Using OS detected locale (en-US).
[2018.04.08-12.22.28:897][  0]LogTextLocalizationManager: No specific localization for 'en-US' exists, so the 'en' localization will be used.
[2018.04.08-12.22.29:381][  0]LogStreaming: Display: Took  0.488s to EndInitTextLocalization.
[2018.04.08-12.22.29:382][  0]LogInit: Setting process to per monitor DPI aware
[2018.04.08-12.22.29:460][  0]LogSlate: New Slate User Created.  User Index 0, Is Virtual User: 0
[2018.04.08-12.22.29:460][  0]LogSlate: Slate User Registered.  User Index 0, Is Virtual User: 0
[2018.04.08-12.22.29:765][  0]LogD3D11RHI: D3D11 adapters:
[2018.04.08-12.22.29:836][  0]LogD3D11RHI:    0. 'NVIDIA GeForce GTX 970' (Feature Level 11_0)
[2018.04.08-12.22.29:836][  0]LogD3D11RHI:       4043/0/8152 MB DedicatedVideo/DedicatedSystem/SharedSystem, Outputs:2, VendorId:0x10de
[2018.04.08-12.22.29:840][  0]LogD3D11RHI:    1. 'Microsoft Basic Render Driver' (Feature Level 11_0)
[2018.04.08-12.22.29:840][  0]LogD3D11RHI:       0/0/8152 MB DedicatedVideo/DedicatedSystem/SharedSystem, Outputs:0, VendorId:0x1414
[2018.04.08-12.22.29:840][  0]LogD3D11RHI: Chosen D3D11 Adapter: 0
[2018.04.08-12.22.29:851][  0]LogD3D11RHI: Creating new Direct3DDevice
[2018.04.08-12.22.29:851][  0]LogD3D11RHI:     GPU DeviceId: 0x13c2 (for the marketing name, search the web for "GPU Device Id")
[2018.04.08-12.22.29:851][  0]LogWindows: EnumDisplayDevices:
[2018.04.08-12.22.29:851][  0]LogWindows:    0. 'NVIDIA GeForce GTX 970' (P:1 D:1)
[2018.04.08-12.22.29:851][  0]LogWindows:    1. 'NVIDIA GeForce GTX 970' (P:0 D:1)
[2018.04.08-12.22.29:851][  0]LogWindows:    2. 'NVIDIA GeForce GTX 970' (P:0 D:0)
[2018.04.08-12.22.29:852][  0]LogWindows:    3. 'NVIDIA GeForce GTX 970' (P:0 D:0)
[2018.04.08-12.22.29:852][  0]LogWindows: DebugString: GetVideoDriverDetailsInvalid PrimaryIsNotTheChoosenAdapter GetVideoDriverDetailsInvalid PrimaryIsNotTheChoosenAdapter GetVideoDriverDetailsInvalid PrimaryIsNotTheChoosenAdapter GetVideoDriverDetailsInvalid PrimaryIsNotTheChoosenAdapter FoundDriverCount:0 
[2018.04.08-12.22.29:852][  0]LogD3D11RHI:     Adapter Name: NVIDIA GeForce GTX 970
[2018.04.08-12.22.29:852][  0]LogD3D11RHI:   Driver Version: Unknown (internal:Unknown, unified:Unknown)
[2018.04.08-12.22.29:852][  0]LogD3D11RHI:      Driver Date: Unknown
[2018.04.08-12.22.29:852][  0]LogRHI: Texture pool is 2830 MB (70% of 4043 MB)
[2018.04.08-12.22.29:893][  0]LogD3D11RHI: [Aftermath] Aftermath enabled and primed
[2018.04.08-12.22.29:893][  0]LogD3D11RHI: Async texture creation enabled
[2018.04.08-12.22.29:917][  0]LogD3D11RHI: GPU Timing Frequency: 1000.000000 (Debug: 2 2)
[2018.04.08-12.22.29:969][  0]LogShaderCompilers: Guid format shader working directory is -44 characters bigger than the processId version (../../../../../../Users/dpony/Documents/Unreal Projects/Unreal-Tutorials-1/BuildingEscape/Intermediate/Shaders/WorkingDirectory/12324/).
[2018.04.08-12.22.29:969][  0]LogShaderCompilers: Cleaned the shader compiler working directory 'C:/Users/dpony/AppData/Local/Temp/UnrealShaderWorkingDir/7B9C9C924BEE747FD2BAA5B45AEE17FB/'.
[2018.04.08-12.22.30:468][  0]LogTemp: Display: Loaded TP AllDesktopTargetPlatform
[2018.04.08-12.22.30:484][  0]LogTemp: Display: Loaded TP MacClientTargetPlatform
[2018.04.08-12.22.30:499][  0]LogTemp: Display: Loaded TP MacNoEditorTargetPlatform
[2018.04.08-12.22.30:514][  0]LogTemp: Display: Loaded TP MacServerTargetPlatform
[2018.04.08-12.22.30:529][  0]LogTemp: Display: Loaded TP MacTargetPlatform
[2018.04.08-12.22.30:543][  0]LogTemp: Display: Loaded TP WindowsClientTargetPlatform
[2018.04.08-12.22.30:558][  0]LogTemp: Display: Loaded TP WindowsNoEditorTargetPlatform
[2018.04.08-12.22.30:579][  0]LogTemp: Display: Loaded TP WindowsServerTargetPlatform
[2018.04.08-12.22.30:587][  0]LogTemp: Display: Loaded TP WindowsTargetPlatform
[2018.04.08-12.22.30:599][  0]LogTemp: Display: Loaded TP Android_ASTCTargetPlatform
[2018.04.08-12.22.30:612][  0]LogTemp: Display: Loaded TP Android_ATCTargetPlatform
[2018.04.08-12.22.30:624][  0]LogTemp: Display: Loaded TP Android_DXTTargetPlatform
[2018.04.08-12.22.30:637][  0]LogTemp: Display: Loaded TP Android_ETC1aTargetPlatform
[2018.04.08-12.22.30:649][  0]LogTemp: Display: Loaded TP Android_ETC1TargetPlatform
[2018.04.08-12.22.30:662][  0]LogTemp: Display: Loaded TP Android_ETC2TargetPlatform
[2018.04.08-12.22.30:695][  0]LogTemp: Display: Loaded TP Android_MultiTargetPlatform
[2018.04.08-12.22.30:695][  0]LogTemp: Display: Loaded TP Android_PVRTCTargetPlatform
[2018.04.08-12.22.30:708][  0]LogTemp: Display: Loaded TP AndroidTargetPlatform
[2018.04.08-12.22.30:710][  0]LogTemp: Display: Loaded TP HTML5TargetPlatform
[2018.04.08-12.22.30:748][  0]LogTemp: Display: Loaded TP IOSTargetPlatform
[2018.04.08-12.22.30:782][  0]LogTemp: Display: Loaded TP TVOSTargetPlatform
[2018.04.08-12.22.30:816][  0]LogTemp: Display: Loaded TP LinuxClientTargetPlatform
[2018.04.08-12.22.30:838][  0]LogTemp: Display: Loaded TP LinuxNoEditorTargetPlatform
[2018.04.08-12.22.30:852][  0]LogTemp: Display: Loaded TP LinuxServerTargetPlatform
[2018.04.08-12.22.30:866][  0]LogTemp: Display: Loaded TP LinuxTargetPlatform
[2018.04.08-12.22.30:866][  0]LogTargetPlatformManager: Display: Building Assets For Windows
[2018.04.08-12.22.31:014][  0]LogXGEController: Cannot use XGE Controller as Incredibuild is not installed on this machine.
[2018.04.08-12.22.31:014][  0]LogShaderCompilers: Cannot use XGE Shader Compiler as Incredibuild is not installed on this machine.
[2018.04.08-12.22.31:014][  0]LogShaderCompilers: Display: Using Local Shader Compiler.
[2018.04.08-12.22.31:863][  0]LogDerivedDataCache: Display: Max Cache Size: 512 MB
[2018.04.08-12.22.31:967][  0]LogDerivedDataCache: Loaded boot cache 0.10s 74MB C:/Users/dpony/AppData/Local/UnrealEngine/4.19/DerivedDataCache/Boot.ddc.
[2018.04.08-12.22.31:967][  0]LogDerivedDataCache: Display: Loaded Boot cache: C:/Users/dpony/AppData/Local/UnrealEngine/4.19/DerivedDataCache/Boot.ddc
[2018.04.08-12.22.31:967][  0]LogDerivedDataCache: FDerivedDataBackendGraph:  Pak pak cache file ../../../../../../Users/dpony/Documents/Unreal Projects/Unreal-Tutorials-1/BuildingEscape/DerivedDataCache/DDC.ddp not found, will not use a pak cache.
[2018.04.08-12.22.31:967][  0]LogDerivedDataCache: Unable to find inner node Pak for hierarchical cache Hierarchy.
[2018.04.08-12.22.31:967][  0]LogDerivedDataCache: FDerivedDataBackendGraph:  CompressedPak pak cache file ../../../../../../Users/dpony/Documents/Unreal Projects/Unreal-Tutorials-1/BuildingEscape/DerivedDataCache/Compressed.ddp not found, will not use a pak cache.
[2018.04.08-12.22.31:967][  0]LogDerivedDataCache: Unable to find inner node CompressedPak for hierarchical cache Hierarchy.
[2018.04.08-12.22.31:984][  0]LogDerivedDataCache: Display: Pak cache opened for reading ../../../Engine/DerivedDataCache/Compressed.ddp.
[2018.04.08-12.22.31:996][  0]LogDerivedDataCache: Using Local data cache path C:/Users/dpony/AppData/Local/UnrealEngine/Common/DerivedDataCache: Writable
[2018.04.08-12.22.32:009][  0]LogMaterial: Verifying Global Shaders for PCD3D_SM5
[2018.04.08-12.22.32:009][  0]LogSlate: Using Freetype 2.6.0
[2018.04.08-12.22.32:010][  0]LogSlate: SlateFontCache - WITH_FREETYPE: 1, WITH_HARFBUZZ: 1
[2018.04.08-12.22.32:010][  0]LogSlate: SlateFontCache - WITH_FREETYPE: 1, WITH_HARFBUZZ: 1
[2018.04.08-12.22.32:156][  0]LogAssetRegistry: FAssetRegistry took 0.0268 seconds to start up
[2018.04.08-12.22.32:607][  0]LogInit: Selected Device Profile: [Windows]
[2018.04.08-12.22.32:831][  0]LogSimplygon: Simplygon DLL not present - disabling.
[2018.04.08-12.22.32:833][  0]LogMeshReduction: Using SimplygonSwarm for distributed automatic mesh merging
[2018.04.08-12.22.32:833][  0]LogMeshReduction: Using QuadricMeshReduction for automatic static mesh reduction
[2018.04.08-12.22.32:833][  0]LogMeshReduction: No automatic skeletal mesh reduction module available
[2018.04.08-12.22.32:833][  0]LogMeshReduction: No automatic mesh merging module available
[2018.04.08-12.22.32:833][  0]LogMeshMerging: No automatic mesh merging module available
[2018.04.08-12.22.32:897][  0]LogNetVersion: BuildingEscape , NetCL: 3944462, EngineNetVer: 2, GameNetVer: 0 (Checksum: 4285820645)
[2018.04.08-12.22.33:614][  0]LogPackageLocalizationCache: Processed 9 localized package path(s) for 2 prioritized culture(s) in 0.151440 seconds
[2018.04.08-12.22.33:626][  0]LogUObjectArray: 36728 objects as part of root set at end of initial load.
[2018.04.08-12.22.33:626][  0]LogUObjectAllocator: 7314312 out of 0 bytes used by permanent object pool.
[2018.04.08-12.22.33:626][  0]LogUObjectArray: CloseDisregardForGC: 0/0 objects in disregard for GC pool
[2018.04.08-12.22.35:737][  0]LogTcpMessaging: Initializing TcpMessaging bridge
[2018.04.08-12.22.35:772][  0]LogUdpMessaging: Initializing bridge on interface 0.0.0.0:0 to multicast group 230.0.0.1:6666.
[2018.04.08-12.22.36:276][  0]SourceControl: Source control is disabled
[2018.04.08-12.22.36:276][  0]SourceControl: Source control is disabled
[2018.04.08-12.22.36:310][  0]SourceControl: Source control is disabled
[2018.04.08-12.22.36:334][  0]SourceControl: Source control is disabled
[2018.04.08-12.22.37:060][  0]LogAndroidPermission: UAndroidPermissionCallbackProxy::GetInstance
[2018.04.08-12.22.37:373][  0]LogOcInput: OculusInput pre-init called
[2018.04.08-12.22.37:517][  0]LogEngine: Initializing Engine...
[2018.04.08-12.22.37:519][  0]LogHMD: Failed to initialize OpenVR with code 110
[2018.04.08-12.22.37:520][  0]LogStats: UGameplayTagsManager::ConstructGameplayTagTree: Construct from data asset -  0.000 s
[2018.04.08-12.22.37:520][  0]LogStats: UGameplayTagsManager::ConstructGameplayTagTree: GameplayTagTreeChangedEvent.Broadcast -  0.000 s
[2018.04.08-12.22.37:852][  0]LogAIModule: Creating AISystem for world Untitled
[2018.04.08-12.22.37:859][  0]LogInit: XAudio2 using 'Headphones (2- High Definition Audio Device)' : 2 channels at 48 kHz using 16 bits per sample (channel mask 0x3)
[2018.04.08-12.22.37:880][  0]LogInit: FAudioDevice initialized.
[2018.04.08-12.22.37:973][  0]LogDerivedDataCache: Saved boot cache 0.09s 74MB C:/Users/dpony/AppData/Local/UnrealEngine/4.19/DerivedDataCache/Boot.ddc.
[2018.04.08-12.22.37:991][  0]LogInit: Texture streaming: Enabled
[2018.04.08-12.22.38:018][  0]LogEngineSessionManager: EngineSessionManager initialized
[2018.04.08-12.22.38:039][  0]LogInit: Transaction tracking system initialized
[2018.04.08-12.22.38:091][  0]BlueprintLog: New page: Editor Load
[2018.04.08-12.22.38:210][  0]LocalizationService: Localization service is disabled
[2018.04.08-12.22.38:344][  0]LogConsoleResponse: Display: 
[2018.04.08-12.22.38:561][  0]LogCook: Display: Max memory allowance for cook 16384mb min free memory 0mb
[2018.04.08-12.22.38:561][  0]LogCook: Display: Mobile HDR setting 1
[2018.04.08-12.22.38:561][  0]LogGameplayTags: Display: UGameplayTagsManager::DoneAddingNativeTags. DelegateIsBound: 0
[2018.04.08-12.22.38:561][  0]LogStats: UGameplayTagsManager::ConstructGameplayTagTree: Construct from data asset -  0.000 s
[2018.04.08-12.22.38:561][  0]LogStats: UGameplayTagsManager::ConstructGameplayTagTree: GameplayTagTreeChangedEvent.Broadcast -  0.000 s
[2018.04.08-12.22.38:912][  0]LogFileCache: Scanning file cache for directory 'C:/Users/dpony/Documents/Unreal Projects/Unreal-Tutorials-1/BuildingEscape/Content/' took 0.02s
[2018.04.08-12.22.39:103][  0]SourceControl: Source control is disabled
[2018.04.08-12.22.39:103][  0]Cmd: MAP LOAD FILE="../../../../../../Users/dpony/Documents/Unreal Projects/Unreal-Tutorials-1/BuildingEscape/Content/NewMap.umap" TEMPLATE=0 SHOWPROGRESS=1 FEATURELEVEL=3
[2018.04.08-12.22.39:103][  0]LightingResults: New page: Lighting Build
[2018.04.08-12.22.39:107][  0]MapCheck: New page: Map Check
[2018.04.08-12.22.39:107][  0]LightingResults: New page: Lighting Build
[2018.04.08-12.22.39:509][  0]LogAIModule: Creating AISystem for world NewMap
[2018.04.08-12.22.39:517][  0]LogEditorServer: Finished looking for orphan Actors (0.000 secs)
[2018.04.08-12.22.39:537][  0]Cmd: MAP CHECKDEP NOCLEARLOG
[2018.04.08-12.22.39:607][  0]MapCheck: Map check complete: 0 Error(s), 0 Warning(s), took 69.796ms to complete.
[2018.04.08-12.22.39:607][  0]LogFileHelpers: Loading map 'NewMap' took 0.505
[2018.04.08-12.22.39:803][  0]LogCollectionManager: Loaded 0 collections in 0.002765 seconds
[2018.04.08-12.22.39:863][  0]LogFileCache: Scanning file cache for directory 'C:/Users/dpony/Documents/Unreal Projects/Unreal-Tutorials-1/BuildingEscape/Saved/Collections/' took 0.01s
[2018.04.08-12.22.39:863][  0]LogFileCache: Scanning file cache for directory 'C:/Users/dpony/Documents/Unreal Projects/Unreal-Tutorials-1/BuildingEscape/Content/Developers/dpony/Collections/' took 0.01s
[2018.04.08-12.22.39:864][  0]LogFileCache: Scanning file cache for directory 'C:/Users/dpony/Documents/Unreal Projects/Unreal-Tutorials-1/BuildingEscape/Content/Collections/' took 0.01s
[2018.04.08-12.22.39:864][  0]LogCollectionManager: Rebuilt the GUID cache for 0 collections in 0.000000 seconds
[2018.04.08-12.22.39:879][  0]LogContentBrowser: Native class hierarchy populated in 0.0152 seconds. Added 2454 classes and 560 folders.
[2018.04.08-12.22.39:891][  0]LogContentBrowser: Native class hierarchy updated for 'WidgetCarousel' in 0.0009 seconds. Added 0 classes and 0 folders.
[2018.04.08-12.22.39:952][  0]LogContentBrowser: Native class hierarchy updated for 'AddContentDialog' in 0.0008 seconds. Added 0 classes and 0 folders.
[2018.04.08-12.22.39:958][  0]LogContentBrowser: Native class hierarchy updated for 'SceneOutliner' in 0.0008 seconds. Added 1 classes and 2 folders.
[2018.04.08-12.22.40:039][  0]LogSlate: Took 0.000427 seconds to synchronously load lazily loaded font '../../../Engine/Content/Slate/Fonts/Roboto-Regular.ttf' (155K)
[2018.04.08-12.22.40:051][  0]LogSlate: Took 0.000413 seconds to synchronously load lazily loaded font '../../../Engine/Content/Slate/Fonts/Roboto-Bold.ttf' (160K)
[2018.04.08-12.22.40:058][  0]LogSlate: Took 0.000371 seconds to synchronously load lazily loaded font '../../../Engine/Content/Editor/Slate/Fonts/FontAwesome.ttf' (139K)
[2018.04.08-12.22.40:059][  0]LogSlate: Took 0.000281 seconds to synchronously load lazily loaded font '../../../Engine/Content/Slate/Fonts/DroidSansMono.ttf' (77K)
[2018.04.08-12.22.40:263][  0]LogRenderer: Reallocating scene render targets to support 876x572 Format 10 NumSamples 1 (Frame:1).
[2018.04.08-12.22.40:455][  0]LogContentBrowser: Native class hierarchy updated for 'HierarchicalLODOutliner' in 0.0024 seconds. Added 0 classes and 0 folders.
[2018.04.08-12.22.40:455][  0]LogLoad: (Engine Initialization) Total time: 15.61 seconds
[2018.04.08-12.22.40:456][  0]LogLoad: (Engine Initialization) Total Blueprint compile time: 0.00 seconds
[2018.04.08-12.22.40:491][  0]LogContentStreaming: Texture pool size now 1000 MB
[2018.04.08-12.22.40:550][  1]LogAssetRegistry: Asset discovery search completed in 8.4163 seconds
[2018.04.08-12.22.40:552][  1]LogCollectionManager: Rebuilt the object cache for 0 collections in 0.000001 seconds (found 0 objects)
[2018.04.08-12.22.40:552][  1]LogCollectionManager: Fixed up redirectors for 0 collections in 0.000220 seconds (updated 0 objects)
[2018.04.08-12.22.45:729][603]LogEditorViewport: Clicking on Actor (LMB): StaticMeshActor (Wall_400x307)
[2018.04.08-12.22.49:759][ 28]LogEditorViewport: Clicking on Actor (LMB): StaticMeshActor (SM_Chair)
[2018.04.08-12.22.50:879][138]LogSlate: Took 0.000217 seconds to synchronously load lazily loaded font '../../../Engine/Content/Slate/Fonts/Roboto-Italic.ttf' (157K)
[2018.04.08-12.22.53:892][443]LogSlate: FSceneViewport::OnFocusLost() reason 0
[2018.04.08-12.23.02:068][381]LogSlate: FSceneViewport::OnFocusLost() reason 2
[2018.04.08-12.23.04:135][621]LogEditorViewport: Clicking on Actor (LMB): StaticMeshActor (SM_Door)
[2018.04.08-12.23.05:655][769]LogSlate: FSceneViewport::OnFocusLost() reason 0
[2018.04.08-12.23.10:299][279]LogEditorViewport: Clicking on Actor (LMB): StaticMeshActor (SM_Chair)
[2018.04.08-12.23.15:116][739]LogSlate: FSceneViewport::OnFocusLost() reason 0
[2018.04.08-12.23.18:175][ 85]LogEditorViewport: Clicking on Actor (LMB): StaticMeshActor (SM_Door)
[2018.04.08-12.23.19:774][238]LogSlate: FSceneViewport::OnFocusLost() reason 0
[2018.04.08-12.23.31:749][575]LogSlate: FSceneViewport::OnFocusLost() reason 2
[2018.04.08-12.23.31:968][598]LogSlate: FSceneViewport::OnFocusLost() reason 2
[2018.04.08-12.23.32:316][631]LogSlate: FSceneViewport::OnFocusLost() reason 2
[2018.04.08-12.23.44:014][867]LogSlate: FSceneViewport::OnFocusLost() reason 0
[2018.04.08-12.24.10:197][616]LogSlate: FSceneViewport::OnFocusLost() reason 2
[2018.04.08-12.24.17:784][318]LogSlate: Took 0.000230 seconds to synchronously load lazily loaded font '../../../Engine/Content/Slate/Fonts/Roboto-Light.ttf' (167K)
[2018.04.08-12.24.17:786][318]LogSlate: FSceneViewport::OnFocusLost() reason 2
[2018.04.08-12.24.17:947][318]LogSavePackage: Save=59.09ms
[2018.04.08-12.24.17:948][318]LogSavePackage: Moving '../../../../../../Users/dpony/Documents/Unreal Projects/Unreal-Tutorials-1/BuildingEscape/Saved/NewMapAD1B11B3480EA1236F17CBB59CEF2C38.tmp' to '../../../../../../Users/dpony/Documents/Unreal Projects/Unreal-Tutorials-1/BuildingEscape/Content/NewMap.umap'
[2018.04.08-12.24.17:952][318]LogSavePackage: Display: Finished SavePackage ../../../../../../Users/dpony/Documents/Unreal Projects/Unreal-Tutorials-1/BuildingEscape/Content/NewMap.umap
[2018.04.08-12.24.18:014][318]LogFileHelpers: Saving map 'NewMap' took 0.220
[2018.04.08-12.24.22:797][786]LogEditorViewport: Clicking on Actor (LMB): StaticMeshActor (Wall_Door_400x300)
[2018.04.08-12.24.25:778][101]LogEditorViewport: Clicking on Actor (CTRL LMB): StaticMeshActor (SM_Door)
[2018.04.08-12.24.28:104][353]LogEditorViewport: Clicking on Actor (CTRL LMB): StaticMeshActor (SM_Door)
[2018.04.08-12.24.28:966][446]LogEditorViewport: Clicking on Actor (CTRL LMB): StaticMeshActor (SM_DoorFrame)
[2018.04.08-12.24.41:930][843]LogEditorViewport: Clicking on Actor (LMB): StaticMeshActor (Wall_400x306)
[2018.04.08-12.24.43:354][992]Cmd: DELETE
[2018.04.08-12.24.43:354][992]Cmd: ACTOR DELETE
[2018.04.08-12.24.43:356][992]LogEditorActor: Deleted Actor: StaticMeshActor
[2018.04.08-12.24.43:367][992]LogEditorActor: Deleted 1 Actors (0.013 secs)
[2018.04.08-12.24.43:829][ 47]LogEditorViewport: Clicking on Actor (LMB): StaticMeshActor (Wall_Door_400x300)
[2018.04.08-12.24.50:987][822]Cmd: TRANSACTION UNDO
[2018.04.08-12.24.50:987][822]LogEditorTransaction: Undo Move Actors
[2018.04.08-12.24.52:766][  9]LogEditorViewport: Clicking on Actor (CTRL LMB): StaticMeshActor (SM_Door)
[2018.04.08-12.24.56:151][375]LogEditorViewport: Clicking on Actor (CTRL LMB): StaticMeshActor (SM_Door)
[2018.04.08-12.25.00:669][891]Cmd: TRANSACTION UNDO
[2018.04.08-12.25.00:670][891]LogEditorTransaction: Undo Move Actors
[2018.04.08-12.25.02:952][131]LogEditorViewport: Clicking on Actor (CTRL LMB): StaticMeshActor (SM_Door)
[2018.04.08-12.25.03:882][225]LogEditorViewport: Clicking on Actor (CTRL LMB): StaticMeshActor (SM_DoorFrame)
[2018.04.08-12.25.05:871][435]LogEditorViewport: Clicking on Actor (CTRL LMB): StaticMeshActor (Wall_Door_400x300)
[2018.04.08-12.25.11:094][992]LogEditorViewport: Clicking on Actor (LMB): StaticMeshActor (Wall_Door_400x301)
[2018.04.08-12.25.16:551][511]Cmd: DELETE
[2018.04.08-12.25.16:552][511]Cmd: ACTOR DELETE
[2018.04.08-12.25.16:554][511]LogEditorActor: Deleted Actor: StaticMeshActor
[2018.04.08-12.25.16:569][511]LogEditorActor: Deleted 1 Actors (0.017 secs)
[2018.04.08-12.25.17:565][621]LogEditorViewport: Clicking on Actor (LMB): StaticMeshActor (SM_DoorFrame2)
[2018.04.08-12.25.17:701][628]Cmd: DELETE
[2018.04.08-12.25.17:701][628]Cmd: ACTOR DELETE
[2018.04.08-12.25.17:702][628]LogEditorActor: Deleted Actor: StaticMeshActor
[2018.04.08-12.25.17:714][628]LogEditorActor: Deleted 1 Actors (0.013 secs)
[2018.04.08-12.25.18:411][711]LogEditorViewport: Clicking on Actor (LMB): StaticMeshActor (SM_Door2)
[2018.04.08-12.25.18:612][726]Cmd: DELETE
[2018.04.08-12.25.18:612][726]Cmd: ACTOR DELETE
[2018.04.08-12.25.18:613][726]LogEditorActor: Deleted Actor: StaticMeshActor
[2018.04.08-12.25.18:623][726]LogEditorActor: Deleted 1 Actors (0.011 secs)
[2018.04.08-12.25.19:577][839]LogEditorViewport: Clicking on Actor (LMB): StaticMeshActor (Wall_Door_400x300)
[2018.04.08-12.25.20:936][987]LogEditorViewport: Clicking on Actor (CTRL LMB): StaticMeshActor (SM_Door)
[2018.04.08-12.25.23:324][245]LogEditorViewport: Clicking on Actor (CTRL LMB): StaticMeshActor (SM_Door)
[2018.04.08-12.25.24:781][395]LogEditorViewport: Clicking on Actor (CTRL LMB): StaticMeshActor (SM_DoorFrame)
[2018.04.08-12.25.25:484][465]LogEditorViewport: Clicking on Actor (CTRL LMB): StaticMeshActor (Wall_Door_400x300)
[2018.04.08-12.25.36:803][702]LogEditorViewport: Clicking on Actor (LMB): TriggerVolume (TriggerVolume)
[2018.04.08-12.25.39:680][961]LogEditorViewport: Clicking on Actor (LMB): StaticMeshActor (Wall_Door_400x301)
[2018.04.08-12.25.48:627][851]LogSlate: FSceneViewport::OnFocusLost() reason 2
[2018.04.08-12.25.48:776][851]LogSavePackage: Save=48.25ms
[2018.04.08-12.25.48:777][851]LogSavePackage: Moving '../../../../../../Users/dpony/Documents/Unreal Projects/Unreal-Tutorials-1/BuildingEscape/Saved/NewMapC9C001AE463C487AB1053EB630C5FD2B.tmp' to '../../../../../../Users/dpony/Documents/Unreal Projects/Unreal-Tutorials-1/BuildingEscape/Content/NewMap.umap'
[2018.04.08-12.25.48:790][851]LogSavePackage: Display: Finished SavePackage ../../../../../../Users/dpony/Documents/Unreal Projects/Unreal-Tutorials-1/BuildingEscape/Content/NewMap.umap
[2018.04.08-12.25.48:812][851]LogFileHelpers: Saving map 'NewMap' took 0.178
[2018.04.08-12.25.56:480][704]LogEditorViewport: Clicking on Actor (LMB): StaticMeshActor (SM_Door)
[2018.04.08-12.25.57:328][790]LogSlate: FSceneViewport::OnFocusLost() reason 0
[2018.04.08-12.26.02:170][334]LogEditorViewport: Clicking on Actor (LMB): StaticMeshActor (SM_Door2)
[2018.04.08-12.26.03:366][451]LogSlate: FSceneViewport::OnFocusLost() reason 0
[2018.04.08-12.26.07:658][909]LogEditorViewport: Clicking on Actor (LMB): StaticMeshActor (SM_Door)
[2018.04.08-12.26.11:677][331]LogEditorViewport: Clicking on Actor (LMB): StaticMeshActor (Floor)
[2018.04.08-12.26.12:414][383]LogEditorViewport: Clicking on Actor (LMB): StaticMeshActor (Floor)
[2018.04.08-12.26.13:123][455]LogEditorViewport: Clicking on Actor (LMB): TriggerVolume (TriggerVolume)
[2018.04.08-12.26.35:189][938]LogSlate: FSceneViewport::OnFocusLost() reason 2
[2018.04.08-12.26.35:383][938]LogSavePackage: Save=69.12ms
[2018.04.08-12.26.35:383][938]LogSavePackage: Moving '../../../../../../Users/dpony/Documents/Unreal Projects/Unreal-Tutorials-1/BuildingEscape/Saved/NewMap4187DAAE4CF1E19B3A773DBB448C76F8.tmp' to '../../../../../../Users/dpony/Documents/Unreal Projects/Unreal-Tutorials-1/BuildingEscape/Content/NewMap.umap'
[2018.04.08-12.26.35:389][938]LogSavePackage: Display: Finished SavePackage ../../../../../../Users/dpony/Documents/Unreal Projects/Unreal-Tutorials-1/BuildingEscape/Content/NewMap.umap
[2018.04.08-12.26.35:419][938]LogFileHelpers: Saving map 'NewMap' took 0.225
[2018.04.08-12.26.40:627][485]LogSlate: FSceneViewport::OnFocusLost() reason 0
[2018.04.08-12.26.40:743][499]LogTemp: Repeating last play command: Selected Viewport
[2018.04.08-12.26.40:754][499]LogPlayLevel: PlayLevel: No blueprints needed recompiling
[2018.04.08-12.26.40:755][499]PIE: New page: PIE session: NewMap (Apr 7, 2018, 8:26:40 PM)
[2018.04.08-12.26.40:755][499]LogPlayLevel: Creating play world package: /Game/UEDPIE_0_NewMap
[2018.04.08-12.26.40:759][499]LogPlayLevel: PIE: StaticDuplicateObject took: (0.003155s)
[2018.04.08-12.26.40:760][499]LogAIModule: Creating AISystem for world NewMap
[2018.04.08-12.26.40:760][499]LogPlayLevel: PIE: World Init took: (0.001229s)
[2018.04.08-12.26.40:760][499]LogPlayLevel: PIE: Created PIE world by copying editor world from /Game/NewMap.NewMap to /Game/UEDPIE_0_NewMap.NewMap (0.004918s)
[2018.04.08-12.26.40:775][499]LogInit: XAudio2 using 'Headphones (2- High Definition Audio Device)' : 2 channels at 48 kHz using 16 bits per sample (channel mask 0x3)
[2018.04.08-12.26.40:782][499]LogInit: FAudioDevice initialized.
[2018.04.08-12.26.40:823][499]LogLoad: Game class is 'GameModeBase'
[2018.04.08-12.26.40:827][499]LogWorld: Bringing World /Game/UEDPIE_0_NewMap.NewMap up for play (max tick rate 0) at 2018.04.08-04.26.40
[2018.04.08-12.26.40:827][499]LogWorld: Bringing up level for play took: 0.001347
[2018.04.08-12.26.40:832][499]LogContentBrowser: Native class hierarchy updated for 'MovieSceneCapture' in 0.0007 seconds. Added 11 classes and 0 folders.
[2018.04.08-12.26.40:832][499]LogTemp: Warning: SM_Chair_2 POSITION is X=-360.116 Y=328.435 Z=30.000
[2018.04.08-12.26.40:833][499]PIE: Play in editor start time for /Game/UEDPIE_0_NewMap -0.649
[2018.04.08-12.27.03:766][399]LogSlate: FSceneViewport::OnFocusLost() reason 0
[2018.04.08-12.27.03:814][403]LogTemp: Repeating last play command: Selected Viewport
[2018.04.08-12.27.03:827][403]LogPlayLevel: PlayLevel: No blueprints needed recompiling
[2018.04.08-12.27.03:827][403]PIE: New page: PIE session: NewMap (Apr 7, 2018, 8:27:03 PM)
[2018.04.08-12.27.03:827][403]LogPlayLevel: Creating play world package: /Game/UEDPIE_0_NewMap
[2018.04.08-12.27.03:831][403]LogPlayLevel: PIE: StaticDuplicateObject took: (0.003222s)
[2018.04.08-12.27.03:832][403]LogAIModule: Creating AISystem for world NewMap
[2018.04.08-12.27.03:832][403]LogPlayLevel: PIE: World Init took: (0.001174s)
[2018.04.08-12.27.03:832][403]LogPlayLevel: PIE: Created PIE world by copying editor world from /Game/NewMap.NewMap to /Game/UEDPIE_0_NewMap.NewMap (0.004893s)
[2018.04.08-12.27.03:848][403]LogInit: XAudio2 using 'Headphones (2- High Definition Audio Device)' : 2 channels at 48 kHz using 16 bits per sample (channel mask 0x3)
[2018.04.08-12.27.03:856][403]LogInit: FAudioDevice initialized.
[2018.04.08-12.27.03:889][403]LogLoad: Game class is 'GameModeBase'
[2018.04.08-12.27.03:890][403]LogWorld: Bringing World /Game/UEDPIE_0_NewMap.NewMap up for play (max tick rate 0) at 2018.04.08-04.27.03
[2018.04.08-12.27.03:891][403]LogWorld: Bringing up level for play took: 0.001342
[2018.04.08-12.27.03:892][403]LogTemp: Warning: SM_Chair_2 POSITION is X=-360.116 Y=328.435 Z=30.000
[2018.04.08-12.27.03:893][403]PIE: Play in editor start time for /Game/UEDPIE_0_NewMap 0.411
[2018.04.08-12.27.10:727][134]LogEditorViewport: Clicking on Actor (LMB): StaticMeshActor (SM_Door)
[2018.04.08-12.27.12:850][337]LogSlate: FSceneViewport::OnFocusLost() reason 0
[2018.04.08-12.27.37:172][313]LogEditorViewport: Clicking on Actor (LMB): StaticMeshActor (SM_Door)
[2018.04.08-12.27.38:677][417]LogSlate: FSceneViewport::OnFocusLost() reason 0
[2018.04.08-12.28.24:822][768]LogEditorViewport: Clicking on Actor (LMB): StaticMeshActor (SM_Door)
[2018.04.08-12.28.26:013][847]LogSlate: FSceneViewport::OnFocusLost() reason 0
[2018.04.08-12.29.25:367][579]LogEditorViewport: Clicking on Actor (LMB): StaticMeshActor (Wall_Door_400x301)
[2018.04.08-12.29.32:454][156]LogEditorViewport: Clicking on Actor (LMB): StaticMeshActor (SM_Door2)
[2018.04.08-12.29.39:675][778]LogEditorViewport: Clicking on Actor (LMB): StaticMeshActor (SM_DoorFrame2)
[2018.04.08-12.29.42:175][990]LogEditorViewport: Clicking on Actor (LMB): StaticMeshActor (SM_Door2)
[2018.04.08-12.29.48:484][547]LogSlate: FSceneViewport::OnFocusLost() reason 2
[2018.04.08-12.29.48:674][547]LogSavePackage: Save=54.60ms
[2018.04.08-12.29.48:674][547]LogSavePackage: Moving '../../../../../../Users/dpony/Documents/Unreal Projects/Unreal-Tutorials-1/BuildingEscape/Saved/NewMapF75504E94637E16CDCA4DE8326C26CBD.tmp' to '../../../../../../Users/dpony/Documents/Unreal Projects/Unreal-Tutorials-1/BuildingEscape/Content/NewMap.umap'
[2018.04.08-12.29.48:680][547]LogSavePackage: Display: Finished SavePackage ../../../../../../Users/dpony/Documents/Unreal Projects/Unreal-Tutorials-1/BuildingEscape/Content/NewMap.umap
[2018.04.08-12.29.48:733][547]LogFileHelpers: Saving map 'NewMap' took 0.243
[2018.04.08-17.38.21:521][870]LogSlate: FSceneViewport::OnFocusLost() reason 0
[2018.04.08-17.48.26:752][ 64]LogSlate: FSceneViewport::OnFocusLost() reason 0
[2018.04.08-17.48.26:901][ 77]LogTemp: Repeating last play command: Selected Viewport
[2018.04.08-17.48.26:914][ 77]LogPlayLevel: PlayLevel: No blueprints needed recompiling
[2018.04.08-17.48.26:915][ 77]PIE: New page: PIE session: NewMap (Apr 8, 2018, 1:48:26 AM)
[2018.04.08-17.48.26:915][ 77]LogPlayLevel: Creating play world package: /Game/UEDPIE_0_NewMap
[2018.04.08-17.48.26:920][ 77]LogPlayLevel: PIE: StaticDuplicateObject took: (0.004551s)
[2018.04.08-17.48.26:921][ 77]LogAIModule: Creating AISystem for world NewMap
[2018.04.08-17.48.26:922][ 77]LogPlayLevel: PIE: World Init took: (0.001658s)
[2018.04.08-17.48.26:922][ 77]LogPlayLevel: PIE: Created PIE world by copying editor world from /Game/NewMap.NewMap to /Game/UEDPIE_0_NewMap.NewMap (0.006946s)
[2018.04.08-17.48.26:938][ 77]LogInit: XAudio2 using 'Headphones (2- High Definition Audio Device)' : 2 channels at 48 kHz using 16 bits per sample (channel mask 0x3)
[2018.04.08-17.48.26:948][ 77]LogInit: FAudioDevice initialized.
[2018.04.08-17.48.26:983][ 77]LogLoad: Game class is 'GameModeBase'
[2018.04.08-17.48.26:985][ 77]LogWorld: Bringing World /Game/UEDPIE_0_NewMap.NewMap up for play (max tick rate 0) at 2018.04.08-09.48.26
[2018.04.08-17.48.26:986][ 77]LogWorld: Bringing up level for play took: 0.001381
[2018.04.08-17.48.26:987][ 77]LogTemp: Warning: SM_Chair_2 POSITION is X=-360.116 Y=328.435 Z=30.000
[2018.04.08-17.48.26:987][ 77]PIE: Play in editor start time for /Game/UEDPIE_0_NewMap -0.494
[2018.04.08-17.56.09:330][255]LogHotReload: New module detected: UE4Editor-BuildingEscape-6202.dll
[2018.04.08-17.56.10:014][258]LogHotReload: Starting Hot-Reload from IDE
[2018.04.08-17.56.10:074][258]LogContentBrowser: Native class hierarchy updated for 'BuildingEscape' in 0.0010 seconds. Added 2 classes and 2 folders.
[2018.04.08-17.56.10:077][258]Display: HotReload successful (0 functions remapped  0 scriptstructs remapped)
[2018.04.08-17.56.10:237][258]LogContentBrowser: Native class hierarchy populated in 0.0117 seconds. Added 2455 classes and 562 folders.
[2018.04.08-17.56.10:248][258]Display: HotReload took  0.2s.
[2018.04.08-17.57.13:330][447]LogHotReload: New module detected: UE4Editor-BuildingEscape-6255.dll
[2018.04.08-17.57.14:682][452]LogHotReload: Starting Hot-Reload from IDE
[2018.04.08-17.57.14:725][452]LogClass: Could not find existing class OpenDoor in package /Script/BuildingEscape for HotReload, assuming new class
[2018.04.08-17.57.14:729][452]LogHotReload: Re-instancing OpenDoor after hot-reload.
[2018.04.08-17.57.14:789][452]LogContentBrowser: Native class hierarchy updated for 'BuildingEscape' in 0.0018 seconds. Added 2 classes and 2 folders.
[2018.04.08-17.57.14:792][452]Display: HotReload successful (0 functions remapped  0 scriptstructs remapped)
[2018.04.08-17.57.14:847][452]LogContentBrowser: Native class hierarchy populated in 0.0126 seconds. Added 2455 classes and 562 folders.
[2018.04.08-17.57.14:860][452]Display: HotReload took  0.2s.
[2018.04.08-17.58.35:326][693]LogSlate: FSceneViewport::OnFocusLost() reason 0
[2018.04.08-17.58.35:327][693]LogTemp: Repeating last play command: Selected Viewport
[2018.04.08-17.58.35:359][693]LogPlayLevel: PlayLevel: No blueprints needed recompiling
[2018.04.08-17.58.35:360][693]PIE: New page: PIE session: NewMap (Apr 8, 2018, 1:58:35 AM)
[2018.04.08-17.58.35:361][693]LogPlayLevel: Creating play world package: /Game/UEDPIE_0_NewMap
[2018.04.08-17.58.35:369][693]LogPlayLevel: PIE: StaticDuplicateObject took: (0.007649s)
[2018.04.08-17.58.35:371][693]LogAIModule: Creating AISystem for world NewMap
[2018.04.08-17.58.35:372][693]LogPlayLevel: PIE: World Init took: (0.002837s)
[2018.04.08-17.58.35:372][693]LogPlayLevel: PIE: Created PIE world by copying editor world from /Game/NewMap.NewMap to /Game/UEDPIE_0_NewMap.NewMap (0.011796s)
[2018.04.08-17.58.35:402][693]LogInit: XAudio2 using 'Headphones (2- High Definition Audio Device)' : 2 channels at 48 kHz using 16 bits per sample (channel mask 0x3)
[2018.04.08-17.58.35:414][693]LogInit: FAudioDevice initialized.
[2018.04.08-17.58.35:455][693]LogLoad: Game class is 'GameModeBase'
[2018.04.08-17.58.35:457][693]LogWorld: Bringing World /Game/UEDPIE_0_NewMap.NewMap up for play (max tick rate 0) at 2018.04.08-09.58.35
[2018.04.08-17.58.35:458][693]LogWorld: Bringing up level for play took: 0.001400
[2018.04.08-17.58.35:459][693]LogTemp: Warning: SM_Chair_2 POSITION is X=-360.116 Y=328.435 Z=30.000
[2018.04.08-17.58.35:460][693]PIE: Play in editor start time for /Game/UEDPIE_0_NewMap -0.022
[2018.04.08-17.58.51:242][469]LogSlate: FSceneViewport::OnFocusLost() reason 0
[2018.04.08-17.58.51:344][480]LogTemp: Repeating last play command: Selected Viewport
[2018.04.08-17.58.51:358][480]LogPlayLevel: PlayLevel: No blueprints needed recompiling
[2018.04.08-17.58.51:358][480]PIE: New page: PIE session: NewMap (Apr 8, 2018, 1:58:51 AM)
[2018.04.08-17.58.51:358][480]LogPlayLevel: Creating play world package: /Game/UEDPIE_0_NewMap
[2018.04.08-17.58.51:362][480]LogPlayLevel: PIE: StaticDuplicateObject took: (0.003288s)
[2018.04.08-17.58.51:363][480]LogAIModule: Creating AISystem for world NewMap
[2018.04.08-17.58.51:363][480]LogPlayLevel: PIE: World Init took: (0.000935s)
[2018.04.08-17.58.51:363][480]LogPlayLevel: PIE: Created PIE world by copying editor world from /Game/NewMap.NewMap to /Game/UEDPIE_0_NewMap.NewMap (0.004715s)
[2018.04.08-17.58.51:377][480]LogInit: XAudio2 using 'Headphones (2- High Definition Audio Device)' : 2 channels at 48 kHz using 16 bits per sample (channel mask 0x3)
[2018.04.08-17.58.51:385][480]LogInit: FAudioDevice initialized.
[2018.04.08-17.58.51:415][480]LogLoad: Game class is 'GameModeBase'
[2018.04.08-17.58.51:417][480]LogWorld: Bringing World /Game/UEDPIE_0_NewMap.NewMap up for play (max tick rate 0) at 2018.04.08-09.58.51
[2018.04.08-17.58.51:418][480]LogWorld: Bringing up level for play took: 0.001352
[2018.04.08-17.58.51:419][480]LogTemp: Warning: SM_Chair_2 POSITION is X=-360.116 Y=328.435 Z=30.000
[2018.04.08-17.58.51:419][480]PIE: Play in editor start time for /Game/UEDPIE_0_NewMap -0.063
[2018.04.08-17.59.16:317][221]LogEditorViewport: Clicking on Actor (LMB): StaticMeshActor (SM_Door)
[2018.04.08-17.59.17:626][326]LogSlate: FSceneViewport::OnFocusLost() reason 0
[2018.04.08-18.01.05:660][374]LogHotReload: New module detected: UE4Editor-BuildingEscape-8788.dll
[2018.04.08-18.01.06:675][378]LogHotReload: Starting Hot-Reload from IDE
[2018.04.08-18.01.06:720][378]LogContentBrowser: Native class hierarchy updated for 'BuildingEscape' in 0.0008 seconds. Added 2 classes and 2 folders.
[2018.04.08-18.01.06:721][378]Display: HotReload successful (0 functions remapped  0 scriptstructs remapped)
[2018.04.08-18.01.06:760][378]LogContentBrowser: Native class hierarchy populated in 0.0107 seconds. Added 2455 classes and 562 folders.
[2018.04.08-18.01.06:771][378]Display: HotReload took  0.1s.
[2018.04.08-18.01.16:323][406]LogTemp: Repeating last play command: Selected Viewport
[2018.04.08-18.01.16:354][406]LogPlayLevel: PlayLevel: No blueprints needed recompiling
[2018.04.08-18.01.16:355][406]PIE: New page: PIE session: NewMap (Apr 8, 2018, 2:01:16 AM)
[2018.04.08-18.01.16:355][406]LogPlayLevel: Creating play world package: /Game/UEDPIE_0_NewMap
[2018.04.08-18.01.16:363][406]LogPlayLevel: PIE: StaticDuplicateObject took: (0.007158s)
[2018.04.08-18.01.16:366][406]LogAIModule: Creating AISystem for world NewMap
[2018.04.08-18.01.16:367][406]LogPlayLevel: PIE: World Init took: (0.003109s)
[2018.04.08-18.01.16:367][406]LogPlayLevel: PIE: Created PIE world by copying editor world from /Game/NewMap.NewMap to /Game/UEDPIE_0_NewMap.NewMap (0.011669s)
[2018.04.08-18.01.16:403][406]LogInit: XAudio2 using 'Headphones (2- High Definition Audio Device)' : 2 channels at 48 kHz using 16 bits per sample (channel mask 0x3)
[2018.04.08-18.01.16:413][406]LogInit: FAudioDevice initialized.
[2018.04.08-18.01.16:449][406]LogLoad: Game class is 'GameModeBase'
[2018.04.08-18.01.16:451][406]LogWorld: Bringing World /Game/UEDPIE_0_NewMap.NewMap up for play (max tick rate 0) at 2018.04.08-10.01.16
[2018.04.08-18.01.16:451][406]LogWorld: Bringing up level for play took: 0.001507
[2018.04.08-18.01.16:453][406]LogTemp: Warning: SM_Chair_2 POSITION is X=-360.116 Y=328.435 Z=30.000
[2018.04.08-18.01.16:453][406]PIE: Play in editor start time for /Game/UEDPIE_0_NewMap 0.971
[2018.04.08-18.01.39:789][125]LogEditorViewport: Clicking on Actor (LMB): StaticMeshActor (Floor)
[2018.04.08-18.01.41:406][206]LogEditorViewport: Clicking on Actor (LMB): StaticMeshActor (Floor)
[2018.04.08-18.01.41:972][243]LogEditorViewport: Clicking on Actor (LMB): TriggerVolume (TriggerVolume)
[2018.04.08-18.01.56:790][677]LogEditorViewport: Clicking on Actor (LMB): StaticMeshActor (SM_Door2)
[2018.04.08-18.02.00:035][980]LogEditorViewport: Clicking on Actor (LMB): StaticMeshActor (SM_Door)
[2018.04.08-18.02.01:665][132]LogEditorViewport: Clicking on Actor (LMB): StaticMeshActor (Floor)
[2018.04.08-18.02.03:971][315]LogSlate: FSceneViewport::OnFocusLost() reason 0
[2018.04.08-18.02.04:074][325]LogTemp: Repeating last play command: Selected Viewport
[2018.04.08-18.02.04:086][325]LogPlayLevel: PlayLevel: No blueprints needed recompiling
[2018.04.08-18.02.04:087][325]PIE: New page: PIE session: NewMap (Apr 8, 2018, 2:02:04 AM)
[2018.04.08-18.02.04:087][325]LogPlayLevel: Creating play world package: /Game/UEDPIE_0_NewMap
[2018.04.08-18.02.04:090][325]LogPlayLevel: PIE: StaticDuplicateObject took: (0.002749s)
[2018.04.08-18.02.04:091][325]LogAIModule: Creating AISystem for world NewMap
[2018.04.08-18.02.04:091][325]LogPlayLevel: PIE: World Init took: (0.000966s)
[2018.04.08-18.02.04:091][325]LogPlayLevel: PIE: Created PIE world by copying editor world from /Game/NewMap.NewMap to /Game/UEDPIE_0_NewMap.NewMap (0.004150s)
[2018.04.08-18.02.04:105][325]LogInit: XAudio2 using 'Headphones (2- High Definition Audio Device)' : 2 channels at 48 kHz using 16 bits per sample (channel mask 0x3)
[2018.04.08-18.02.04:112][325]LogInit: FAudioDevice initialized.
[2018.04.08-18.02.04:143][325]LogLoad: Game class is 'GameModeBase'
[2018.04.08-18.02.04:144][325]LogWorld: Bringing World /Game/UEDPIE_0_NewMap.NewMap up for play (max tick rate 0) at 2018.04.08-10.02.04
[2018.04.08-18.02.04:145][325]LogWorld: Bringing up level for play took: 0.001273
[2018.04.08-18.02.04:145][325]LogTemp: Warning: SM_Chair_2 POSITION is X=-360.116 Y=328.435 Z=30.000
[2018.04.08-18.02.04:146][325]PIE: Play in editor start time for /Game/UEDPIE_0_NewMap 0.664
[2018.04.08-18.02.48:755][302]LogSlate: FSceneViewport::OnFocusLost() reason 0
[2018.04.08-18.06.27:938][143]LogEditorViewport: Clicking on Actor (LMB): StaticMeshActor (SM_Door)
[2018.04.08-18.07.24:069][ 58]LogEditorViewport: Clicking on Actor (context menu): StaticMeshActor (Floor)
[2018.04.08-18.07.24:137][ 58]LogSlate: FSceneViewport::OnFocusLost() reason 2
[2018.04.08-18.07.25:465][141]LogEditorViewport: Clicking on Actor (LMB): StaticMeshActor (SM_DoorFrame2)
[2018.04.08-18.07.26:144][195]LogEditorViewport: Clicking on Actor (LMB): StaticMeshActor (SM_Door)
[2018.04.08-18.07.28:236][362]LogSlate: FSceneViewport::OnFocusLost() reason 0
[2018.04.08-18.07.34:757][742]LogRenderer: Reallocating scene render targets to support 928x572 Format 10 NumSamples 1 (Frame:1).
[2018.04.08-18.08.59:769][529]LogSlate: FSceneViewport::OnFocusLost() reason 2
[2018.04.08-18.09.46:873][294]LogSlate: FSceneViewport::OnFocusLost() reason 2
[2018.04.08-18.10.43:403][556]LogSlate: FSceneViewport::OnFocusLost() reason 2
[2018.04.08-18.12.49:190][440]LogSavePackage: Save=49.64ms
[2018.04.08-18.12.49:190][440]LogSavePackage: Moving '../../../../../../Users/dpony/Documents/Unreal Projects/Unreal-Tutorials-1/BuildingEscape/Saved/NewMap_Auto1739ADF0F482291BD90B75383FB17324E.tmp' to '../../../../../../Users/dpony/Documents/Unreal Projects/Unreal-Tutorials-1/BuildingEscape/Saved/Autosaves/Game/NewMap_Auto1.umap'
[2018.04.08-18.12.49:193][440]LogSavePackage: Display: Finished SavePackage ../../../../../../Users/dpony/Documents/Unreal Projects/Unreal-Tutorials-1/BuildingEscape/Saved/Autosaves/Game/NewMap_Auto1.umap
[2018.04.08-18.12.49:200][440]LogFileHelpers: Editor autosave (incl. sublevels) for '/Game/NewMap' took 0.094
[2018.04.08-18.12.49:200][440]LogFileHelpers: Editor autosave (incl. sublevels) for all levels took 0.094
[2018.04.08-18.12.49:203][440]OBJ SavePackage: Generating thumbnails for [1] asset(s) in package [/Game/StarterContent/Props/SM_Door] ([1] browsable assets)...
[2018.04.08-18.12.49:218][440]OBJ SavePackage:     Rendered thumbnail for [StaticMesh /Game/StarterContent/Props/SM_Door.SM_Door]
[2018.04.08-18.12.49:219][440]OBJ SavePackage: Finished generating thumbnails for package [/Game/StarterContent/Props/SM_Door]
[2018.04.08-18.12.49:246][440]LogSavePackage: Save=16.07ms
[2018.04.08-18.12.49:246][440]LogSavePackage: Moving '../../../../../../Users/dpony/Documents/Unreal Projects/Unreal-Tutorials-1/BuildingEscape/Saved/SM_Door_Auto13C29DC7B4D4B4CB9739F14B46A4B592C.tmp' to '../../../../../../Users/dpony/Documents/Unreal Projects/Unreal-Tutorials-1/BuildingEscape/Saved/Autosaves/Game/StarterContent/Props/SM_Door_Auto1.uasset'
[2018.04.08-18.12.49:249][440]LogSavePackage: Display: Finished SavePackage ../../../../../../Users/dpony/Documents/Unreal Projects/Unreal-Tutorials-1/BuildingEscape/Saved/Autosaves/Game/StarterContent/Props/SM_Door_Auto1.uasset
[2018.04.08-18.12.49:249][440]LogFileHelpers: Auto-saving content packages took 0.047
[2018.04.08-18.13.34:629][231]LogSlate: FSceneViewport::OnFocusLost() reason 0
[2018.04.08-18.13.34:743][237]LogSavePackage: Save=10.37ms
[2018.04.08-18.13.34:743][237]LogSavePackage: Moving '../../../../../../Users/dpony/Documents/Unreal Projects/Unreal-Tutorials-1/BuildingEscape/Saved/SM_Door14D210E942FC1324EBE16AA5B0FB2C89.tmp' to '../../../../../../Users/dpony/Documents/Unreal Projects/Unreal-Tutorials-1/BuildingEscape/Content/StarterContent/Props/SM_Door.uasset'
[2018.04.08-18.13.34:746][237]LogSavePackage: Display: Finished SavePackage ../../../../../../Users/dpony/Documents/Unreal Projects/Unreal-Tutorials-1/BuildingEscape/Content/StarterContent/Props/SM_Door.uasset
[2018.04.08-18.13.44:292][948]LogSavePackage: Save=6.36ms
[2018.04.08-18.13.44:292][948]LogSavePackage: Moving '../../../../../../Users/dpony/Documents/Unreal Projects/Unreal-Tutorials-1/BuildingEscape/Saved/SM_Door973D4AF349AEA130C6B7BDA9894BA757.tmp' to '../../../../../../Users/dpony/Documents/Unreal Projects/Unreal-Tutorials-1/BuildingEscape/Content/StarterContent/Props/SM_Door.uasset'
[2018.04.08-18.13.44:294][948]LogSavePackage: Display: Finished SavePackage ../../../../../../Users/dpony/Documents/Unreal Projects/Unreal-Tutorials-1/BuildingEscape/Content/StarterContent/Props/SM_Door.uasset
[2018.04.08-18.13.58:666][708]LogSlate: FSceneViewport::OnFocusLost() reason 0
[2018.04.08-18.13.58:931][726]LogSlate: Window 'SM_Door' being destroyed
[2018.04.08-18.13.58:934][726]LogSlate: Window 'SM_Door' being destroyed
[2018.04.08-18.14.05:199][285]LogSlate: FSceneViewport::OnFocusLost() reason 0
[2018.04.08-18.14.05:304][296]LogTemp: Repeating last play command: Selected Viewport
[2018.04.08-18.14.05:316][296]LogPlayLevel: PlayLevel: No blueprints needed recompiling
[2018.04.08-18.14.05:316][296]PIE: New page: PIE session: NewMap (Apr 8, 2018, 2:14:05 AM)
[2018.04.08-18.14.05:316][296]LogPlayLevel: Creating play world package: /Game/UEDPIE_0_NewMap
[2018.04.08-18.14.05:319][296]LogPlayLevel: PIE: StaticDuplicateObject took: (0.003079s)
[2018.04.08-18.14.05:320][296]LogAIModule: Creating AISystem for world NewMap
[2018.04.08-18.14.05:321][296]LogPlayLevel: PIE: World Init took: (0.001117s)
[2018.04.08-18.14.05:321][296]LogPlayLevel: PIE: Created PIE world by copying editor world from /Game/NewMap.NewMap to /Game/UEDPIE_0_NewMap.NewMap (0.004676s)
[2018.04.08-18.14.05:336][296]LogInit: XAudio2 using 'Headphones (2- High Definition Audio Device)' : 2 channels at 48 kHz using 16 bits per sample (channel mask 0x3)
[2018.04.08-18.14.05:344][296]LogInit: FAudioDevice initialized.
[2018.04.08-18.14.05:375][296]LogLoad: Game class is 'GameModeBase'
[2018.04.08-18.14.05:376][296]LogWorld: Bringing World /Game/UEDPIE_0_NewMap.NewMap up for play (max tick rate 0) at 2018.04.08-10.14.05
[2018.04.08-18.14.05:376][296]LogWorld: Bringing up level for play took: 0.001228
[2018.04.08-18.14.05:377][296]LogTemp: Warning: SM_Chair_2 POSITION is X=-360.116 Y=328.435 Z=30.000
[2018.04.08-18.14.05:378][296]PIE: Play in editor start time for /Game/UEDPIE_0_NewMap -0.104
[2018.04.08-18.14.58:360][ 87]LogEditorViewport: Clicking on Actor (context menu): StaticMeshActor (SM_Door)
[2018.04.08-18.14.58:430][ 87]LogSlate: FSceneViewport::OnFocusLost() reason 2
[2018.04.08-18.15.21:904][318]LogSlate: FSceneViewport::OnFocusLost() reason 0
[2018.04.08-18.15.22:122][343]LogTemp: Repeating last play command: Selected Viewport
[2018.04.08-18.15.22:134][343]LogPlayLevel: PlayLevel: No blueprints needed recompiling
[2018.04.08-18.15.22:135][343]PIE: New page: PIE session: NewMap (Apr 8, 2018, 2:15:22 AM)
[2018.04.08-18.15.22:135][343]LogPlayLevel: Creating play world package: /Game/UEDPIE_0_NewMap
[2018.04.08-18.15.22:138][343]LogPlayLevel: PIE: StaticDuplicateObject took: (0.003095s)
[2018.04.08-18.15.22:139][343]LogAIModule: Creating AISystem for world NewMap
[2018.04.08-18.15.22:139][343]LogPlayLevel: PIE: World Init took: (0.000990s)
[2018.04.08-18.15.22:139][343]LogPlayLevel: PIE: Created PIE world by copying editor world from /Game/NewMap.NewMap to /Game/UEDPIE_0_NewMap.NewMap (0.004649s)
[2018.04.08-18.15.22:154][343]LogInit: XAudio2 using 'Headphones (2- High Definition Audio Device)' : 2 channels at 48 kHz using 16 bits per sample (channel mask 0x3)
[2018.04.08-18.15.22:161][343]LogInit: FAudioDevice initialized.
[2018.04.08-18.15.22:198][343]LogLoad: Game class is 'GameModeBase'
[2018.04.08-18.15.22:199][343]LogWorld: Bringing World /Game/UEDPIE_0_NewMap.NewMap up for play (max tick rate 0) at 2018.04.08-10.15.22
[2018.04.08-18.15.22:200][343]LogWorld: Bringing up level for play took: 0.001276
[2018.04.08-18.15.22:201][343]LogTemp: Warning: SM_Chair_2 POSITION is X=-360.116 Y=328.435 Z=30.000
[2018.04.08-18.15.22:201][343]PIE: Play in editor start time for /Game/UEDPIE_0_NewMap 0.72
[2018.04.08-18.15.25:062][670]Cmd: LevelEditor.ToggleImmersive
[2018.04.08-18.15.25:239][671]LogRenderer: Reallocating scene render targets to support 1160x700 Format 10 NumSamples 1 (Frame:329).
[2018.04.08-18.15.25:310][672]LogRenderer: Reallocating scene render targets to support 1920x1040 Format 10 NumSamples 1 (Frame:331).
[2018.04.08-18.15.25:318][672]LogSlate: FSceneViewport::OnFocusLost() reason 2
[2018.04.08-18.16.33:030][705]Cmd: SELECT NONE
[2018.04.08-18.16.50:672][516]LogSlate: FSceneViewport::OnFocusLost() reason 2
[2018.04.08-18.16.52:215][686]LogSlate: FSceneViewport::OnFocusLost() reason 0
[2018.04.08-18.16.52:256][686]LogSlate: Took 0.000406 seconds to synchronously load lazily loaded font '../../../Engine/Content/Slate/Fonts/Roboto-Light.ttf' (167K)
[2018.04.08-18.17.38:310][797]LogSlate: FSceneViewport::OnFocusLost() reason 0
[2018.04.08-18.17.38:483][814]LogActorFactory: Actor Factory created SM_GlassWindow
[2018.04.08-18.17.39:109][883]LogActorFactory: Actor Factory created SM_GlassWindow
[2018.04.08-18.18.36:469][184]LogSlate: FSceneViewport::OnFocusLost() reason 0
[2018.04.08-18.20.42:091][251]LogSlate: FSceneViewport::OnFocusLost() reason 0
[2018.04.08-18.20.42:272][268]LogTemp: Repeating last play command: Selected Viewport
[2018.04.08-18.20.42:286][268]LogPlayLevel: PlayLevel: No blueprints needed recompiling
[2018.04.08-18.20.42:286][268]PIE: New page: PIE session: NewMap (Apr 8, 2018, 2:20:42 AM)
[2018.04.08-18.20.42:286][268]LogPlayLevel: Creating play world package: /Game/UEDPIE_0_NewMap
[2018.04.08-18.20.42:290][268]LogPlayLevel: PIE: StaticDuplicateObject took: (0.003571s)
[2018.04.08-18.20.42:291][268]LogAIModule: Creating AISystem for world NewMap
[2018.04.08-18.20.42:292][268]LogPlayLevel: PIE: World Init took: (0.001447s)
[2018.04.08-18.20.42:292][268]LogPlayLevel: PIE: Created PIE world by copying editor world from /Game/NewMap.NewMap to /Game/UEDPIE_0_NewMap.NewMap (0.005660s)
[2018.04.08-18.20.42:308][268]LogInit: XAudio2 using 'Headphones (2- High Definition Audio Device)' : 2 channels at 48 kHz using 16 bits per sample (channel mask 0x3)
[2018.04.08-18.20.42:316][268]LogInit: FAudioDevice initialized.
[2018.04.08-18.20.42:346][268]LogLoad: Game class is 'GameModeBase'
[2018.04.08-18.20.42:347][268]LogWorld: Bringing World /Game/UEDPIE_0_NewMap.NewMap up for play (max tick rate 0) at 2018.04.08-10.20.42
[2018.04.08-18.20.42:348][268]LogWorld: Bringing up level for play took: 0.001420
[2018.04.08-18.20.42:349][268]LogTemp: Warning: SM_Chair_2 POSITION is X=-360.116 Y=328.435 Z=30.000
[2018.04.08-18.20.42:349][268]PIE: Play in editor start time for /Game/UEDPIE_0_NewMap 0.868
[2018.04.08-18.20.51:965][383]LogEditorViewport: Clicking on Actor (LMB): StaticMeshActor (SM_GlassWindow)
[2018.04.08-18.21.01:362][358]LogSlate: FSceneViewport::OnFocusLost() reason 0
[2018.04.08-18.21.01:441][367]LogTemp: Repeating last play command: Selected Viewport
[2018.04.08-18.21.01:453][367]LogPlayLevel: PlayLevel: No blueprints needed recompiling
[2018.04.08-18.21.01:453][367]PIE: New page: PIE session: NewMap (Apr 8, 2018, 2:21:01 AM)
[2018.04.08-18.21.01:453][367]LogPlayLevel: Creating play world package: /Game/UEDPIE_0_NewMap
[2018.04.08-18.21.01:456][367]LogPlayLevel: PIE: StaticDuplicateObject took: (0.002818s)
[2018.04.08-18.21.01:457][367]LogAIModule: Creating AISystem for world NewMap
[2018.04.08-18.21.01:457][367]LogPlayLevel: PIE: World Init took: (0.000741s)
[2018.04.08-18.21.01:457][367]LogPlayLevel: PIE: Created PIE world by copying editor world from /Game/NewMap.NewMap to /Game/UEDPIE_0_NewMap.NewMap (0.004013s)
[2018.04.08-18.21.01:472][367]LogInit: XAudio2 using 'Headphones (2- High Definition Audio Device)' : 2 channels at 48 kHz using 16 bits per sample (channel mask 0x3)
[2018.04.08-18.21.01:479][367]LogInit: FAudioDevice initialized.
[2018.04.08-18.21.01:515][367]LogLoad: Game class is 'GameModeBase'
[2018.04.08-18.21.01:516][367]LogWorld: Bringing World /Game/UEDPIE_0_NewMap.NewMap up for play (max tick rate 0) at 2018.04.08-10.21.01
[2018.04.08-18.21.01:517][367]LogWorld: Bringing up level for play took: 0.001186
[2018.04.08-18.21.01:518][367]LogTemp: Warning: SM_Chair_2 POSITION is X=-360.116 Y=328.435 Z=30.000
[2018.04.08-18.21.01:518][367]PIE: Play in editor start time for /Game/UEDPIE_0_NewMap 0.036
[2018.04.08-18.23.27:135][746]LogEditorViewport: Clicking on Actor (LMB): StaticMeshActor (Floor)
[2018.04.08-18.23.28:374][838]LogEditorViewport: Clicking on Actor (LMB): StaticMeshActor (Floor)
[2018.04.08-18.23.28:824][866]LogEditorViewport: Clicking on Actor (LMB): TriggerVolume (TriggerVolume)
[2018.04.08-18.23.40:249][937]LogEditorViewport: Clicking on Actor (LMB): StaticMeshActor (Floor)
[2018.04.08-18.23.43:315][162]LogEditorViewport: Clicking on Actor (LMB): StaticMeshActor (Wall_400x300)
[2018.04.08-18.23.44:536][245]LogEditorViewport: Clicking on Actor (LMB): StaticMeshActor (Floor)
[2018.04.08-18.23.45:016][283]LogEditorViewport: Clicking on Actor (LMB): StaticMeshActor (Floor)
[2018.04.08-18.23.45:540][335]LogEditorViewport: Clicking on Actor (LMB): TriggerVolume (TriggerVolume)
[2018.04.08-18.24.27:322][251]LogEditorViewport: Clicking on Actor (context menu): StaticMeshActor (Floor)
[2018.04.08-18.24.27:387][251]LogSlate: FSceneViewport::OnFocusLost() reason 2
[2018.04.08-18.24.33:417][683]LogSlate: FSceneViewport::OnFocusLost() reason 0
[2018.04.08-18.24.34:839][799]LogSlate: FSceneViewport::OnFocusLost() reason 0
[2018.04.08-18.25.24:325][861]LogSlate: FSceneViewport::OnFocusLost() reason 2
[2018.04.08-18.25.37:567][707]LogSlate: FSceneViewport::OnFocusLost() reason 0
[2018.04.08-18.26.42:747][ 92]LogSlate: FSceneViewport::OnFocusLost() reason 0
[2018.04.08-18.27.03:693][894]LogSlate: FSceneViewport::OnFocusLost() reason 0
[2018.04.08-18.27.29:201][278]LogSlate: FSceneViewport::OnFocusLost() reason 2
[2018.04.08-18.27.40:124][243]LogSlate: Window 'Color Picker' being destroyed
[2018.04.08-18.27.55:707][582]LogEditorViewport: Clicking on Actor (LMB): StaticMeshActor (SM_Door2)
[2018.04.08-18.27.57:565][732]LogSlate: FSceneViewport::OnFocusLost() reason 0
[2018.04.08-18.28.23:614][960]LogSavePackage: Save=43.38ms
[2018.04.08-18.28.23:614][960]LogSavePackage: Moving '../../../../../../Users/dpony/Documents/Unreal Projects/Unreal-Tutorials-1/BuildingEscape/Saved/NewMap_Auto26A8A785749FB45C5E59B08AADE46E21F.tmp' to '../../../../../../Users/dpony/Documents/Unreal Projects/Unreal-Tutorials-1/BuildingEscape/Saved/Autosaves/Game/NewMap_Auto2.umap'
[2018.04.08-18.28.23:617][960]LogSavePackage: Display: Finished SavePackage ../../../../../../Users/dpony/Documents/Unreal Projects/Unreal-Tutorials-1/BuildingEscape/Saved/Autosaves/Game/NewMap_Auto2.umap
[2018.04.08-18.28.23:620][960]LogFileHelpers: Editor autosave (incl. sublevels) for '/Game/NewMap' took 0.086
[2018.04.08-18.28.23:621][960]LogFileHelpers: Editor autosave (incl. sublevels) for all levels took 0.086
[2018.04.08-18.52.17:819][263]LogHotReload: New module detected: UE4Editor-BuildingEscape-6750.dll
[2018.04.08-18.52.18:842][267]LogHotReload: Starting Hot-Reload from IDE
[2018.04.08-18.52.18:909][267]LogClass: Could not find existing class OpenDoor in package /Script/BuildingEscape for HotReload, assuming new class
[2018.04.08-18.52.18:913][267]LogHotReload: Re-instancing OpenDoor after hot-reload.
[2018.04.08-18.52.18:987][267]LogContentBrowser: Native class hierarchy updated for 'BuildingEscape' in 0.0019 seconds. Added 2 classes and 2 folders.
[2018.04.08-18.52.18:990][267]Display: HotReload successful (0 functions remapped  0 scriptstructs remapped)
[2018.04.08-18.52.19:045][267]LogContentBrowser: Native class hierarchy populated in 0.0138 seconds. Added 2455 classes and 562 folders.
[2018.04.08-18.52.19:058][267]Display: HotReload took  0.2s.
[2018.04.08-18.53.31:152][483]LogHotReload: New module detected: UE4Editor-BuildingEscape-3397.dll
[2018.04.08-18.53.32:176][487]LogHotReload: Starting Hot-Reload from IDE
[2018.04.08-18.53.32:224][487]LogClass: Could not find existing class OpenDoor in package /Script/BuildingEscape for HotReload, assuming new class
[2018.04.08-18.53.32:228][487]LogHotReload: Re-instancing OpenDoor after hot-reload.
[2018.04.08-18.53.32:275][487]LogContentBrowser: Native class hierarchy updated for 'BuildingEscape' in 0.0009 seconds. Added 2 classes and 2 folders.
[2018.04.08-18.53.32:277][487]Display: HotReload successful (0 functions remapped  0 scriptstructs remapped)
[2018.04.08-18.53.32:319][487]LogContentBrowser: Native class hierarchy populated in 0.0106 seconds. Added 2455 classes and 562 folders.
[2018.04.08-18.53.32:330][487]Display: HotReload took  0.2s.
[2018.04.08-18.54.08:486][595]LogHotReload: New module detected: UE4Editor-BuildingEscape-3802.dll
[2018.04.08-18.54.09:835][600]LogHotReload: Starting Hot-Reload from IDE
[2018.04.08-18.54.09:879][600]LogContentBrowser: Native class hierarchy updated for 'BuildingEscape' in 0.0008 seconds. Added 2 classes and 2 folders.
[2018.04.08-18.54.09:880][600]Display: HotReload successful (0 functions remapped  0 scriptstructs remapped)
[2018.04.08-18.54.09:920][600]LogContentBrowser: Native class hierarchy populated in 0.0106 seconds. Added 2455 classes and 562 folders.
[2018.04.08-18.54.09:932][600]Display: HotReload took  0.1s.
[2018.04.08-18.55.44:819][884]LogHotReload: New module detected: UE4Editor-BuildingEscape-3033.dll
[2018.04.08-18.55.46:183][889]LogHotReload: Starting Hot-Reload from IDE
[2018.04.08-18.55.46:249][889]LogClass: Could not find existing class OpenDoor in package /Script/BuildingEscape for HotReload, assuming new class
[2018.04.08-18.55.46:253][889]LogHotReload: Re-instancing OpenDoor after hot-reload.
[2018.04.08-18.55.46:317][889]LogContentBrowser: Native class hierarchy updated for 'BuildingEscape' in 0.0012 seconds. Added 2 classes and 2 folders.
[2018.04.08-18.55.46:320][889]Display: HotReload successful (0 functions remapped  0 scriptstructs remapped)
[2018.04.08-18.55.46:362][889]LogContentBrowser: Native class hierarchy populated in 0.0112 seconds. Added 2455 classes and 562 folders.
[2018.04.08-18.55.46:373][889]Display: HotReload took  0.2s.
[2018.04.08-18.57.51:154][263]LogHotReload: New module detected: UE4Editor-BuildingEscape-2242.dll
[2018.04.08-18.57.52:515][268]LogHotReload: Starting Hot-Reload from IDE
[2018.04.08-18.57.52:571][268]LogClass: Could not find existing class OpenDoor in package /Script/BuildingEscape for HotReload, assuming new class
[2018.04.08-18.57.52:575][268]LogHotReload: Re-instancing OpenDoor after hot-reload.
[2018.04.08-18.57.52:640][268]LogContentBrowser: Native class hierarchy updated for 'BuildingEscape' in 0.0019 seconds. Added 2 classes and 2 folders.
[2018.04.08-18.57.52:643][268]Display: HotReload successful (0 functions remapped  0 scriptstructs remapped)
[2018.04.08-18.57.52:710][268]LogContentBrowser: Native class hierarchy populated in 0.0174 seconds. Added 2455 classes and 562 folders.
[2018.04.08-18.57.52:729][268]Display: HotReload took  0.2s.
[2018.04.08-18.59.27:256][559]LogEditorViewport: Clicking on Actor (context menu): StaticMeshActor (Floor)
[2018.04.08-18.59.27:345][559]LogSlate: FSceneViewport::OnFocusLost() reason 2
[2018.04.08-18.59.30:979][830]LogSlate: FSceneViewport::OnFocusLost() reason 0
[2018.04.08-18.59.45:529][300]LogHotReload: New module detected: UE4Editor-BuildingEscape-9946.dll
[2018.04.08-18.59.46:894][305]LogHotReload: Starting Hot-Reload from IDE
[2018.04.08-18.59.46:979][305]LogContentBrowser: Native class hierarchy updated for 'BuildingEscape' in 0.0009 seconds. Added 2 classes and 2 folders.
[2018.04.08-18.59.46:981][305]Display: HotReload successful (0 functions remapped  0 scriptstructs remapped)
[2018.04.08-18.59.47:033][305]LogContentBrowser: Native class hierarchy populated in 0.0136 seconds. Added 2455 classes and 562 folders.
[2018.04.08-18.59.47:045][305]Display: HotReload took  0.2s.
[2018.04.08-18.59.54:235][329]LogEditorViewport: Clicking on Actor (context menu): StaticMeshActor (Floor)
[2018.04.08-18.59.54:276][329]LogSlate: FSceneViewport::OnFocusLost() reason 2
[2018.04.08-19.00.01:292][952]LogSlate: FSceneViewport::OnFocusLost() reason 0
[2018.04.08-19.00.01:427][968]LogTemp: Repeating last play command: Selected Viewport
[2018.04.08-19.00.01:441][968]LogPlayLevel: PlayLevel: No blueprints needed recompiling
[2018.04.08-19.00.01:441][968]PIE: New page: PIE session: NewMap (Apr 8, 2018, 3:00:01 AM)
[2018.04.08-19.00.01:441][968]LogPlayLevel: Creating play world package: /Game/UEDPIE_0_NewMap
[2018.04.08-19.00.01:445][968]LogPlayLevel: PIE: StaticDuplicateObject took: (0.003647s)
[2018.04.08-19.00.01:446][968]LogAIModule: Creating AISystem for world NewMap
[2018.04.08-19.00.01:446][968]LogPlayLevel: PIE: World Init took: (0.001191s)
[2018.04.08-19.00.01:447][968]LogPlayLevel: PIE: Created PIE world by copying editor world from /Game/NewMap.NewMap to /Game/UEDPIE_0_NewMap.NewMap (0.005404s)
[2018.04.08-19.00.01:461][968]LogInit: XAudio2 using 'Headphones (2- High Definition Audio Device)' : 2 channels at 48 kHz using 16 bits per sample (channel mask 0x3)
[2018.04.08-19.00.01:468][968]LogInit: FAudioDevice initialized.
[2018.04.08-19.00.01:504][968]LogLoad: Game class is 'GameModeBase'
[2018.04.08-19.00.01:506][968]LogWorld: Bringing World /Game/UEDPIE_0_NewMap.NewMap up for play (max tick rate 0) at 2018.04.08-11.00.01
[2018.04.08-19.00.01:506][968]LogWorld: Bringing up level for play took: 0.001434
[2018.04.08-19.00.01:507][968]LogTemp: Warning: SM_Chair_2 POSITION is X=-360.116 Y=328.435 Z=30.000
[2018.04.08-19.00.01:508][968]PIE: Play in editor start time for /Game/UEDPIE_0_NewMap 0.026
[2018.04.08-19.00.03:853][ 70]LogWindows: Error: === Critical error: ===
[2018.04.08-19.00.03:854][ 70]LogWindows: Error: 
[2018.04.08-19.00.03:854][ 70]LogWindows: Error: Fatal error!
[2018.04.08-19.00.03:854][ 70]LogWindows: Error: 
[2018.04.08-19.00.03:854][ 70]LogWindows: Error: Unhandled Exception: EXCEPTION_ACCESS_VIOLATION reading address 0x00000170
[2018.04.08-19.00.03:854][ 70]LogWindows: Error: 
[2018.04.08-19.00.03:854][ 70]LogWindows: Error: [Callstack] 0x0000000084F071A4 UE4Editor-Engine.dll!UnknownFunction []
[2018.04.08-19.00.03:854][ 70]LogWindows: Error: [Callstack] 0x00000000683E1D0B UE4Editor-BuildingEscape-9946.dll!UOpenDoor::TickComponent() [c:\users\dpony\documents\unreal projects\unreal-tutorials-1\buildingescape\source\buildingescape\opendoor.cpp:59]
[2018.04.08-19.00.03:854][ 70]LogWindows: Error: [Callstack] 0x00000000852BD258 UE4Editor-Engine.dll!UnknownFunction []
[2018.04.08-19.00.03:854][ 70]LogWindows: Error: [Callstack] 0x00000000852EFDA4 UE4Editor-Engine.dll!UnknownFunction []
[2018.04.08-19.00.03:854][ 70]LogWindows: Error: [Callstack] 0x0000000085FC64DB UE4Editor-Engine.dll!UnknownFunction []
[2018.04.08-19.00.03:854][ 70]LogWindows: Error: [Callstack] 0x0000000085FCBBB3 UE4Editor-Engine.dll!UnknownFunction []
[2018.04.08-19.00.03:854][ 70]LogWindows: Error: [Callstack] 0x000000009192B723 UE4Editor-Core.dll!UnknownFunction []
[2018.04.08-19.00.03:854][ 70]LogWindows: Error: [Callstack] 0x000000009192BA60 UE4Editor-Core.dll!UnknownFunction []
[2018.04.08-19.00.03:854][ 70]LogWindows: Error: [Callstack] 0x0000000085FEC905 UE4Editor-Engine.dll!UnknownFunction []
[2018.04.08-19.00.03:854][ 70]LogWindows: Error: [Callstack] 0x0000000085FF26B2 UE4Editor-Engine.dll!UnknownFunction []
[2018.04.08-19.00.03:854][ 70]LogWindows: Error: [Callstack] 0x000000008584BAE4 UE4Editor-Engine.dll!UnknownFunction []
[2018.04.08-19.00.03:854][ 70]LogWindows: Error: [Callstack] 0x0000000085857009 UE4Editor-Engine.dll!UnknownFunction []
[2018.04.08-19.00.03:854][ 70]LogWindows: Error: [Callstack] 0x0000000087CBD781 UE4Editor-UnrealEd.dll!UnknownFunction []
[2018.04.08-19.00.03:854][ 70]LogWindows: Error: [Callstack] 0x0000000088559526 UE4Editor-UnrealEd.dll!UnknownFunction []
[2018.04.08-19.00.03:854][ 70]LogWindows: Error: [Callstack] 0x00000000BEB35EAC UE4Editor.exe!UnknownFunction []
[2018.04.08-19.00.03:854][ 70]LogWindows: Error: [Callstack] 0x00000000BEB46BD0 UE4Editor.exe!UnknownFunction []
[2018.04.08-19.00.03:854][ 70]LogWindows: Error: [Callstack] 0x00000000BEB46C4A UE4Editor.exe!UnknownFunction []
[2018.04.08-19.00.03:854][ 70]LogWindows: Error: [Callstack] 0x00000000BEB54149 UE4Editor.exe!UnknownFunction []
[2018.04.08-19.00.03:854][ 70]LogWindows: Error: [Callstack] 0x00000000BEB55B57 UE4Editor.exe!UnknownFunction []
[2018.04.08-19.00.03:854][ 70]LogWindows: Error: [Callstack] 0x00000000C4EF1FE4 KERNEL32.DLL!UnknownFunction []
[2018.04.08-19.00.03:854][ 70]LogWindows: Error: [Callstack] 0x00000000C773EFC1 ntdll.dll!UnknownFunction []
[2018.04.08-19.00.03:854][ 70]LogWindows: Error: [Callstack] 0x00000000C773EFC1 ntdll.dll!UnknownFunction []
[2018.04.08-19.00.03:854][ 70]LogWindows: Error: 
[2018.04.08-19.00.03:865][ 70]LogExit: Executing StaticShutdownAfterError
[2018.04.08-19.00.03:889][ 70]LogWindows: FPlatformMisc::RequestExit(1)
[2018.04.08-19.00.03:890][ 70]Log file closed, 04/08/18 11:00:03
